#
# There is insufficient memory for the Java Runtime Environment to continue.
# Native memory allocation (malloc) failed to allocate 1050976 bytes for Chunk::new
# Possible reasons:
#   The system is out of physical RAM or swap space
#   The process is running with CompressedOops enabled, and the Java Heap may be blocking the growth of the native heap
# Possible solutions:
#   Reduce memory load on the system
#   Increase physical memory or swap space
#   Check if swap backing store is full
#   Decrease Java heap size (-Xmx/-Xms)
#   Decrease number of Java threads
#   Decrease Java thread stack sizes (-Xss)
#   Set larger code cache with -XX:ReservedCodeCacheSize=
#   JVM is running with Unscaled Compressed Oops mode in which the Java heap is
#     placed in the first 4GB address space. The Java Heap base address is the
#     maximum limit for the native heap growth. Please use -XX:HeapBaseMinAddress
#     to set the Java Heap base and to place the Java Heap above 4GB virtual address.
# This output file may be truncated or incomplete.
#
#  Out of Memory Error (allocation.cpp:389), pid=12712, tid=0x000000000000391c
#
# JRE version: OpenJDK Runtime Environment (8.0_242-b01) (build 1.8.0_242-release-1644-b01)
# Java VM: OpenJDK 64-Bit Server VM (25.242-b01 mixed mode windows-amd64 compressed oops)
# Failed to write core dump. Minidumps are not enabled by default on client versions of Windows
#

---------------  T H R E A D  ---------------

Current thread (0x000000001923f000):  JavaThread "C2 CompilerThread1" daemon [_thread_in_native, id=14620, stack(0x0000000019ab0000,0x0000000019bb0000)]

Stack: [0x0000000019ab0000,0x0000000019bb0000]
[error occurred during error reporting (printing stack bounds), id 0xc0000005]

Native frames: (J=compiled Java code, j=interpreted, Vv=VM code, C=native code)


Current CompileTask:
C2:  11389 10257       4       com.android.tools.r8.dex.n::e (704 bytes)


---------------  P R O C E S S  ---------------

Java Threads: ( => current thread )
  0x000000001e836000 JavaThread "ForkJoinPool-1-worker-0" daemon [_thread_blocked, id=10592, stack(0x000000002ad90000,0x000000002ae90000)]
  0x000000001e835000 JavaThread "ForkJoinPool-1-worker-7" daemon [_thread_in_Java, id=6016, stack(0x000000002ac90000,0x000000002ad90000)]
  0x000000001e834800 JavaThread "ForkJoinPool-1-worker-6" daemon [_thread_blocked, id=15708, stack(0x000000002ab90000,0x000000002ac90000)]
  0x000000001e833800 JavaThread "ForkJoinPool-1-worker-5" daemon [_thread_blocked, id=15420, stack(0x000000002aa90000,0x000000002ab90000)]
  0x000000001e833000 JavaThread "ForkJoinPool-1-worker-4" daemon [_thread_blocked, id=7248, stack(0x000000002a990000,0x000000002aa90000)]
  0x00000000212ab800 JavaThread "ForkJoinPool-1-worker-3" daemon [_thread_blocked, id=6352, stack(0x000000002a890000,0x000000002a990000)]
  0x00000000212aa800 JavaThread "ForkJoinPool-1-worker-2" daemon [_thread_blocked, id=9464, stack(0x000000002a790000,0x000000002a890000)]
  0x00000000212aa000 JavaThread "ForkJoinPool-1-worker-1" daemon [_thread_blocked, id=4680, stack(0x000000002a690000,0x000000002a790000)]
  0x00000000212a8800 JavaThread "WorkerExecutor Queue Thread 5" [_thread_blocked, id=10684, stack(0x0000000029f10000,0x000000002a010000)]
  0x00000000212a0000 JavaThread "WorkerExecutor Queue Thread 4" [_thread_blocked, id=13456, stack(0x0000000029610000,0x0000000029710000)]
  0x00000000212a7000 JavaThread "WorkerExecutor Queue Thread 3" [_thread_blocked, id=3912, stack(0x0000000029510000,0x0000000029610000)]
  0x000000002129f800 JavaThread "WorkerExecutor Queue Thread 2" [_thread_blocked, id=3960, stack(0x0000000029410000,0x0000000029510000)]
  0x00000000212a6000 JavaThread "WorkerExecutor Queue" [_thread_blocked, id=14412, stack(0x0000000029310000,0x0000000029410000)]
  0x000000002129e800 JavaThread "ForkJoinPool.commonPool-worker-7" daemon [_thread_blocked, id=1300, stack(0x0000000029210000,0x0000000029310000)]
  0x00000000212a5800 JavaThread "ForkJoinPool.commonPool-worker-6" daemon [_thread_blocked, id=14104, stack(0x0000000029110000,0x0000000029210000)]
  0x00000000212a4800 JavaThread "ForkJoinPool.commonPool-worker-5" daemon [_thread_blocked, id=1244, stack(0x0000000029010000,0x0000000029110000)]
  0x00000000212a2800 JavaThread "ForkJoinPool.commonPool-worker-4" daemon [_thread_blocked, id=13156, stack(0x0000000028f10000,0x0000000029010000)]
  0x00000000212a1000 JavaThread "ForkJoinPool.commonPool-worker-3" daemon [_thread_blocked, id=14688, stack(0x0000000028e10000,0x0000000028f10000)]
  0x000000002129d000 JavaThread "ForkJoinPool.commonPool-worker-2" daemon [_thread_blocked, id=12372, stack(0x0000000028d10000,0x0000000028e10000)]
  0x00000000212a4000 JavaThread "ForkJoinPool.commonPool-worker-1" daemon [_thread_blocked, id=7912, stack(0x0000000028330000,0x0000000028430000)]
  0x00000000212a1800 JavaThread "Cache worker for execution history cache (D:\doucme\esnbooks\.gradle\6.1.1\executionHistory)" [_thread_blocked, id=13520, stack(0x0000000028230000,0x0000000028330000)]
  0x00000000212a3000 JavaThread "Execution worker for ':' Thread 7" [_thread_blocked, id=1468, stack(0x0000000026e90000,0x0000000026f90000)]
  0x000000002129e000 JavaThread "Execution worker for ':' Thread 6" [_thread_blocked, id=2208, stack(0x0000000026d90000,0x0000000026e90000)]
  0x000000001f251000 JavaThread "Execution worker for ':' Thread 5" [_thread_blocked, id=4044, stack(0x0000000026c90000,0x0000000026d90000)]
  0x000000001f252800 JavaThread "Execution worker for ':' Thread 4" [_thread_blocked, id=8372, stack(0x0000000026b90000,0x0000000026c90000)]
  0x000000001f252000 JavaThread "Execution worker for ':' Thread 3" [_thread_blocked, id=5108, stack(0x0000000026a90000,0x0000000026b90000)]
  0x000000001f24e000 JavaThread "Execution worker for ':' Thread 2" [_thread_blocked, id=15900, stack(0x0000000026990000,0x0000000026a90000)]
  0x000000001f250800 JavaThread "Execution worker for ':'" [_thread_blocked, id=4636, stack(0x0000000026890000,0x0000000026990000)]
  0x000000001f24f800 JavaThread "Cache worker for file content cache (D:\doucme\esnbooks\.gradle\6.1.1\fileContent)" [_thread_blocked, id=16040, stack(0x0000000026600000,0x0000000026700000)]
  0x000000001f24d800 JavaThread "Cache worker for file content cache (D:\gradle\caches\6.1.1\fileContent)" [_thread_blocked, id=6684, stack(0x0000000026260000,0x0000000026360000)]
  0x000000001f24f000 JavaThread "Memory manager" [_thread_blocked, id=8084, stack(0x0000000025f60000,0x0000000026060000)]
  0x000000001f24b800 JavaThread "Cache worker for Build Output Cleanup Cache (D:\doucme\esnbooks\.gradle\buildOutputCleanup)" [_thread_blocked, id=2176, stack(0x00000000241d0000,0x00000000242d0000)]
  0x000000001f24b000 JavaThread "Build operations Thread 8" [_thread_blocked, id=8348, stack(0x0000000023cd0000,0x0000000023dd0000)]
  0x000000001f243800 JavaThread "Build operations Thread 7" [_thread_blocked, id=4804, stack(0x0000000023bd0000,0x0000000023cd0000)]
  0x000000001f24a000 JavaThread "Build operations Thread 6" [_thread_blocked, id=6632, stack(0x0000000023ad0000,0x0000000023bd0000)]
  0x000000001f248000 JavaThread "Build operations Thread 5" [_thread_blocked, id=7228, stack(0x0000000023770000,0x0000000023870000)]
  0x000000001f244000 JavaThread "Build operations Thread 4" [_thread_blocked, id=2684, stack(0x0000000023670000,0x0000000023770000)]
  0x000000001f246800 JavaThread "Build operations Thread 3" [_thread_blocked, id=1880, stack(0x0000000023570000,0x0000000023670000)]
  0x000000001f245800 JavaThread "Build operations Thread 2" [_thread_blocked, id=6792, stack(0x0000000023470000,0x0000000023570000)]
  0x000000001f247000 JavaThread "Build operations" [_thread_blocked, id=5096, stack(0x0000000023370000,0x0000000023470000)]
  0x000000001bde1000 JavaThread "Cache worker for execution history cache (D:\gradle\caches\6.1.1\executionHistory)" [_thread_blocked, id=14508, stack(0x0000000021ca0000,0x0000000021da0000)]
  0x000000001bddf800 JavaThread "Cache worker for cache directory md-rule (D:\gradle\caches\6.1.1\md-rule)" [_thread_blocked, id=7144, stack(0x0000000021ba0000,0x0000000021ca0000)]
  0x000000001bde5800 JavaThread "Cache worker for cache directory md-supplier (D:\gradle\caches\6.1.1\md-supplier)" [_thread_blocked, id=13016, stack(0x00000000217e0000,0x00000000218e0000)]
  0x000000001bde4800 JavaThread "Cache worker for file hash cache (D:\doucme\esnbooks\.gradle\6.1.1\fileHashes)" [_thread_blocked, id=15656, stack(0x0000000020710000,0x0000000020810000)]
  0x000000001bde3000 JavaThread "Cache worker for checksums cache (D:\doucme\esnbooks\.gradle\checksums)" [_thread_blocked, id=9872, stack(0x0000000020610000,0x0000000020710000)]
  0x000000001bde4000 JavaThread "Cache worker for file hash cache (D:\gradle\caches\6.1.1\fileHashes)" [_thread_blocked, id=12312, stack(0x000000001db60000,0x000000001dc60000)]
  0x000000001bde0000 JavaThread "File lock request listener" [_thread_in_native, id=14544, stack(0x000000001da60000,0x000000001db60000)]
  0x000000001bddd800 JavaThread "Cache worker for journal cache (D:\gradle\caches\journal-1)" [_thread_blocked, id=5316, stack(0x000000001d960000,0x000000001da60000)]
  0x000000001bcdc000 JavaThread "Thread-9" [_thread_blocked, id=15336, stack(0x000000001d660000,0x000000001d760000)]
  0x000000001bccc800 JavaThread "Stdin handler" [_thread_blocked, id=14308, stack(0x000000001d560000,0x000000001d660000)]
  0x000000001bc66000 JavaThread "Asynchronous log dispatcher for DefaultDaemonConnection: socket connection from /127.0.0.1:51479 to /127.0.0.1:51480" [_thread_blocked, id=12060, stack(0x000000001d360000,0x000000001d460000)]
  0x000000001bccb000 JavaThread "Daemon worker" [_thread_blocked, id=3692, stack(0x000000001d260000,0x000000001d360000)]
  0x000000001bcca800 JavaThread "Cancel handler" [_thread_blocked, id=12076, stack(0x000000001d160000,0x000000001d260000)]
  0x000000001b7be800 JavaThread "Handler for socket connection from /127.0.0.1:51479 to /127.0.0.1:51480" [_thread_in_native, id=13164, stack(0x000000001ce60000,0x000000001cf60000)]
  0x000000001bbe7800 JavaThread "Daemon" [_thread_blocked, id=12548, stack(0x000000001cd60000,0x000000001ce60000)]
  0x000000001bb62800 JavaThread "Daemon periodic checks" [_thread_blocked, id=4988, stack(0x000000001cc60000,0x000000001cd60000)]
  0x000000001bb6d000 JavaThread "Incoming local TCP Connector on port 51479" [_thread_in_native, id=16340, stack(0x000000001cab0000,0x000000001cbb0000)]
  0x000000001bb88000 JavaThread "Daemon health stats" [_thread_blocked, id=1960, stack(0x000000001c990000,0x000000001ca90000)]
  0x00000000192cb000 JavaThread "Service Thread" daemon [_thread_blocked, id=5480, stack(0x0000000019db0000,0x0000000019eb0000)]
  0x0000000019247800 JavaThread "C1 CompilerThread3" daemon [_thread_blocked, id=4480, stack(0x0000000019cb0000,0x0000000019db0000)]
  0x0000000019244800 JavaThread "C2 CompilerThread2" daemon [_thread_in_native, id=15228, stack(0x0000000019bb0000,0x0000000019cb0000)]
=>0x000000001923f000 JavaThread "C2 CompilerThread1" daemon [_thread_in_native, id=14620, stack(0x0000000019ab0000,0x0000000019bb0000)]
  0x000000001923d000 JavaThread "C2 CompilerThread0" daemon [_thread_in_native, id=2940, stack(0x00000000199b0000,0x0000000019ab0000)]
  0x00000000191e9800 JavaThread "Attach Listener" daemon [_thread_blocked, id=256, stack(0x00000000198b0000,0x00000000199b0000)]
  0x00000000191e8800 JavaThread "Signal Dispatcher" daemon [_thread_blocked, id=10656, stack(0x00000000197b0000,0x00000000198b0000)]
  0x00000000191d1000 JavaThread "Finalizer" daemon [_thread_blocked, id=5704, stack(0x00000000196b0000,0x00000000197b0000)]
  0x00000000191d0800 JavaThread "Reference Handler" daemon [_thread_blocked, id=15620, stack(0x00000000195b0000,0x00000000196b0000)]
  0x0000000003522800 JavaThread "main" [_thread_blocked, id=7452, stack(0x0000000003040000,0x0000000003140000)]

Other Threads:
  0x00000000173d6800 VMThread [stack: 0x00000000190b0000,0x00000000191b0000] [id=13028]
  0x00000000192cb800 WatcherThread [stack: 0x0000000019eb0000,0x0000000019fb0000] [id=15980]

VM state:not at safepoint (normal execution)

VM Mutex/Monitor currently owned by a thread: None

heap address: 0x00000000a0000000, size: 1536 MB, Compressed Oops mode: 32-bit
Narrow klass base: 0x0000000000000000, Narrow klass shift: 3
Compressed class space size: 1073741824 Address: 0x0000000100000000

Heap:
 PSYoungGen      total 421376K, used 399405K [0x00000000e0000000, 0x0000000100000000, 0x0000000100000000)
  eden space 394752K, 94% used [0x00000000e0000000,0x00000000f6c0edc0,0x00000000f8180000)
  from space 26624K, 99% used [0x00000000f8180000,0x00000000f9b7c718,0x00000000f9b80000)
  to   space 33792K, 0% used [0x00000000fdf00000,0x00000000fdf00000,0x0000000100000000)
 ParOldGen       total 172032K, used 44381K [0x00000000a0000000, 0x00000000aa800000, 0x00000000e0000000)
  object space 172032K, 25% used [0x00000000a0000000,0x00000000a2b574e0,0x00000000aa800000)
 Metaspace       used 78706K, capacity 83161K, committed 83224K, reserved 1120256K
  class space    used 10918K, capacity 11814K, committed 11824K, reserved 1048576K

Card table byte_map: [0x00000000129e0000,0x0000000012cf0000] byte_map_base: 0x00000000124e0000

Marking Bits: (ParMarkBitMap*) 0x00000000549df030
 Begin Bits: [0x00000000136f0000, 0x0000000014ef0000)
 End Bits:   [0x0000000014ef0000, 0x00000000166f0000)

Polling page: 0x0000000001810000

CodeCache: size=245760Kb used=29069Kb max_used=29459Kb free=216690Kb
 bounds [0x0000000003620000, 0x0000000005300000, 0x0000000012620000]
 total_blobs=10021 nmethods=9178 adapters=754
 compilation: enabled

Compilation events (10 events):
Event: 11.333 Thread 0x0000000019247800 10349       2       com.android.tools.r8.code.Z1::<init> (7 bytes)
Event: 11.333 Thread 0x0000000019247800 nmethod 10349 0x00000000052f6150 code [0x00000000052f62a0, 0x00000000052f6430]
Event: 11.338 Thread 0x0000000019247800 10350       2       com.android.tools.r8.code.J0::<init> (28 bytes)
Event: 11.338 Thread 0x0000000019247800 nmethod 10350 0x00000000052f6590 code [0x00000000052f6700, 0x00000000052f6998]
Event: 11.338 Thread 0x0000000019247800 10351       2       com.android.tools.r8.code.t1::f (9 bytes)
Event: 11.339 Thread 0x0000000019247800 nmethod 10351 0x00000000052f6c10 code [0x00000000052f6d80, 0x00000000052f6f08]
Event: 11.366 Thread 0x0000000019247800 10354       2       com.android.tools.r8.code.r::<init> (7 bytes)
Event: 11.366 Thread 0x0000000019247800 nmethod 10354 0x00000000052ff790 code [0x00000000052ff8e0, 0x00000000052ffa90]
Event: 11.380 Thread 0x000000001923d000 

Event: 11.380 Thread 0x000000001923d000 10340       4       com.android.tools.r8.dex.n::i (590 bytes)

GC Heap History (10 events):
Event: 2.951 GC heap before
{Heap before GC invocations=8 (full 2):
 PSYoungGen      total 249344K, used 9694K [0x00000000e0000000, 0x00000000f0580000, 0x0000000100000000)
  eden space 238080K, 0% used [0x00000000e0000000,0x00000000e0000000,0x00000000ee880000)
  from space 11264K, 86% used [0x00000000efa80000,0x00000000f03f79c0,0x00000000f0580000)
  to   space 14848K, 0% used [0x00000000ee880000,0x00000000ee880000,0x00000000ef700000)
 ParOldGen       total 83968K, used 10194K [0x00000000a0000000, 0x00000000a5200000, 0x00000000e0000000)
  object space 83968K, 12% used [0x00000000a0000000,0x00000000a09f49d8,0x00000000a5200000)
 Metaspace       used 34479K, capacity 35378K, committed 35496K, reserved 1079296K
  class space    used 4722K, capacity 4970K, committed 5040K, reserved 1048576K
Event: 2.986 GC heap after
Heap after GC invocations=8 (full 2):
 PSYoungGen      total 249344K, used 0K [0x00000000e0000000, 0x00000000f0580000, 0x0000000100000000)
  eden space 238080K, 0% used [0x00000000e0000000,0x00000000e0000000,0x00000000ee880000)
  from space 11264K, 0% used [0x00000000efa80000,0x00000000efa80000,0x00000000f0580000)
  to   space 14848K, 0% used [0x00000000ee880000,0x00000000ee880000,0x00000000ef700000)
 ParOldGen       total 116224K, used 16640K [0x00000000a0000000, 0x00000000a7180000, 0x00000000e0000000)
  object space 116224K, 14% used [0x00000000a0000000,0x00000000a10403a8,0x00000000a7180000)
 Metaspace       used 34479K, capacity 35378K, committed 35496K, reserved 1079296K
  class space    used 4722K, capacity 4970K, committed 5040K, reserved 1048576K
}
Event: 5.219 GC heap before
{Heap before GC invocations=9 (full 2):
 PSYoungGen      total 249344K, used 238080K [0x00000000e0000000, 0x00000000f0580000, 0x0000000100000000)
  eden space 238080K, 100% used [0x00000000e0000000,0x00000000ee880000,0x00000000ee880000)
  from space 11264K, 0% used [0x00000000efa80000,0x00000000efa80000,0x00000000f0580000)
  to   space 14848K, 0% used [0x00000000ee880000,0x00000000ee880000,0x00000000ef700000)
 ParOldGen       total 116224K, used 16640K [0x00000000a0000000, 0x00000000a7180000, 0x00000000e0000000)
  object space 116224K, 14% used [0x00000000a0000000,0x00000000a10403a8,0x00000000a7180000)
 Metaspace       used 52312K, capacity 54112K, committed 54320K, reserved 1095680K
  class space    used 6988K, capacity 7429K, committed 7472K, reserved 1048576K
Event: 5.256 GC heap after
Heap after GC invocations=9 (full 2):
 PSYoungGen      total 252928K, used 14844K [0x00000000e0000000, 0x00000000fb300000, 0x0000000100000000)
  eden space 238080K, 0% used [0x00000000e0000000,0x00000000e0000000,0x00000000ee880000)
  from space 14848K, 99% used [0x00000000ee880000,0x00000000ef6ff320,0x00000000ef700000)
  to   space 24064K, 0% used [0x00000000f9b80000,0x00000000f9b80000,0x00000000fb300000)
 ParOldGen       total 116224K, used 30999K [0x00000000a0000000, 0x00000000a7180000, 0x00000000e0000000)
  object space 116224K, 26% used [0x00000000a0000000,0x00000000a1e45eb8,0x00000000a7180000)
 Metaspace       used 52312K, capacity 54112K, committed 54320K, reserved 1095680K
  class space    used 6988K, capacity 7429K, committed 7472K, reserved 1048576K
}
Event: 6.078 GC heap before
{Heap before GC invocations=10 (full 2):
 PSYoungGen      total 252928K, used 70619K [0x00000000e0000000, 0x00000000fb300000, 0x0000000100000000)
  eden space 238080K, 23% used [0x00000000e0000000,0x00000000e3677a30,0x00000000ee880000)
  from space 14848K, 99% used [0x00000000ee880000,0x00000000ef6ff320,0x00000000ef700000)
  to   space 24064K, 0% used [0x00000000f9b80000,0x00000000f9b80000,0x00000000fb300000)
 ParOldGen       total 116224K, used 30999K [0x00000000a0000000, 0x00000000a7180000, 0x00000000e0000000)
  object space 116224K, 26% used [0x00000000a0000000,0x00000000a1e45eb8,0x00000000a7180000)
 Metaspace       used 56883K, capacity 58991K, committed 59160K, reserved 1099776K
  class space    used 7695K, capacity 8240K, committed 8240K, reserved 1048576K
Event: 6.114 GC heap after
Heap after GC invocations=10 (full 2):
 PSYoungGen      total 418816K, used 21263K [0x00000000e0000000, 0x00000000fb780000, 0x0000000100000000)
  eden space 394752K, 0% used [0x00000000e0000000,0x00000000e0000000,0x00000000f8180000)
  from space 24064K, 88% used [0x00000000f9b80000,0x00000000fb043e08,0x00000000fb300000)
  to   space 26624K, 0% used [0x00000000f8180000,0x00000000f8180000,0x00000000f9b80000)
 ParOldGen       total 116224K, used 31007K [0x00000000a0000000, 0x00000000a7180000, 0x00000000e0000000)
  object space 116224K, 26% used [0x00000000a0000000,0x00000000a1e47eb8,0x00000000a7180000)
 Metaspace       used 56883K, capacity 58991K, committed 59160K, reserved 1099776K
  class space    used 7695K, capacity 8240K, committed 8240K, reserved 1048576K
}
Event: 6.114 GC heap before
{Heap before GC invocations=11 (full 3):
 PSYoungGen      total 418816K, used 21263K [0x00000000e0000000, 0x00000000fb780000, 0x0000000100000000)
  eden space 394752K, 0% used [0x00000000e0000000,0x00000000e0000000,0x00000000f8180000)
  from space 24064K, 88% used [0x00000000f9b80000,0x00000000fb043e08,0x00000000fb300000)
  to   space 26624K, 0% used [0x00000000f8180000,0x00000000f8180000,0x00000000f9b80000)
 ParOldGen       total 116224K, used 31007K [0x00000000a0000000, 0x00000000a7180000, 0x00000000e0000000)
  object space 116224K, 26% used [0x00000000a0000000,0x00000000a1e47eb8,0x00000000a7180000)
 Metaspace       used 56883K, capacity 58991K, committed 59160K, reserved 1099776K
  class space    used 7695K, capacity 8240K, committed 8240K, reserved 1048576K
Event: 6.420 GC heap after
Heap after GC invocations=11 (full 3):
 PSYoungGen      total 418816K, used 0K [0x00000000e0000000, 0x00000000fb780000, 0x0000000100000000)
  eden space 394752K, 0% used [0x00000000e0000000,0x00000000e0000000,0x00000000f8180000)
  from space 24064K, 0% used [0x00000000f9b80000,0x00000000f9b80000,0x00000000fb300000)
  to   space 26624K, 0% used [0x00000000f8180000,0x00000000f8180000,0x00000000f9b80000)
 ParOldGen       total 172032K, used 36395K [0x00000000a0000000, 0x00000000aa800000, 0x00000000e0000000)
  object space 172032K, 21% used [0x00000000a0000000,0x00000000a238ad00,0x00000000aa800000)
 Metaspace       used 56848K, capacity 58871K, committed 59160K, reserved 1099776K
  class space    used 7684K, capacity 8220K, committed 8240K, reserved 1048576K
}
Event: 9.268 GC heap before
{Heap before GC invocations=12 (full 3):
 PSYoungGen      total 418816K, used 394752K [0x00000000e0000000, 0x00000000fb780000, 0x0000000100000000)
  eden space 394752K, 100% used [0x00000000e0000000,0x00000000f8180000,0x00000000f8180000)
  from space 24064K, 0% used [0x00000000f9b80000,0x00000000f9b80000,0x00000000fb300000)
  to   space 26624K, 0% used [0x00000000f8180000,0x00000000f8180000,0x00000000f9b80000)
 ParOldGen       total 172032K, used 36395K [0x00000000a0000000, 0x00000000aa800000, 0x00000000e0000000)
  object space 172032K, 21% used [0x00000000a0000000,0x00000000a238ad00,0x00000000aa800000)
 Metaspace       used 69283K, capacity 72575K, committed 72728K, reserved 1112064K
  class space    used 9480K, capacity 10173K, committed 10288K, reserved 1048576K
Event: 9.300 GC heap after
Heap after GC invocations=12 (full 3):
 PSYoungGen      total 421376K, used 26609K [0x00000000e0000000, 0x0000000100000000, 0x0000000100000000)
  eden space 394752K, 0% used [0x00000000e0000000,0x00000000e0000000,0x00000000f8180000)
  from space 26624K, 99% used [0x00000000f8180000,0x00000000f9b7c718,0x00000000f9b80000)
  to   space 33792K, 0% used [0x00000000fdf00000,0x00000000fdf00000,0x0000000100000000)
 ParOldGen       total 172032K, used 44381K [0x00000000a0000000, 0x00000000aa800000, 0x00000000e0000000)
  object space 172032K, 25% used [0x00000000a0000000,0x00000000a2b574e0,0x00000000aa800000)
 Metaspace       used 69283K, capacity 72575K, committed 72728K, reserved 1112064K
  class space    used 9480K, capacity 10173K, committed 10288K, reserved 1048576K
}

Deoptimization events (10 events):
Event: 11.031 Thread 0x000000001e833800 Uncommon trap: reason=unstable_if action=reinterpret pc=0x0000000003febc30 method=java.util.Arrays.hashCode([Ljava/lang/Object;)I @ 1
Event: 11.031 Thread 0x000000001e835000 Uncommon trap: reason=unstable_if action=reinterpret pc=0x0000000003febc30 method=java.util.Arrays.hashCode([Ljava/lang/Object;)I @ 1
Event: 11.031 Thread 0x000000001e833000 Uncommon trap: reason=unstable_if action=reinterpret pc=0x0000000003febc30 method=java.util.Arrays.hashCode([Ljava/lang/Object;)I @ 1
Event: 11.031 Thread 0x00000000212aa000 Uncommon trap: reason=unstable_if action=reinterpret pc=0x0000000003febc30 method=java.util.Arrays.hashCode([Ljava/lang/Object;)I @ 1
Event: 11.031 Thread 0x00000000212ab800 Uncommon trap: reason=unstable_if action=reinterpret pc=0x0000000003febc30 method=java.util.Arrays.hashCode([Ljava/lang/Object;)I @ 1
Event: 11.031 Thread 0x00000000212aa800 Uncommon trap: reason=unstable_if action=reinterpret pc=0x0000000003febc30 method=java.util.Arrays.hashCode([Ljava/lang/Object;)I @ 1
Event: 11.049 Thread 0x000000001e833000 Uncommon trap: reason=unstable_if action=reinterpret pc=0x0000000004af1210 method=java.util.concurrent.ConcurrentLinkedQueue.offer(Ljava/lang/Object;)Z @ 40
Event: 11.053 Thread 0x000000001e833800 Uncommon trap: reason=unstable_if action=reinterpret pc=0x00000000049fd390 method=java.util.concurrent.ConcurrentLinkedQueue.offer(Ljava/lang/Object;)Z @ 40
Event: 11.136 Thread 0x000000001e835000 Uncommon trap: reason=unstable_if action=reinterpret pc=0x000000000528c8ac method=com.android.tools.r8.dex.n.i()Lcom/android/tools/r8/graph/h0; @ 29
Event: 11.174 Thread 0x000000001bb62800 Uncommon trap: reason=speculate_class_check action=maybe_recompile pc=0x0000000004a989d8 method=java.util.AbstractList.listIterator()Ljava/util/ListIterator; @ 2

Classes redefined (0 events):
No events

Internal exceptions (10 events):
Event: 10.669 Thread 0x000000001f250800 Exception <a 'java/lang/NoSuchMethodError': <clinit>> (0x00000000efb2e8b0) thrown at [C:\src\AOSP-openjdk-git\hotspot\src\share\vm\prims\jni.cpp, line 1615]
Event: 10.801 Thread 0x00000000212a0000 Exception <a 'sun/nio/fs/WindowsException'> (0x00000000f0f7f5e0) thrown at [C:\src\AOSP-openjdk-git\hotspot\src\share\vm\prims\jni.cpp, line 710]
Event: 11.031 Thread 0x000000001e833000 Implicit null exception at 0x0000000003febb2f to 0x0000000003febc21
Event: 11.031 Thread 0x000000001e834800 Implicit null exception at 0x0000000003febb2f to 0x0000000003febc21
Event: 11.031 Thread 0x000000001e836000 Implicit null exception at 0x0000000003febb2f to 0x0000000003febc21
Event: 11.031 Thread 0x000000001e833800 Implicit null exception at 0x0000000003febb2f to 0x0000000003febc21
Event: 11.031 Thread 0x000000001e835000 Implicit null exception at 0x0000000003febb2f to 0x0000000003febc21
Event: 11.031 Thread 0x00000000212ab800 Implicit null exception at 0x0000000003febb2f to 0x0000000003febc21
Event: 11.031 Thread 0x00000000212aa000 Implicit null exception at 0x0000000003febb2f to 0x0000000003febc21
Event: 11.031 Thread 0x00000000212aa800 Implicit null exception at 0x0000000003febb2f to 0x0000000003febc21

Events (10 events):
Event: 11.375 Thread 0x000000001923d000 flushing nmethod 0x00000000048b1550
Event: 11.375 Thread 0x000000001923d000 flushing nmethod 0x00000000048b9750
Event: 11.375 Thread 0x000000001923d000 flushing nmethod 0x00000000048b9a90
Event: 11.375 Thread 0x000000001923d000 flushing nmethod 0x00000000048dd6d0
Event: 11.375 Thread 0x000000001923d000 flushing nmethod 0x00000000048dfdd0
Event: 11.375 Thread 0x000000001923d000 flushing nmethod 0x000000000490d0d0
Event: 11.375 Thread 0x000000001923d000 flushing nmethod 0x0000000004928450
Event: 11.375 Thread 0x000000001923d000 flushing nmethod 0x000000000495f4d0
Event: 11.375 Thread 0x000000001923d000 flushing nmethod 0x0000000004976990
Event: 11.375 Thread 0x000000001923d000 flushing nmethod 0x0000000004979790


Dynamic libraries:
0x00007ff677db0000 - 0x00007ff677de1000 	D:\doucme\1\appinstall\android-studio-ide-202.6939830-windows\as\jre\bin\java.exe
0x00007ffe19360000 - 0x00007ffe19541000 	C:\WINDOWS\SYSTEM32\ntdll.dll
0x00007ffe17100000 - 0x00007ffe171b1000 	C:\WINDOWS\System32\KERNEL32.DLL
0x00007ffe15e80000 - 0x00007ffe160f3000 	C:\WINDOWS\System32\KERNELBASE.dll
0x00007ffe17470000 - 0x00007ffe17511000 	C:\WINDOWS\System32\ADVAPI32.dll
0x00007ffe173d0000 - 0x00007ffe1746e000 	C:\WINDOWS\System32\msvcrt.dll
0x00007ffe192c0000 - 0x00007ffe1931b000 	C:\WINDOWS\System32\sechost.dll
0x00007ffe17c10000 - 0x00007ffe17d34000 	C:\WINDOWS\System32\RPCRT4.dll
0x00007ffe16d20000 - 0x00007ffe16eb1000 	C:\WINDOWS\System32\USER32.dll
0x00007ffe164f0000 - 0x00007ffe16510000 	C:\WINDOWS\System32\win32u.dll
0x00007ffe171c0000 - 0x00007ffe171e8000 	C:\WINDOWS\System32\GDI32.dll
0x00007ffe161b0000 - 0x00007ffe16343000 	C:\WINDOWS\System32\gdi32full.dll
0x00007ffe16350000 - 0x00007ffe163ef000 	C:\WINDOWS\System32\msvcp_win.dll
0x00007ffe163f0000 - 0x00007ffe164e8000 	C:\WINDOWS\System32\ucrtbase.dll
0x00007ffe096d0000 - 0x00007ffe09939000 	C:\WINDOWS\WinSxS\amd64_microsoft.windows.common-controls_6595b64144ccf1df_6.0.17134.1845_none_d3ffcfc77c905a82\COMCTL32.dll
0x00007ffe17870000 - 0x00007ffe17b91000 	C:\WINDOWS\System32\combase.dll
0x00007ffe16750000 - 0x00007ffe167c9000 	C:\WINDOWS\System32\bcryptPrimitives.dll
0x00007ffe17840000 - 0x00007ffe1786d000 	C:\WINDOWS\System32\IMM32.DLL
0x0000000054030000 - 0x0000000054102000 	D:\doucme\1\appinstall\android-studio-ide-202.6939830-windows\as\jre\jre\bin\msvcr100.dll
0x0000000054210000 - 0x0000000054a5b000 	D:\doucme\1\appinstall\android-studio-ide-202.6939830-windows\as\jre\jre\bin\server\jvm.dll
0x00007ffe19320000 - 0x00007ffe19328000 	C:\WINDOWS\System32\PSAPI.DLL
0x00007ffe134f0000 - 0x00007ffe13513000 	C:\WINDOWS\SYSTEM32\WINMM.dll
0x00007ffdf9c10000 - 0x00007ffdf9c19000 	C:\WINDOWS\SYSTEM32\WSOCK32.dll
0x00007ffe0faa0000 - 0x00007ffe0faaa000 	C:\WINDOWS\SYSTEM32\VERSION.dll
0x00007ffe17340000 - 0x00007ffe173ac000 	C:\WINDOWS\System32\WS2_32.dll
0x00007ffe133e0000 - 0x00007ffe1340a000 	C:\WINDOWS\SYSTEM32\winmmbase.dll
0x00007ffe16510000 - 0x00007ffe16559000 	C:\WINDOWS\System32\cfgmgr32.dll
0x00007ffdf8370000 - 0x00007ffdf837f000 	D:\doucme\1\appinstall\android-studio-ide-202.6939830-windows\as\jre\jre\bin\verify.dll
0x00007ffdeb520000 - 0x00007ffdeb549000 	D:\doucme\1\appinstall\android-studio-ide-202.6939830-windows\as\jre\jre\bin\java.dll
0x00007ffdf2860000 - 0x00007ffdf2876000 	D:\doucme\1\appinstall\android-studio-ide-202.6939830-windows\as\jre\jre\bin\zip.dll
0x00007ffe17df0000 - 0x00007ffe19235000 	C:\WINDOWS\System32\SHELL32.dll
0x00007ffe17d40000 - 0x00007ffe17de9000 	C:\WINDOWS\System32\shcore.dll
0x00007ffe15760000 - 0x00007ffe15e75000 	C:\WINDOWS\System32\windows.storage.dll
0x00007ffe16cc0000 - 0x00007ffe16d11000 	C:\WINDOWS\System32\shlwapi.dll
0x00007ffe156e0000 - 0x00007ffe156f1000 	C:\WINDOWS\System32\kernel.appcore.dll
0x00007ffe156a0000 - 0x00007ffe156bf000 	C:\WINDOWS\System32\profapi.dll
0x00007ffe15650000 - 0x00007ffe1569c000 	C:\WINDOWS\System32\powrprof.dll
0x00007ffe15640000 - 0x00007ffe1564a000 	C:\WINDOWS\System32\FLTLIB.DLL
0x00007ffde0bb0000 - 0x00007ffde0bca000 	D:\doucme\1\appinstall\android-studio-ide-202.6939830-windows\as\jre\jre\bin\net.dll
0x00007ffe14ec0000 - 0x00007ffe14f26000 	C:\WINDOWS\system32\mswsock.dll
0x00007ffdda950000 - 0x00007ffdda963000 	D:\doucme\1\appinstall\android-studio-ide-202.6939830-windows\as\jre\jre\bin\nio.dll
0x00007ffe07790000 - 0x00007ffe077b6000 	D:\gradle\native\31\windows-amd64\native-platform.dll
0x00007ffdeb3b0000 - 0x00007ffdeb3bd000 	D:\doucme\1\appinstall\android-studio-ide-202.6939830-windows\as\jre\jre\bin\management.dll
0x00007ffe15070000 - 0x00007ffe15087000 	C:\WINDOWS\SYSTEM32\CRYPTSP.dll
0x00007ffe14a70000 - 0x00007ffe14aa3000 	C:\WINDOWS\system32\rsaenh.dll
0x00007ffe151a0000 - 0x00007ffe151c5000 	C:\WINDOWS\SYSTEM32\bcrypt.dll
0x00007ffe15540000 - 0x00007ffe15568000 	C:\WINDOWS\SYSTEM32\USERENV.dll
0x00007ffe15090000 - 0x00007ffe1509b000 	C:\WINDOWS\SYSTEM32\CRYPTBASE.dll
0x00007ffe14c10000 - 0x00007ffe14c48000 	C:\WINDOWS\SYSTEM32\IPHLPAPI.DLL
0x00007ffe17020000 - 0x00007ffe17028000 	C:\WINDOWS\System32\NSI.dll
0x00007ffe0fa80000 - 0x00007ffe0fa96000 	C:\WINDOWS\SYSTEM32\dhcpcsvc6.DLL
0x00007ffe0fd30000 - 0x00007ffe0fd4a000 	C:\WINDOWS\SYSTEM32\dhcpcsvc.DLL

VM Arguments:
jvm_args: -Xmx1536m -Dfile.encoding=GBK -Duser.country=CN -Duser.language=zh -Duser.variant 
java_command: org.gradle.launcher.daemon.bootstrap.GradleDaemon 6.1.1
java_class_path (initial): D:\gradle\wrapper\dists\gradle-6.1.1-all\cfmwm155h49vnt3hynmlrsdst\gradle-6.1.1\lib\gradle-launcher-6.1.1.jar
Launcher Type: SUN_STANDARD

Environment Variables:
JAVA_HOME=C:\Program Files (x86)\Java\jdk1.8.0_261
JRE_HOME=C:\Program Files (x86)\Java\jre1.8.0_261
CLASSPATH=C:\Program Files (x86)\Apache Software Foundation\Tomcat 9.0\lib\servlet-api.jar
PATH=C:\Program Files (x86)\Common Files\Oracle\Java\javapath;C:\WINDOWS\system32;C:\WINDOWS;C:\WINDOWS\System32\Wbem;C:\WINDOWS\System32\WindowsPowerShell\v1.0\;C:\WINDOWS\System32\OpenSSH\;C:\Program Files\nodejs\;C:\Program Files (x86)\Java\jdk1.8.0_261\bin;C:\Program Files (x86)\Java\jdk1.8.0_261\jre\bin;C:\Program Files (x86)\Apache Software Foundation\Tomcat 9.0\bin;C:\Program Files (x86)\Apache Software Foundation\Tomcat 9.0\lib;"C:\Program Files (x86)\Java\jdk1.8.0_261\bin;";C:\Users\ziyu\AppData\Local\Android\Sdk\tools;C:\Users\ziyu\AppData\Local\Android\Sdk\platform-tools;C:\Program Files\Git\cmd;D:\doucme\1\appinstall\groovy-2.4.9\bin;C:\Users\ziyu\AppData\Local\Programs\Python\Python39\Scripts\;C:\Users\ziyu\AppData\Local\Programs\Python\Python39\;C:\Users\ziyu\AppData\Local\Microsoft\WindowsApps;;C:\Program Files\JetBrains\IntelliJ IDEA Community Edition 2020.1.3\bin;;C:\Users\ziyu\AppData\Roaming\npm;C:\Program Files\JetBrains\IntelliJ IDEA 2020.1\bin;;D:\doucme\Microsoft VS Code\bin
USERNAME=ziyu
OS=Windows_NT
PROCESSOR_IDENTIFIER=Intel64 Family 6 Model 142 Stepping 10, GenuineIntel



---------------  S Y S T E M  ---------------

OS: Windows 10.0 , 64 bit Build 17134 (10.0.17134.1425)

CPU:total 8 (initial active 8) (4 cores per cpu, 2 threads per core) family 6 model 142 stepping 10, cmov, cx8, fxsr, mmx, sse, sse2, sse3, ssse3, sse4.1, sse4.2, popcnt, avx, avx2, aes, clmul, erms, 3dnowpref, lzcnt, ht, tsc, tscinvbit, bmi1, bmi2, adx

Memory: 4k page, physical 16658532k(1611040k free), swap 24401924k(5176k free)

vm_info: OpenJDK 64-Bit Server VM (25.242-b01) for windows-amd64 JRE (1.8.0_242-release-1644-b01), built by "builder" with MS VC++ 10.0 (VS2010)

time: Sat Dec 12 18:31:21 2020
timezone: 中国标准时间
elapsed time: 11 seconds (0d 0h 0m 11s)

