#
# There is insufficient memory for the Java Runtime Environment to continue.
# Native memory allocation (malloc) failed to allocate 131088 bytes for Chunk::new
# Possible reasons:
#   The system is out of physical RAM or swap space
#   The process is running with CompressedOops enabled, and the Java Heap may be blocking the growth of the native heap
# Possible solutions:
#   Reduce memory load on the system
#   Increase physical memory or swap space
#   Check if swap backing store is full
#   Decrease Java heap size (-Xmx/-Xms)
#   Decrease number of Java threads
#   Decrease Java thread stack sizes (-Xss)
#   Set larger code cache with -XX:ReservedCodeCacheSize=
#   JVM is running with Unscaled Compressed Oops mode in which the Java heap is
#     placed in the first 4GB address space. The Java Heap base address is the
#     maximum limit for the native heap growth. Please use -XX:HeapBaseMinAddress
#     to set the Java Heap base and to place the Java Heap above 4GB virtual address.
# This output file may be truncated or incomplete.
#
#  Out of Memory Error (allocation.cpp:389), pid=1408, tid=0x0000000000003444
#
# JRE version: OpenJDK Runtime Environment (8.0_242-b01) (build 1.8.0_242-release-1644-b01)
# Java VM: OpenJDK 64-Bit Server VM (25.242-b01 mixed mode windows-amd64 compressed oops)
# Failed to write core dump. Minidumps are not enabled by default on client versions of Windows
#

---------------  T H R E A D  ---------------

Current thread (0x0000000018cff800):  JavaThread "C2 CompilerThread1" daemon [_thread_in_native, id=13380, stack(0x0000000019570000,0x0000000019670000)]

Stack: [0x0000000019570000,0x0000000019670000]
[error occurred during error reporting (printing stack bounds), id 0xc0000005]

Native frames: (J=compiled Java code, j=interpreted, Vv=VM code, C=native code)


Current CompileTask:
C2:  17476 9707       4       org.gradle.api.internal.artifacts.transform.ConsumerProvidedVariantFinder::matchAttributes (68 bytes)


---------------  P R O C E S S  ---------------

Java Threads: ( => current thread )
  0x000000001a611000 JavaThread "ForkJoinPool.commonPool-worker-7" daemon [_thread_in_native, id=13832, stack(0x00000000295e0000,0x00000000296e0000)]
  0x000000001a610000 JavaThread "ForkJoinPool.commonPool-worker-6" daemon [_thread_in_Java, id=11532, stack(0x00000000294e0000,0x00000000295e0000)]
  0x000000001a60f800 JavaThread "ForkJoinPool.commonPool-worker-5" daemon [_thread_in_native_trans, id=11428, stack(0x00000000293e0000,0x00000000294e0000)]
  0x000000001a614000 JavaThread "ForkJoinPool.commonPool-worker-4" daemon [_thread_in_native, id=5240, stack(0x00000000292e0000,0x00000000293e0000)]
  0x000000001a60b800 JavaThread "ForkJoinPool.commonPool-worker-3" daemon [_thread_in_native, id=280, stack(0x00000000291e0000,0x00000000292e0000)]
  0x000000001a611800 JavaThread "ForkJoinPool.commonPool-worker-2" daemon [_thread_in_Java, id=7348, stack(0x00000000290e0000,0x00000000291e0000)]
  0x000000001a60c800 JavaThread "ForkJoinPool.commonPool-worker-1" daemon [_thread_in_native, id=14264, stack(0x0000000028fe0000,0x00000000290e0000)]
  0x00000000219fa800 JavaThread "RMI TCP Connection(1)-127.0.0.1" daemon [_thread_in_native, id=16100, stack(0x0000000028ee0000,0x0000000028fe0000)]
  0x00000000219fd000 JavaThread "RMI Reaper" [_thread_blocked, id=14604, stack(0x0000000028de0000,0x0000000028ee0000)]
  0x00000000219fb800 JavaThread "RMI TCP Accept-0" daemon [_thread_in_native, id=7368, stack(0x0000000028ce0000,0x0000000028de0000)]
  0x00000000219fc000 JavaThread "GC Daemon" daemon [_thread_blocked, id=7232, stack(0x0000000028be0000,0x0000000028ce0000)]
  0x00000000219f0000 JavaThread "RMI RenewClean-[127.0.0.1:17314,org.jetbrains.kotlin.daemon.common.LoopbackNetworkInterface$ClientLoopbackSocketFactory@52ab1099]" daemon [_thread_blocked, id=3224, stack(0x0000000028ae0000,0x0000000028be0000)]
  0x00000000219f7000 JavaThread "RMI Scheduler(0)" daemon [_thread_blocked, id=10116, stack(0x00000000289e0000,0x0000000028ae0000)]
  0x00000000219f9000 JavaThread "stdout" [_thread_in_native, id=4412, stack(0x00000000284e0000,0x00000000285e0000)]
  0x00000000219ee800 JavaThread "stderr" [_thread_in_native, id=15460, stack(0x00000000283e0000,0x00000000284e0000)]
  0x00000000219f5800 JavaThread "pool-2-thread-1" [_thread_blocked, id=13712, stack(0x00000000282e0000,0x00000000283e0000)]
  0x00000000219ef800 JavaThread "WorkerExecutor Queue Thread 2" [_thread_blocked, id=10180, stack(0x0000000027fe0000,0x00000000280e0000)]
  0x00000000219f3000 JavaThread "Cache worker for execution history cache (D:\doucme\esnbooks\.gradle\6.1.1\executionHistory)" [_thread_blocked, id=1532, stack(0x00000000267f0000,0x00000000268f0000)]
  0x00000000219f1800 JavaThread "Execution worker for ':' Thread 7" [_thread_blocked, id=12444, stack(0x00000000266f0000,0x00000000267f0000)]
  0x00000000219ee000 JavaThread "Execution worker for ':' Thread 6" [_thread_blocked, id=11604, stack(0x00000000265f0000,0x00000000266f0000)]
  0x0000000019be5800 JavaThread "Execution worker for ':' Thread 5" [_thread_blocked, id=1212, stack(0x00000000264f0000,0x00000000265f0000)]
  0x0000000019be3000 JavaThread "Execution worker for ':' Thread 4" [_thread_blocked, id=10264, stack(0x00000000263f0000,0x00000000264f0000)]
  0x0000000019be7000 JavaThread "Execution worker for ':' Thread 3" [_thread_blocked, id=5004, stack(0x00000000262f0000,0x00000000263f0000)]
  0x0000000019be4800 JavaThread "Execution worker for ':' Thread 2" [_thread_blocked, id=15992, stack(0x00000000261f0000,0x00000000262f0000)]
  0x0000000019be2800 JavaThread "Execution worker for ':'" [_thread_blocked, id=10820, stack(0x0000000025e80000,0x0000000025f80000)]
  0x0000000019be1800 JavaThread "Cache worker for file content cache (D:\doucme\esnbooks\.gradle\6.1.1\fileContent)" [_thread_blocked, id=11820, stack(0x0000000025b80000,0x0000000025c80000)]
  0x0000000019be6000 JavaThread "Cache worker for file content cache (D:\gradle\caches\6.1.1\fileContent)" [_thread_blocked, id=15672, stack(0x0000000025a80000,0x0000000025b80000)]
  0x0000000019be4000 JavaThread "Memory manager" [_thread_blocked, id=15700, stack(0x0000000025980000,0x0000000025a80000)]
  0x0000000019bdd000 JavaThread "Cache worker for Build Output Cleanup Cache (D:\doucme\esnbooks\.gradle\buildOutputCleanup)" [_thread_blocked, id=2976, stack(0x0000000024c80000,0x0000000024d80000)]
  0x0000000019be0800 JavaThread "Build operations Thread 8" [_thread_blocked, id=12580, stack(0x0000000024580000,0x0000000024680000)]
  0x0000000019be0000 JavaThread "Build operations Thread 7" [_thread_blocked, id=232, stack(0x0000000024480000,0x0000000024580000)]
  0x0000000019bdf000 JavaThread "Build operations Thread 6" [_thread_blocked, id=9700, stack(0x0000000024380000,0x0000000024480000)]
  0x0000000019bd7800 JavaThread "Build operations Thread 5" [_thread_blocked, id=4976, stack(0x0000000024280000,0x0000000024380000)]
  0x0000000019bd9000 JavaThread "Build operations Thread 4" [_thread_blocked, id=15444, stack(0x0000000024180000,0x0000000024280000)]
  0x0000000019bda800 JavaThread "Build operations Thread 3" [_thread_blocked, id=12720, stack(0x0000000024080000,0x0000000024180000)]
  0x0000000019bdc000 JavaThread "Build operations Thread 2" [_thread_blocked, id=1832, stack(0x0000000022d50000,0x0000000022e50000)]
  0x0000000019bde800 JavaThread "Build operations" [_thread_blocked, id=11824, stack(0x0000000022c50000,0x0000000022d50000)]
  0x000000001bc2d000 JavaThread "Cache worker for execution history cache (D:\gradle\caches\6.1.1\executionHistory)" [_thread_blocked, id=15480, stack(0x00000000212d0000,0x00000000213d0000)]
  0x000000001bc31000 JavaThread "Cache worker for cache directory md-rule (D:\gradle\caches\6.1.1\md-rule)" [_thread_blocked, id=3640, stack(0x00000000211d0000,0x00000000212d0000)]
  0x000000001bc2c800 JavaThread "Cache worker for cache directory md-supplier (D:\gradle\caches\6.1.1\md-supplier)" [_thread_blocked, id=11984, stack(0x00000000210d0000,0x00000000211d0000)]
  0x000000001bc33000 JavaThread "Cache worker for file hash cache (D:\doucme\esnbooks\.gradle\6.1.1\fileHashes)" [_thread_blocked, id=880, stack(0x0000000020dd0000,0x0000000020ed0000)]
  0x000000001bc30000 JavaThread "Cache worker for checksums cache (D:\doucme\esnbooks\.gradle\checksums)" [_thread_blocked, id=3820, stack(0x000000001fd00000,0x000000001fe00000)]
  0x000000001bc31800 JavaThread "Cache worker for file hash cache (D:\gradle\caches\6.1.1\fileHashes)" [_thread_blocked, id=9320, stack(0x000000001d5c0000,0x000000001d6c0000)]
  0x000000001bc2f800 JavaThread "File lock request listener" [_thread_in_native, id=9732, stack(0x000000001d4c0000,0x000000001d5c0000)]
  0x000000001bc60000 JavaThread "Cache worker for journal cache (D:\gradle\caches\journal-1)" [_thread_blocked, id=5752, stack(0x000000001d3c0000,0x000000001d4c0000)]
  0x000000001b8ac000 JavaThread "Thread-9" [_thread_blocked, id=9664, stack(0x000000001d0c0000,0x000000001d1c0000)]
  0x000000001b8ab800 JavaThread "Stdin handler" [_thread_blocked, id=3892, stack(0x000000001cfc0000,0x000000001d0c0000)]
  0x000000001b8a6000 JavaThread "Asynchronous log dispatcher for DefaultDaemonConnection: socket connection from /127.0.0.1:51460 to /127.0.0.1:51461" [_thread_blocked, id=14332, stack(0x000000001cdc0000,0x000000001cec0000)]
  0x000000001b884000 JavaThread "Daemon worker" [_thread_blocked, id=14268, stack(0x000000001ccc0000,0x000000001cdc0000)]
  0x000000001b883800 JavaThread "Cancel handler" [_thread_blocked, id=5940, stack(0x000000001cbc0000,0x000000001ccc0000)]
  0x000000001b7ed000 JavaThread "Handler for socket connection from /127.0.0.1:51460 to /127.0.0.1:51461" [_thread_in_native, id=2144, stack(0x000000001c8c0000,0x000000001c9c0000)]
  0x000000001b7ec800 JavaThread "Daemon" [_thread_blocked, id=7008, stack(0x000000001c7c0000,0x000000001c8c0000)]
  0x000000001b7e0000 JavaThread "Daemon periodic checks" [_thread_blocked, id=10072, stack(0x000000001c6c0000,0x000000001c7c0000)]
  0x000000001b7db000 JavaThread "Incoming local TCP Connector on port 51460" [_thread_in_native, id=8360, stack(0x000000001c510000,0x000000001c610000)]
  0x000000001b3e1800 JavaThread "Daemon health stats" [_thread_blocked, id=9736, stack(0x000000001c410000,0x000000001c510000)]
  0x0000000018d43000 JavaThread "Service Thread" daemon [_thread_blocked, id=15132, stack(0x0000000019870000,0x0000000019970000)]
  0x0000000018d0d800 JavaThread "C1 CompilerThread3" daemon [_thread_in_native, id=228, stack(0x0000000019770000,0x0000000019870000)]
  0x0000000018d03000 JavaThread "C2 CompilerThread2" daemon [_thread_in_native, id=12392, stack(0x0000000019670000,0x0000000019770000)]
=>0x0000000018cff800 JavaThread "C2 CompilerThread1" daemon [_thread_in_native, id=13380, stack(0x0000000019570000,0x0000000019670000)]
  0x0000000018cfd800 JavaThread "C2 CompilerThread0" daemon [_thread_in_native, id=932, stack(0x0000000019470000,0x0000000019570000)]
  0x0000000018cab000 JavaThread "Attach Listener" daemon [_thread_blocked, id=13964, stack(0x0000000019370000,0x0000000019470000)]
  0x0000000018caa000 JavaThread "Signal Dispatcher" daemon [_thread_blocked, id=3904, stack(0x0000000019270000,0x0000000019370000)]
  0x0000000018c91000 JavaThread "Finalizer" daemon [_thread_blocked, id=12072, stack(0x0000000019170000,0x0000000019270000)]
  0x0000000018c90800 JavaThread "Reference Handler" daemon [_thread_blocked, id=2968, stack(0x0000000019070000,0x0000000019170000)]
  0x0000000002fe2800 JavaThread "main" [_thread_blocked, id=12344, stack(0x0000000002b30000,0x0000000002c30000)]

Other Threads:
  0x0000000016e97000 VMThread [stack: 0x0000000018b70000,0x0000000018c70000] [id=6840]
  0x0000000018d43800 WatcherThread [stack: 0x0000000019970000,0x0000000019a70000] [id=6936]

VM state:not at safepoint (normal execution)

VM Mutex/Monitor currently owned by a thread: None

heap address: 0x00000000a0000000, size: 1536 MB, Compressed Oops mode: 32-bit
Narrow klass base: 0x0000000000000000, Narrow klass shift: 3
Compressed class space size: 1073741824 Address: 0x0000000100000000

Heap:
 PSYoungGen      total 407552K, used 165182K [0x00000000e0000000, 0x0000000100000000, 0x0000000100000000)
  eden space 380928K, 36% used [0x00000000e0000000,0x00000000e874fd20,0x00000000f7400000)
  from space 26624K, 99% used [0x00000000f7400000,0x00000000f8dffea8,0x00000000f8e00000)
  to   space 31744K, 0% used [0x00000000fe100000,0x00000000fe100000,0x0000000100000000)
 ParOldGen       total 177664K, used 40264K [0x00000000a0000000, 0x00000000aad80000, 0x00000000e0000000)
  object space 177664K, 22% used [0x00000000a0000000,0x00000000a2752020,0x00000000aad80000)
 Metaspace       used 74206K, capacity 77654K, committed 78000K, reserved 1116160K
  class space    used 10092K, capacity 10822K, committed 10928K, reserved 1048576K

Card table byte_map: [0x00000000124a0000,0x00000000127b0000] byte_map_base: 0x0000000011fa0000

Marking Bits: (ParMarkBitMap*) 0x00000000549df030
 Begin Bits: [0x00000000131b0000, 0x00000000149b0000)
 End Bits:   [0x00000000149b0000, 0x00000000161b0000)

Polling page: 0x0000000000d60000

CodeCache: size=245760Kb used=27093Kb max_used=27171Kb free=218667Kb
 bounds [0x00000000030e0000, 0x0000000004bc0000, 0x00000000120e0000]
 total_blobs=9365 nmethods=8489 adapters=788
 compilation: enabled

Compilation events (10 events):
Event: 17.461 Thread 0x0000000018d0d800 nmethod 9740 0x0000000003264d90 code [0x0000000003264f00, 0x0000000003265168]
Event: 17.461 Thread 0x0000000018d0d800 9744       2       org.objectweb.asm.MethodVisitor::visitVarInsn (17 bytes)
Event: 17.461 Thread 0x0000000018d0d800 nmethod 9744 0x000000000453f0d0 code [0x000000000453f240, 0x000000000453f3c8]
Event: 17.461 Thread 0x0000000018d0d800 9749       2       org.objectweb.asm.MethodVisitor::visitInsn (16 bytes)
Event: 17.462 Thread 0x0000000018d0d800 nmethod 9749 0x0000000004550690 code [0x0000000004550800, 0x0000000004550988]
Event: 17.462 Thread 0x0000000018d0d800 9786       3       org.objectweb.asm.ClassReader::getFirstAttributeOffset (136 bytes)
Event: 17.462 Thread 0x0000000018d0d800 nmethod 9786 0x0000000003ff51d0 code [0x0000000003ff53c0, 0x0000000003ff5c38]
Event: 17.462 Thread 0x0000000018d0d800 9754       2       org.objectweb.asm.ClassReader::readConst (276 bytes)
Event: 17.465 Thread 0x0000000018d0d800 nmethod 9754 0x000000000481bd90 code [0x000000000481c040, 0x000000000481cee8]
Event: 17.465 Thread 0x0000000018d0d800 9787       3       org.objectweb.asm.ClassReader::accept (1250 bytes)

GC Heap History (10 events):
Event: 3.245 GC heap before
{Heap before GC invocations=8 (full 2):
 PSYoungGen      total 246784K, used 9817K [0x00000000e0000000, 0x00000000f0300000, 0x0000000100000000)
  eden space 235520K, 0% used [0x00000000e0000000,0x00000000e0000000,0x00000000ee600000)
  from space 11264K, 87% used [0x00000000ef800000,0x00000000f01967b0,0x00000000f0300000)
  to   space 14848K, 0% used [0x00000000ee600000,0x00000000ee600000,0x00000000ef480000)
 ParOldGen       total 84992K, used 10044K [0x00000000a0000000, 0x00000000a5300000, 0x00000000e0000000)
  object space 84992K, 11% used [0x00000000a0000000,0x00000000a09cf0d0,0x00000000a5300000)
 Metaspace       used 34422K, capacity 35386K, committed 35496K, reserved 1079296K
  class space    used 4717K, capacity 4970K, committed 5040K, reserved 1048576K
Event: 3.281 GC heap after
Heap after GC invocations=8 (full 2):
 PSYoungGen      total 246784K, used 0K [0x00000000e0000000, 0x00000000f0300000, 0x0000000100000000)
  eden space 235520K, 0% used [0x00000000e0000000,0x00000000e0000000,0x00000000ee600000)
  from space 11264K, 0% used [0x00000000ef800000,0x00000000ef800000,0x00000000f0300000)
  to   space 14848K, 0% used [0x00000000ee600000,0x00000000ee600000,0x00000000ef480000)
 ParOldGen       total 119808K, used 16707K [0x00000000a0000000, 0x00000000a7500000, 0x00000000e0000000)
  object space 119808K, 13% used [0x00000000a0000000,0x00000000a1050c30,0x00000000a7500000)
 Metaspace       used 34422K, capacity 35386K, committed 35496K, reserved 1079296K
  class space    used 4717K, capacity 4970K, committed 5040K, reserved 1048576K
}
Event: 5.286 GC heap before
{Heap before GC invocations=9 (full 2):
 PSYoungGen      total 246784K, used 235520K [0x00000000e0000000, 0x00000000f0300000, 0x0000000100000000)
  eden space 235520K, 100% used [0x00000000e0000000,0x00000000ee600000,0x00000000ee600000)
  from space 11264K, 0% used [0x00000000ef800000,0x00000000ef800000,0x00000000f0300000)
  to   space 14848K, 0% used [0x00000000ee600000,0x00000000ee600000,0x00000000ef480000)
 ParOldGen       total 119808K, used 16707K [0x00000000a0000000, 0x00000000a7500000, 0x00000000e0000000)
  object space 119808K, 13% used [0x00000000a0000000,0x00000000a1050c30,0x00000000a7500000)
 Metaspace       used 52198K, capacity 54044K, committed 54064K, reserved 1095680K
  class space    used 6965K, capacity 7455K, committed 7472K, reserved 1048576K
Event: 5.309 GC heap after
Heap after GC invocations=9 (full 2):
 PSYoungGen      total 250368K, used 14820K [0x00000000e0000000, 0x00000000fa780000, 0x0000000100000000)
  eden space 235520K, 0% used [0x00000000e0000000,0x00000000e0000000,0x00000000ee600000)
  from space 14848K, 99% used [0x00000000ee600000,0x00000000ef479340,0x00000000ef480000)
  to   space 24064K, 0% used [0x00000000f9000000,0x00000000f9000000,0x00000000fa780000)
 ParOldGen       total 119808K, used 30935K [0x00000000a0000000, 0x00000000a7500000, 0x00000000e0000000)
  object space 119808K, 25% used [0x00000000a0000000,0x00000000a1e35dc0,0x00000000a7500000)
 Metaspace       used 52198K, capacity 54044K, committed 54064K, reserved 1095680K
  class space    used 6965K, capacity 7455K, committed 7472K, reserved 1048576K
}
Event: 5.834 GC heap before
{Heap before GC invocations=10 (full 2):
 PSYoungGen      total 250368K, used 69184K [0x00000000e0000000, 0x00000000fa780000, 0x0000000100000000)
  eden space 235520K, 23% used [0x00000000e0000000,0x00000000e3516d00,0x00000000ee600000)
  from space 14848K, 99% used [0x00000000ee600000,0x00000000ef479340,0x00000000ef480000)
  to   space 24064K, 0% used [0x00000000f9000000,0x00000000f9000000,0x00000000fa780000)
 ParOldGen       total 119808K, used 30935K [0x00000000a0000000, 0x00000000a7500000, 0x00000000e0000000)
  object space 119808K, 25% used [0x00000000a0000000,0x00000000a1e35dc0,0x00000000a7500000)
 Metaspace       used 56832K, capacity 58980K, committed 59160K, reserved 1099776K
  class space    used 7693K, capacity 8243K, committed 8368K, reserved 1048576K
Event: 5.847 GC heap after
Heap after GC invocations=10 (full 2):
 PSYoungGen      total 404992K, used 21271K [0x00000000e0000000, 0x00000000fa800000, 0x0000000100000000)
  eden space 380928K, 0% used [0x00000000e0000000,0x00000000e0000000,0x00000000f7400000)
  from space 24064K, 88% used [0x00000000f9000000,0x00000000fa4c5ea8,0x00000000fa780000)
  to   space 26624K, 0% used [0x00000000f7400000,0x00000000f7400000,0x00000000f8e00000)
 ParOldGen       total 119808K, used 30943K [0x00000000a0000000, 0x00000000a7500000, 0x00000000e0000000)
  object space 119808K, 25% used [0x00000000a0000000,0x00000000a1e37dc0,0x00000000a7500000)
 Metaspace       used 56832K, capacity 58980K, committed 59160K, reserved 1099776K
  class space    used 7693K, capacity 8243K, committed 8368K, reserved 1048576K
}
Event: 5.847 GC heap before
{Heap before GC invocations=11 (full 3):
 PSYoungGen      total 404992K, used 21271K [0x00000000e0000000, 0x00000000fa800000, 0x0000000100000000)
  eden space 380928K, 0% used [0x00000000e0000000,0x00000000e0000000,0x00000000f7400000)
  from space 24064K, 88% used [0x00000000f9000000,0x00000000fa4c5ea8,0x00000000fa780000)
  to   space 26624K, 0% used [0x00000000f7400000,0x00000000f7400000,0x00000000f8e00000)
 ParOldGen       total 119808K, used 30943K [0x00000000a0000000, 0x00000000a7500000, 0x00000000e0000000)
  object space 119808K, 25% used [0x00000000a0000000,0x00000000a1e37dc0,0x00000000a7500000)
 Metaspace       used 56832K, capacity 58980K, committed 59160K, reserved 1099776K
  class space    used 7693K, capacity 8243K, committed 8368K, reserved 1048576K
Event: 6.029 GC heap after
Heap after GC invocations=11 (full 3):
 PSYoungGen      total 404992K, used 0K [0x00000000e0000000, 0x00000000fa800000, 0x0000000100000000)
  eden space 380928K, 0% used [0x00000000e0000000,0x00000000e0000000,0x00000000f7400000)
  from space 24064K, 0% used [0x00000000f9000000,0x00000000f9000000,0x00000000fa780000)
  to   space 26624K, 0% used [0x00000000f7400000,0x00000000f7400000,0x00000000f8e00000)
 ParOldGen       total 177664K, used 36434K [0x00000000a0000000, 0x00000000aad80000, 0x00000000e0000000)
  object space 177664K, 20% used [0x00000000a0000000,0x00000000a2394b80,0x00000000aad80000)
 Metaspace       used 56805K, capacity 58890K, committed 59160K, reserved 1099776K
  class space    used 7685K, capacity 8228K, committed 8368K, reserved 1048576K
}
Event: 9.835 GC heap before
{Heap before GC invocations=12 (full 3):
 PSYoungGen      total 404992K, used 380928K [0x00000000e0000000, 0x00000000fa800000, 0x0000000100000000)
  eden space 380928K, 100% used [0x00000000e0000000,0x00000000f7400000,0x00000000f7400000)
  from space 24064K, 0% used [0x00000000f9000000,0x00000000f9000000,0x00000000fa780000)
  to   space 26624K, 0% used [0x00000000f7400000,0x00000000f7400000,0x00000000f8e00000)
 ParOldGen       total 177664K, used 36434K [0x00000000a0000000, 0x00000000aad80000, 0x00000000e0000000)
  object space 177664K, 20% used [0x00000000a0000000,0x00000000a2394b80,0x00000000aad80000)
 Metaspace       used 70489K, capacity 73694K, committed 73776K, reserved 1112064K
  class space    used 9579K, capacity 10270K, committed 10288K, reserved 1048576K
Event: 9.853 GC heap after
Heap after GC invocations=12 (full 3):
 PSYoungGen      total 407552K, used 26623K [0x00000000e0000000, 0x0000000100000000, 0x0000000100000000)
  eden space 380928K, 0% used [0x00000000e0000000,0x00000000e0000000,0x00000000f7400000)
  from space 26624K, 99% used [0x00000000f7400000,0x00000000f8dffea8,0x00000000f8e00000)
  to   space 31744K, 0% used [0x00000000fe100000,0x00000000fe100000,0x0000000100000000)
 ParOldGen       total 177664K, used 40264K [0x00000000a0000000, 0x00000000aad80000, 0x00000000e0000000)
  object space 177664K, 22% used [0x00000000a0000000,0x00000000a2752020,0x00000000aad80000)
 Metaspace       used 70489K, capacity 73694K, committed 73776K, reserved 1112064K
  class space    used 9579K, capacity 10270K, committed 10288K, reserved 1048576K
}

Deoptimization events (10 events):
Event: 17.162 Thread 0x0000000019be7000 Uncommon trap: reason=unstable_if action=reinterpret pc=0x0000000003f54328 method=org.objectweb.asm.MethodWriter.visitMethodInsn(ILjava/lang/String;Ljava/lang/String;Ljava/lang/String;Z)V @ 89
Event: 17.162 Thread 0x0000000019be7000 Uncommon trap: reason=unstable_if action=reinterpret pc=0x00000000043f8378 method=org.objectweb.asm.MethodWriter.visitMaxs(II)V @ 35
Event: 17.163 Thread 0x0000000019be7000 Uncommon trap: reason=unstable_if action=reinterpret pc=0x00000000042876c4 method=org.objectweb.asm.AnnotationWriter.computeAnnotationsSize(Lorg/objectweb/asm/AnnotationWriter;Lorg/objectweb/asm/AnnotationWriter;Lorg/objectweb/asm/AnnotationWriter;Lorg/ob
Event: 17.163 Thread 0x0000000019be7000 Uncommon trap: reason=unstable_if action=reinterpret pc=0x000000000440d4e0 method=org.objectweb.asm.MethodWriter.putMethodInfo(Lorg/objectweb/asm/ByteVector;)V @ 190
Event: 17.163 Thread 0x0000000019be7000 Uncommon trap: reason=unstable_if action=reinterpret pc=0x000000000424a43c method=org.objectweb.asm.AnnotationWriter.putAnnotations(Lorg/objectweb/asm/SymbolTable;Lorg/objectweb/asm/AnnotationWriter;Lorg/objectweb/asm/AnnotationWriter;Lorg/objectweb/asm/A
Event: 17.247 Thread 0x0000000019bdc000 Uncommon trap: reason=null_check action=make_not_entrant pc=0x0000000004b64238 method=org.gradle.tooling.internal.provider.runner.SubtreeFilteringBuildOperationListener.started(Lorg/gradle/internal/operations/BuildOperationDescriptor;Lorg/gradle/internal/
Event: 17.247 Thread 0x0000000019bd9000 Uncommon trap: reason=null_check action=make_not_entrant pc=0x0000000004b64238 method=org.gradle.tooling.internal.provider.runner.SubtreeFilteringBuildOperationListener.started(Lorg/gradle/internal/operations/BuildOperationDescriptor;Lorg/gradle/internal/
Event: 17.313 Thread 0x0000000019be0000 Uncommon trap: reason=unstable_if action=reinterpret pc=0x0000000003d6cf14 method=java.util.concurrent.locks.ReentrantLock$Sync.nonfairTryAcquire(I)Z @ 19
Event: 17.396 Thread 0x00000000219ee000 Uncommon trap: reason=bimorphic action=maybe_recompile pc=0x000000000486303c method=com.google.common.collect.AbstractIndexedListIterator.next()Ljava/lang/Object; @ 27
Event: 17.397 Thread 0x00000000219ee000 Uncommon trap: reason=bimorphic action=maybe_recompile pc=0x000000000486303c method=com.google.common.collect.AbstractIndexedListIterator.next()Ljava/lang/Object; @ 27

Classes redefined (0 events):
No events

Internal exceptions (10 events):
Event: 17.177 Thread 0x0000000019be7000 Exception <a 'sun/nio/fs/WindowsException'> (0x00000000e40bf988) thrown at [C:\src\AOSP-openjdk-git\hotspot\src\share\vm\prims\jni.cpp, line 710]
Event: 17.177 Thread 0x0000000019be7000 Exception <a 'sun/nio/fs/WindowsException'> (0x00000000e40c0688) thrown at [C:\src\AOSP-openjdk-git\hotspot\src\share\vm\prims\jni.cpp, line 710]
Event: 17.177 Thread 0x0000000019be7000 Exception <a 'sun/nio/fs/WindowsException'> (0x00000000e40c25f8) thrown at [C:\src\AOSP-openjdk-git\hotspot\src\share\vm\prims\jni.cpp, line 710]
Event: 17.177 Thread 0x0000000019be7000 Exception <a 'sun/nio/fs/WindowsException'> (0x00000000e40c3298) thrown at [C:\src\AOSP-openjdk-git\hotspot\src\share\vm\prims\jni.cpp, line 710]
Event: 17.177 Thread 0x0000000019be7000 Exception <a 'sun/nio/fs/WindowsException'> (0x00000000e40c3fa8) thrown at [C:\src\AOSP-openjdk-git\hotspot\src\share\vm\prims\jni.cpp, line 710]
Event: 17.247 Thread 0x0000000019bdc000 Implicit null exception at 0x0000000004b639f7 to 0x0000000004b64219
Event: 17.247 Thread 0x0000000019bd9000 Implicit null exception at 0x0000000004b639f7 to 0x0000000004b64219
Event: 17.397 Thread 0x000000001a611800 Exception <a 'sun/nio/fs/WindowsException'> (0x00000000e639cef0) thrown at [C:\src\AOSP-openjdk-git\hotspot\src\share\vm\prims\jni.cpp, line 710]
Event: 17.397 Thread 0x000000001a60b800 Exception <a 'sun/nio/fs/WindowsException'> (0x00000000e6414f88) thrown at [C:\src\AOSP-openjdk-git\hotspot\src\share\vm\prims\jni.cpp, line 710]
Event: 17.400 Thread 0x000000001a60b800 Exception <a 'java/lang/NoSuchMethodError': java.lang.Object.lambda$static$0(Ljava/lang/String;)Z> (0x00000000e641b0a0) thrown at [C:\src\AOSP-openjdk-git\hotspot\src\share\vm\interpreter\linkResolver.cpp, line 620]

Events (10 events):
Event: 17.407 loading class org/objectweb/asm/Context
Event: 17.407 loading class org/objectweb/asm/Context done
Event: 17.408 loading class com/android/builder/desugaring/DesugaringData
Event: 17.408 loading class com/android/builder/desugaring/DesugaringData done
Event: 17.408 Executing VM operation: RevokeBias
Event: 17.408 Executing VM operation: RevokeBias done
Event: 17.408 loading class org/objectweb/asm/ConstantDynamic
Event: 17.408 loading class org/objectweb/asm/ConstantDynamic done
Event: 17.451 loading class org/objectweb/asm/Handle
Event: 17.451 loading class org/objectweb/asm/Handle done


Dynamic libraries:
0x00007ff677db0000 - 0x00007ff677de1000 	D:\doucme\1\appinstall\android-studio-ide-202.6939830-windows\as\jre\bin\java.exe
0x00007ffe19360000 - 0x00007ffe19541000 	C:\WINDOWS\SYSTEM32\ntdll.dll
0x00007ffe17100000 - 0x00007ffe171b1000 	C:\WINDOWS\System32\KERNEL32.DLL
0x00007ffe15e80000 - 0x00007ffe160f3000 	C:\WINDOWS\System32\KERNELBASE.dll
0x00007ffe17470000 - 0x00007ffe17511000 	C:\WINDOWS\System32\ADVAPI32.dll
0x00007ffe173d0000 - 0x00007ffe1746e000 	C:\WINDOWS\System32\msvcrt.dll
0x00007ffe192c0000 - 0x00007ffe1931b000 	C:\WINDOWS\System32\sechost.dll
0x00007ffe17c10000 - 0x00007ffe17d34000 	C:\WINDOWS\System32\RPCRT4.dll
0x00007ffe16d20000 - 0x00007ffe16eb1000 	C:\WINDOWS\System32\USER32.dll
0x00007ffe164f0000 - 0x00007ffe16510000 	C:\WINDOWS\System32\win32u.dll
0x00007ffe171c0000 - 0x00007ffe171e8000 	C:\WINDOWS\System32\GDI32.dll
0x00007ffe161b0000 - 0x00007ffe16343000 	C:\WINDOWS\System32\gdi32full.dll
0x00007ffe16350000 - 0x00007ffe163ef000 	C:\WINDOWS\System32\msvcp_win.dll
0x00007ffe163f0000 - 0x00007ffe164e8000 	C:\WINDOWS\System32\ucrtbase.dll
0x00007ffe096d0000 - 0x00007ffe09939000 	C:\WINDOWS\WinSxS\amd64_microsoft.windows.common-controls_6595b64144ccf1df_6.0.17134.1845_none_d3ffcfc77c905a82\COMCTL32.dll
0x00007ffe17870000 - 0x00007ffe17b91000 	C:\WINDOWS\System32\combase.dll
0x00007ffe16750000 - 0x00007ffe167c9000 	C:\WINDOWS\System32\bcryptPrimitives.dll
0x00007ffe17840000 - 0x00007ffe1786d000 	C:\WINDOWS\System32\IMM32.DLL
0x0000000054030000 - 0x0000000054102000 	D:\doucme\1\appinstall\android-studio-ide-202.6939830-windows\as\jre\jre\bin\msvcr100.dll
0x0000000054210000 - 0x0000000054a5b000 	D:\doucme\1\appinstall\android-studio-ide-202.6939830-windows\as\jre\jre\bin\server\jvm.dll
0x00007ffe19320000 - 0x00007ffe19328000 	C:\WINDOWS\System32\PSAPI.DLL
0x00007ffdf9c10000 - 0x00007ffdf9c19000 	C:\WINDOWS\SYSTEM32\WSOCK32.dll
0x00007ffe134f0000 - 0x00007ffe13513000 	C:\WINDOWS\SYSTEM32\WINMM.dll
0x00007ffe17340000 - 0x00007ffe173ac000 	C:\WINDOWS\System32\WS2_32.dll
0x00007ffe0faa0000 - 0x00007ffe0faaa000 	C:\WINDOWS\SYSTEM32\VERSION.dll
0x00007ffe133e0000 - 0x00007ffe1340a000 	C:\WINDOWS\SYSTEM32\winmmbase.dll
0x00007ffe16510000 - 0x00007ffe16559000 	C:\WINDOWS\System32\cfgmgr32.dll
0x00007ffdf8370000 - 0x00007ffdf837f000 	D:\doucme\1\appinstall\android-studio-ide-202.6939830-windows\as\jre\jre\bin\verify.dll
0x00007ffdeb520000 - 0x00007ffdeb549000 	D:\doucme\1\appinstall\android-studio-ide-202.6939830-windows\as\jre\jre\bin\java.dll
0x00007ffdf2860000 - 0x00007ffdf2876000 	D:\doucme\1\appinstall\android-studio-ide-202.6939830-windows\as\jre\jre\bin\zip.dll
0x00007ffe17df0000 - 0x00007ffe19235000 	C:\WINDOWS\System32\SHELL32.dll
0x00007ffe17d40000 - 0x00007ffe17de9000 	C:\WINDOWS\System32\shcore.dll
0x00007ffe15760000 - 0x00007ffe15e75000 	C:\WINDOWS\System32\windows.storage.dll
0x00007ffe16cc0000 - 0x00007ffe16d11000 	C:\WINDOWS\System32\shlwapi.dll
0x00007ffe156e0000 - 0x00007ffe156f1000 	C:\WINDOWS\System32\kernel.appcore.dll
0x00007ffe156a0000 - 0x00007ffe156bf000 	C:\WINDOWS\System32\profapi.dll
0x00007ffe15650000 - 0x00007ffe1569c000 	C:\WINDOWS\System32\powrprof.dll
0x00007ffe15640000 - 0x00007ffe1564a000 	C:\WINDOWS\System32\FLTLIB.DLL
0x00007ffde0bb0000 - 0x00007ffde0bca000 	D:\doucme\1\appinstall\android-studio-ide-202.6939830-windows\as\jre\jre\bin\net.dll
0x00007ffe14ec0000 - 0x00007ffe14f26000 	C:\WINDOWS\system32\mswsock.dll
0x00007ffdda950000 - 0x00007ffdda963000 	D:\doucme\1\appinstall\android-studio-ide-202.6939830-windows\as\jre\jre\bin\nio.dll
0x00007ffe07790000 - 0x00007ffe077b6000 	D:\gradle\native\31\windows-amd64\native-platform.dll
0x00007ffdeb3b0000 - 0x00007ffdeb3bd000 	D:\doucme\1\appinstall\android-studio-ide-202.6939830-windows\as\jre\jre\bin\management.dll
0x00007ffe15070000 - 0x00007ffe15087000 	C:\WINDOWS\SYSTEM32\CRYPTSP.dll
0x00007ffe14a70000 - 0x00007ffe14aa3000 	C:\WINDOWS\system32\rsaenh.dll
0x00007ffe151a0000 - 0x00007ffe151c5000 	C:\WINDOWS\SYSTEM32\bcrypt.dll
0x00007ffe15540000 - 0x00007ffe15568000 	C:\WINDOWS\SYSTEM32\USERENV.dll
0x00007ffe15090000 - 0x00007ffe1509b000 	C:\WINDOWS\SYSTEM32\CRYPTBASE.dll
0x00007ffe14c10000 - 0x00007ffe14c48000 	C:\WINDOWS\SYSTEM32\IPHLPAPI.DLL
0x00007ffe17020000 - 0x00007ffe17028000 	C:\WINDOWS\System32\NSI.dll
0x00007ffe0fa80000 - 0x00007ffe0fa96000 	C:\WINDOWS\SYSTEM32\dhcpcsvc6.DLL
0x00007ffe0fd30000 - 0x00007ffe0fd4a000 	C:\WINDOWS\SYSTEM32\dhcpcsvc.DLL
0x00007ffe12ff0000 - 0x00007ffe1300e000 	C:\Users\ziyu\AppData\Local\Temp\native-platform369248811647877170dir\native-platform.dll

VM Arguments:
jvm_args: -Xmx1536m -Dfile.encoding=GBK -Duser.country=CN -Duser.language=zh -Duser.variant 
java_command: org.gradle.launcher.daemon.bootstrap.GradleDaemon 6.1.1
java_class_path (initial): D:\gradle\wrapper\dists\gradle-6.1.1-all\cfmwm155h49vnt3hynmlrsdst\gradle-6.1.1\lib\gradle-launcher-6.1.1.jar
Launcher Type: SUN_STANDARD

Environment Variables:
JAVA_HOME=C:\Program Files (x86)\Java\jdk1.8.0_261
JRE_HOME=C:\Program Files (x86)\Java\jre1.8.0_261
CLASSPATH=C:\Program Files (x86)\Apache Software Foundation\Tomcat 9.0\lib\servlet-api.jar
PATH=C:\Program Files (x86)\Common Files\Oracle\Java\javapath;C:\WINDOWS\system32;C:\WINDOWS;C:\WINDOWS\System32\Wbem;C:\WINDOWS\System32\WindowsPowerShell\v1.0\;C:\WINDOWS\System32\OpenSSH\;C:\Program Files\nodejs\;C:\Program Files (x86)\Java\jdk1.8.0_261\bin;C:\Program Files (x86)\Java\jdk1.8.0_261\jre\bin;C:\Program Files (x86)\Apache Software Foundation\Tomcat 9.0\bin;C:\Program Files (x86)\Apache Software Foundation\Tomcat 9.0\lib;"C:\Program Files (x86)\Java\jdk1.8.0_261\bin;";C:\Users\ziyu\AppData\Local\Android\Sdk\tools;C:\Users\ziyu\AppData\Local\Android\Sdk\platform-tools;C:\Program Files\Git\cmd;D:\doucme\1\appinstall\groovy-2.4.9\bin;C:\Users\ziyu\AppData\Local\Programs\Python\Python39\Scripts\;C:\Users\ziyu\AppData\Local\Programs\Python\Python39\;C:\Users\ziyu\AppData\Local\Microsoft\WindowsApps;;C:\Program Files\JetBrains\IntelliJ IDEA Community Edition 2020.1.3\bin;;C:\Users\ziyu\AppData\Roaming\npm;C:\Program Files\JetBrains\IntelliJ IDEA 2020.1\bin;;D:\doucme\Microsoft VS Code\bin
USERNAME=ziyu
OS=Windows_NT
PROCESSOR_IDENTIFIER=Intel64 Family 6 Model 142 Stepping 10, GenuineIntel



---------------  S Y S T E M  ---------------

OS: Windows 10.0 , 64 bit Build 17134 (10.0.17134.1425)

CPU:total 8 (initial active 8) (4 cores per cpu, 2 threads per core) family 6 model 142 stepping 10, cmov, cx8, fxsr, mmx, sse, sse2, sse3, ssse3, sse4.1, sse4.2, popcnt, avx, avx2, aes, clmul, erms, 3dnowpref, lzcnt, ht, tsc, tscinvbit, bmi1, bmi2, adx

Memory: 4k page, physical 16658532k(1611044k free), swap 24401924k(4424k free)

vm_info: OpenJDK 64-Bit Server VM (25.242-b01) for windows-amd64 JRE (1.8.0_242-release-1644-b01), built by "builder" with MS VC++ 10.0 (VS2010)

time: Sat Dec 12 18:30:58 2020
timezone: 中国标准时间
elapsed time: 17 seconds (0d 0h 0m 17s)

