#
# There is insufficient memory for the Java Runtime Environment to continue.
# Native memory allocation (malloc) failed to allocate 32744 bytes for ChunkPool::allocate
# Possible reasons:
#   The system is out of physical RAM or swap space
#   The process is running with CompressedOops enabled, and the Java Heap may be blocking the growth of the native heap
# Possible solutions:
#   Reduce memory load on the system
#   Increase physical memory or swap space
#   Check if swap backing store is full
#   Decrease Java heap size (-Xmx/-Xms)
#   Decrease number of Java threads
#   Decrease Java thread stack sizes (-Xss)
#   Set larger code cache with -XX:ReservedCodeCacheSize=
#   JVM is running with Unscaled Compressed Oops mode in which the Java heap is
#     placed in the first 4GB address space. The Java Heap base address is the
#     maximum limit for the native heap growth. Please use -XX:HeapBaseMinAddress
#     to set the Java Heap base and to place the Java Heap above 4GB virtual address.
# This output file may be truncated or incomplete.
#
#  Out of Memory Error (allocation.cpp:272), pid=3836, tid=0x000000000000072c
#
# JRE version: OpenJDK Runtime Environment (8.0_242-b01) (build 1.8.0_242-release-1644-b01)
# Java VM: OpenJDK 64-Bit Server VM (25.242-b01 mixed mode windows-amd64 compressed oops)
# Failed to write core dump. Minidumps are not enabled by default on client versions of Windows
#

---------------  T H R E A D  ---------------

Current thread (0x000000001844f000):  JavaThread "C2 CompilerThread1" daemon [_thread_in_native, id=1836, stack(0x0000000018d20000,0x0000000018e20000)]

Stack: [0x0000000018d20000,0x0000000018e20000]
[error occurred during error reporting (printing stack bounds), id 0xc0000005]

Native frames: (J=compiled Java code, j=interpreted, Vv=VM code, C=native code)


Current CompileTask:
C2: 526785 20116       4       org.gradle.api.internal.artifacts.ivyservice.resolveengine.artifact.ArtifactBackedResolvedVariant$SingleArtifactSet::visit (48 bytes)


---------------  P R O C E S S  ---------------

Java Threads: ( => current thread )
  0x000000001a25a000 JavaThread "Cache worker for Build Output Cleanup Cache (D:\doucme\esnbooks\.gradle\buildOutputCleanup)" [_thread_blocked, id=6992, stack(0x0000000034e60000,0x0000000034f60000)]
  0x000000001a25e800 JavaThread "Build operations Thread 8" [_thread_blocked, id=7752, stack(0x0000000034d60000,0x0000000034e60000)]
  0x000000001a252000 JavaThread "Build operations Thread 7" [_thread_blocked, id=6232, stack(0x0000000034c60000,0x0000000034d60000)]
  0x000000001a258800 JavaThread "Build operations Thread 6" [_thread_blocked, id=11816, stack(0x0000000034b60000,0x0000000034c60000)]
  0x000000001a255000 JavaThread "Build operations Thread 5" [_thread_blocked, id=8612, stack(0x0000000034a60000,0x0000000034b60000)]
  0x000000001a251000 JavaThread "Build operations Thread 4" [_thread_blocked, id=7712, stack(0x0000000034960000,0x0000000034a60000)]
  0x000000001a256800 JavaThread "Build operations Thread 3" [_thread_blocked, id=11952, stack(0x0000000034860000,0x0000000034960000)]
  0x000000001a255800 JavaThread "Build operations Thread 2" [_thread_blocked, id=4684, stack(0x0000000034760000,0x0000000034860000)]
  0x000000001a258000 JavaThread "Build operations" [_thread_blocked, id=3920, stack(0x0000000034660000,0x0000000034760000)]
  0x000000001a254000 JavaThread "Cache worker for cache directory md-rule (D:\gradle\caches\6.1.1\md-rule)" [_thread_blocked, id=3240, stack(0x0000000034560000,0x0000000034660000)]
  0x000000001a252800 JavaThread "Cache worker for cache directory md-supplier (D:\gradle\caches\6.1.1\md-supplier)" [_thread_blocked, id=4540, stack(0x0000000034460000,0x0000000034560000)]
  0x000000001a250800 JavaThread "Cache worker for file hash cache (D:\doucme\esnbooks\.gradle\6.1.1\fileHashes)" [_thread_blocked, id=6284, stack(0x0000000034360000,0x0000000034460000)]
  0x000000001db0b800 JavaThread "Cache worker for checksums cache (D:\doucme\esnbooks\.gradle\checksums)" [_thread_blocked, id=11148, stack(0x0000000034260000,0x0000000034360000)]
  0x000000001db0a800 JavaThread "Thread-91" [_thread_blocked, id=16372, stack(0x0000000034160000,0x0000000034260000)]
  0x000000001db0c000 JavaThread "Stdin handler" [_thread_blocked, id=11344, stack(0x0000000034060000,0x0000000034160000)]
  0x000000001db0f000 JavaThread "Asynchronous log dispatcher for DefaultDaemonConnection: socket connection from /127.0.0.1:51711 to /127.0.0.1:51983" [_thread_blocked, id=7000, stack(0x0000000033f60000,0x0000000034060000)]
  0x000000001db0a000 JavaThread "Daemon worker Thread 3" [_thread_in_vm, id=12308, stack(0x0000000033e60000,0x0000000033f60000)]
  0x000000001db0d800 JavaThread "Cancel handler" [_thread_blocked, id=9240, stack(0x0000000033d60000,0x0000000033e60000)]
  0x000000001db0e800 JavaThread "Handler for socket connection from /127.0.0.1:51711 to /127.0.0.1:51983" [_thread_in_native, id=14244, stack(0x0000000033c60000,0x0000000033d60000)]
  0x000000001db0d000 JavaThread "Daemon Thread 3" [_thread_blocked, id=4388, stack(0x0000000033b60000,0x0000000033c60000)]
  0x000000001b813800 JavaThread "Cache worker for Java compile cache (D:\gradle\caches\6.1.1\javaCompile)" [_thread_blocked, id=15420, stack(0x000000002c3a0000,0x000000002c4a0000)]
  0x000000001b816800 JavaThread "RMI Reaper" [_thread_blocked, id=15228, stack(0x000000002b1d0000,0x000000002b2d0000)]
  0x000000001b815800 JavaThread "RMI TCP Accept-0" daemon [_thread_in_native, id=14544, stack(0x000000002b0d0000,0x000000002b1d0000)]
  0x000000001b815000 JavaThread "GC Daemon" daemon [_thread_blocked, id=7144, stack(0x000000002afd0000,0x000000002b0d0000)]
  0x000000001b817000 JavaThread "RMI Scheduler(0)" daemon [_thread_blocked, id=15656, stack(0x000000002a510000,0x000000002a610000)]
  0x000000001a257000 JavaThread "MarlinRenderer Disposer" daemon [_thread_blocked, id=8108, stack(0x00000000273f0000,0x00000000274f0000)]
  0x000000001a24f800 JavaThread "Java2D Disposer" daemon [_thread_blocked, id=7376, stack(0x00000000272f0000,0x00000000273f0000)]
  0x0000000021d9c800 JavaThread "Cache worker for file content cache (D:\gradle\caches\6.1.1\fileContent)" [_thread_blocked, id=12804, stack(0x0000000025230000,0x0000000025330000)]
  0x0000000021d95000 JavaThread "Memory manager" [_thread_blocked, id=3512, stack(0x0000000025130000,0x0000000025230000)]
  0x000000001af92800 JavaThread "Cache worker for execution history cache (D:\gradle\caches\6.1.1\executionHistory)" [_thread_blocked, id=16084, stack(0x0000000020a90000,0x0000000020b90000)]
  0x000000001af8f000 JavaThread "Cache worker for file hash cache (D:\gradle\caches\6.1.1\fileHashes)" [_thread_blocked, id=16164, stack(0x000000001cd90000,0x000000001ce90000)]
  0x000000001af90800 JavaThread "File lock request listener" [_thread_in_native, id=14504, stack(0x000000001cc90000,0x000000001cd90000)]
  0x000000001af7c000 JavaThread "Cache worker for journal cache (D:\gradle\caches\journal-1)" [_thread_blocked, id=15048, stack(0x000000001cb90000,0x000000001cc90000)]
  0x000000001aea2000 JavaThread "Daemon periodic checks" [_thread_blocked, id=9460, stack(0x000000001be90000,0x000000001bf90000)]
  0x000000001aea0800 JavaThread "Incoming local TCP Connector on port 51711" [_thread_in_native, id=15400, stack(0x000000001bce0000,0x000000001bde0000)]
  0x000000001adf8800 JavaThread "Daemon health stats" [_thread_blocked, id=4788, stack(0x000000001bbc0000,0x000000001bcc0000)]
  0x00000000184e0000 JavaThread "Service Thread" daemon [_thread_blocked, id=1708, stack(0x0000000019020000,0x0000000019120000)]
  0x0000000018455800 JavaThread "C1 CompilerThread3" daemon [_thread_in_vm, id=9740, stack(0x0000000018f20000,0x0000000019020000)]
  0x0000000018452800 JavaThread "C2 CompilerThread2" daemon [_thread_in_native, id=7660, stack(0x0000000018e20000,0x0000000018f20000)]
=>0x000000001844f000 JavaThread "C2 CompilerThread1" daemon [_thread_in_native, id=1836, stack(0x0000000018d20000,0x0000000018e20000)]
  0x000000001844d000 JavaThread "C2 CompilerThread0" daemon [_thread_in_native, id=3520, stack(0x0000000018c20000,0x0000000018d20000)]
  0x00000000183fb000 JavaThread "Attach Listener" daemon [_thread_blocked, id=2992, stack(0x0000000018b20000,0x0000000018c20000)]
  0x00000000183fa000 JavaThread "Signal Dispatcher" daemon [_thread_blocked, id=12552, stack(0x0000000018a20000,0x0000000018b20000)]
  0x00000000183e1800 JavaThread "Finalizer" daemon [_thread_blocked, id=15428, stack(0x00000000188c0000,0x00000000189c0000)]
  0x00000000183e0800 JavaThread "Reference Handler" daemon [_thread_blocked, id=2264, stack(0x00000000187c0000,0x00000000188c0000)]
  0x0000000002732800 JavaThread "main" [_thread_blocked, id=7156, stack(0x00000000025d0000,0x00000000026d0000)]

Other Threads:
  0x00000000165e7800 VMThread [stack: 0x00000000182c0000,0x00000000183c0000] [id=13376]
  0x00000000184e0800 WatcherThread [stack: 0x0000000019120000,0x0000000019220000] [id=10468]

VM state:not at safepoint (normal execution)

VM Mutex/Monitor currently owned by a thread: None

OutOfMemory and StackOverflow Exception counts:
OutOfMemoryError java_heap_errors=1

heap address: 0x00000000a0000000, size: 1536 MB, Compressed Oops mode: 32-bit
Narrow klass base: 0x0000000000000000, Narrow klass shift: 3
Compressed class space size: 1073741824 Address: 0x0000000100000000

Heap:
 PSYoungGen      total 445952K, used 256457K [0x00000000e0000000, 0x0000000100000000, 0x0000000100000000)
  eden space 367616K, 48% used [0x00000000e0000000,0x00000000eadf4260,0x00000000f6700000)
  from space 78336K, 99% used [0x00000000f6700000,0x00000000fb37e2e0,0x00000000fb380000)
  to   space 78336K, 0% used [0x00000000fb380000,0x00000000fb380000,0x0000000100000000)
 ParOldGen       total 287232K, used 135194K [0x00000000a0000000, 0x00000000b1880000, 0x00000000e0000000)
  object space 287232K, 47% used [0x00000000a0000000,0x00000000a8406940,0x00000000b1880000)
 Metaspace       used 103465K, capacity 108535K, committed 109336K, reserved 1144832K
  class space    used 13499K, capacity 14529K, committed 14896K, reserved 1048576K

Card table byte_map: [0x0000000011bf0000,0x0000000011f00000] byte_map_base: 0x00000000116f0000

Marking Bits: (ParMarkBitMap*) 0x00000000549df030
 Begin Bits: [0x0000000012900000, 0x0000000014100000)
 End Bits:   [0x0000000014100000, 0x0000000015900000)

Polling page: 0x0000000000610000

CodeCache: size=245760Kb used=52595Kb max_used=52595Kb free=193164Kb
 bounds [0x0000000002830000, 0x0000000005be0000, 0x0000000011830000]
 total_blobs=16934 nmethods=15904 adapters=940
 compilation: enabled

Compilation events (10 events):
Event: 526.694 Thread 0x0000000018455800 nmethod 20144 0x0000000004631350 code [0x00000000046314c0, 0x0000000004631768]
Event: 526.694 Thread 0x0000000018455800 20145       3       org.gradle.api.internal.artifacts.configurations.DefaultConfiguration_Decorated::setVisible (12 bytes)
Event: 526.695 Thread 0x0000000018455800 nmethod 20145 0x0000000004630c50 code [0x0000000004630de0, 0x00000000046311b8]
Event: 526.695 Thread 0x0000000018455800 20146       3       org.gradle.api.internal.artifacts.configurations.DefaultConfiguration::setVisible (14 bytes)
Event: 526.695 Thread 0x0000000018455800 nmethod 20146 0x0000000004630610 code [0x00000000046307a0, 0x0000000004630af8]
Event: 526.695 Thread 0x0000000018455800 20147       3       org.gradle.api.internal.AbstractValidatingNamedDomainObjectContainer::create (17 bytes)
Event: 526.695 Thread 0x0000000018455800 nmethod 20147 0x000000000462f1d0 code [0x000000000462f400, 0x0000000004630078]
Event: 526.695 Thread 0x0000000018455800 20153       1       org.gradle.api.internal.collections.AbstractIterationOrderRetainingElementSource::onRealize (6 bytes)
Event: 526.695 Thread 0x0000000018455800 nmethod 20153 0x000000000462eed0 code [0x000000000462f020, 0x000000000462f150]
Event: 526.695 Thread 0x0000000018455800 20148       3       org.gradle.api.internal.artifacts.configurations.DefaultConfiguration::<init> (614 bytes)

GC Heap History (10 events):
Event: 25.887 GC heap before
{Heap before GC invocations=15 (full 3):
 PSYoungGen      total 463872K, used 223723K [0x00000000e0000000, 0x0000000100000000, 0x0000000100000000)
  eden space 418816K, 42% used [0x00000000e0000000,0x00000000eaecfea0,0x00000000f9900000)
  from space 45056K, 99% used [0x00000000f9900000,0x00000000fc4aaf58,0x00000000fc500000)
  to   space 57856K, 0% used [0x00000000fc780000,0x00000000fc780000,0x0000000100000000)
 ParOldGen       total 174592K, used 109039K [0x00000000a0000000, 0x00000000aaa80000, 0x00000000e0000000)
  object space 174592K, 62% used [0x00000000a0000000,0x00000000a6a7bf08,0x00000000aaa80000)
 Metaspace       used 93569K, capacity 98549K, committed 98584K, reserved 1134592K
  class space    used 12669K, capacity 13842K, committed 13872K, reserved 1048576K
Event: 25.934 GC heap after
Heap after GC invocations=15 (full 3):
 PSYoungGen      total 445952K, used 57825K [0x00000000e0000000, 0x0000000100000000, 0x0000000100000000)
  eden space 388096K, 0% used [0x00000000e0000000,0x00000000e0000000,0x00000000f7b00000)
  from space 57856K, 99% used [0x00000000fc780000,0x00000000ffff8648,0x0000000100000000)
  to   space 68096K, 0% used [0x00000000f7b00000,0x00000000f7b00000,0x00000000fbd80000)
 ParOldGen       total 174592K, used 111041K [0x00000000a0000000, 0x00000000aaa80000, 0x00000000e0000000)
  object space 174592K, 63% used [0x00000000a0000000,0x00000000a6c707c0,0x00000000aaa80000)
 Metaspace       used 93569K, capacity 98549K, committed 98584K, reserved 1134592K
  class space    used 12669K, capacity 13842K, committed 13872K, reserved 1048576K
}
Event: 25.934 GC heap before
{Heap before GC invocations=16 (full 4):
 PSYoungGen      total 445952K, used 57825K [0x00000000e0000000, 0x0000000100000000, 0x0000000100000000)
  eden space 388096K, 0% used [0x00000000e0000000,0x00000000e0000000,0x00000000f7b00000)
  from space 57856K, 99% used [0x00000000fc780000,0x00000000ffff8648,0x0000000100000000)
  to   space 68096K, 0% used [0x00000000f7b00000,0x00000000f7b00000,0x00000000fbd80000)
 ParOldGen       total 174592K, used 111041K [0x00000000a0000000, 0x00000000aaa80000, 0x00000000e0000000)
  object space 174592K, 63% used [0x00000000a0000000,0x00000000a6c707c0,0x00000000aaa80000)
 Metaspace       used 93569K, capacity 98549K, committed 98584K, reserved 1134592K
  class space    used 12669K, capacity 13842K, committed 13872K, reserved 1048576K
Event: 26.150 GC heap after
Heap after GC invocations=16 (full 4):
 PSYoungGen      total 445952K, used 0K [0x00000000e0000000, 0x0000000100000000, 0x0000000100000000)
  eden space 388096K, 0% used [0x00000000e0000000,0x00000000e0000000,0x00000000f7b00000)
  from space 57856K, 0% used [0x00000000fc780000,0x00000000fc780000,0x0000000100000000)
  to   space 68096K, 0% used [0x00000000f7b00000,0x00000000f7b00000,0x00000000fbd80000)
 ParOldGen       total 287232K, used 84906K [0x00000000a0000000, 0x00000000b1880000, 0x00000000e0000000)
  object space 287232K, 29% used [0x00000000a0000000,0x00000000a52eaa28,0x00000000b1880000)
 Metaspace       used 92580K, capacity 96517K, committed 98584K, reserved 1134592K
  class space    used 12309K, capacity 13182K, committed 13872K, reserved 1048576K
}
Event: 28.248 GC heap before
{Heap before GC invocations=17 (full 4):
 PSYoungGen      total 445952K, used 388096K [0x00000000e0000000, 0x0000000100000000, 0x0000000100000000)
  eden space 388096K, 100% used [0x00000000e0000000,0x00000000f7b00000,0x00000000f7b00000)
  from space 57856K, 0% used [0x00000000fc780000,0x00000000fc780000,0x0000000100000000)
  to   space 68096K, 0% used [0x00000000f7b00000,0x00000000f7b00000,0x00000000fbd80000)
 ParOldGen       total 287232K, used 84906K [0x00000000a0000000, 0x00000000b1880000, 0x00000000e0000000)
  object space 287232K, 29% used [0x00000000a0000000,0x00000000a52eaa28,0x00000000b1880000)
 Metaspace       used 95412K, capacity 99913K, committed 101144K, reserved 1136640K
  class space    used 12649K, capacity 13608K, committed 14128K, reserved 1048576K
Event: 28.299 GC heap after
Heap after GC invocations=17 (full 4):
 PSYoungGen      total 456192K, used 68066K [0x00000000e0000000, 0x0000000100000000, 0x0000000100000000)
  eden space 388096K, 0% used [0x00000000e0000000,0x00000000e0000000,0x00000000f7b00000)
  from space 68096K, 99% used [0x00000000f7b00000,0x00000000fbd78b90,0x00000000fbd80000)
  to   space 68096K, 0% used [0x00000000fbd80000,0x00000000fbd80000,0x0000000100000000)
 ParOldGen       total 287232K, used 92804K [0x00000000a0000000, 0x00000000b1880000, 0x00000000e0000000)
  object space 287232K, 32% used [0x00000000a0000000,0x00000000a5aa1320,0x00000000b1880000)
 Metaspace       used 95412K, capacity 99913K, committed 101144K, reserved 1136640K
  class space    used 12649K, capacity 13608K, committed 14128K, reserved 1048576K
}
Event: 132.965 GC heap before
{Heap before GC invocations=18 (full 4):
 PSYoungGen      total 456192K, used 456162K [0x00000000e0000000, 0x0000000100000000, 0x0000000100000000)
  eden space 388096K, 100% used [0x00000000e0000000,0x00000000f7b00000,0x00000000f7b00000)
  from space 68096K, 99% used [0x00000000f7b00000,0x00000000fbd78b90,0x00000000fbd80000)
  to   space 68096K, 0% used [0x00000000fbd80000,0x00000000fbd80000,0x0000000100000000)
 ParOldGen       total 287232K, used 92804K [0x00000000a0000000, 0x00000000b1880000, 0x00000000e0000000)
  object space 287232K, 32% used [0x00000000a0000000,0x00000000a5aa1320,0x00000000b1880000)
 Metaspace       used 102881K, capacity 107905K, committed 108824K, reserved 1142784K
  class space    used 13483K, capacity 14516K, committed 14896K, reserved 1048576K
Event: 133.005 GC heap after
Heap after GC invocations=18 (full 4):
 PSYoungGen      total 435712K, used 24047K [0x00000000e0000000, 0x0000000100000000, 0x0000000100000000)
  eden space 367616K, 0% used [0x00000000e0000000,0x00000000e0000000,0x00000000f6700000)
  from space 68096K, 35% used [0x00000000fbd80000,0x00000000fd4fbc70,0x0000000100000000)
  to   space 78336K, 0% used [0x00000000f6700000,0x00000000f6700000,0x00000000fb380000)
 ParOldGen       total 287232K, used 119546K [0x00000000a0000000, 0x00000000b1880000, 0x00000000e0000000)
  object space 287232K, 41% used [0x00000000a0000000,0x00000000a74be820,0x00000000b1880000)
 Metaspace       used 102881K, capacity 107905K, committed 108824K, reserved 1142784K
  class space    used 13483K, capacity 14516K, committed 14896K, reserved 1048576K
}
Event: 134.004 GC heap before
{Heap before GC invocations=19 (full 4):
 PSYoungGen      total 435712K, used 391407K [0x00000000e0000000, 0x0000000100000000, 0x0000000100000000)
  eden space 367616K, 99% used [0x00000000e0000000,0x00000000f66c0100,0x00000000f6700000)
  from space 68096K, 35% used [0x00000000fbd80000,0x00000000fd4fbc70,0x0000000100000000)
  to   space 78336K, 0% used [0x00000000f6700000,0x00000000f6700000,0x00000000fb380000)
 ParOldGen       total 287232K, used 119546K [0x00000000a0000000, 0x00000000b1880000, 0x00000000e0000000)
  object space 287232K, 41% used [0x00000000a0000000,0x00000000a74be820,0x00000000b1880000)
 Metaspace       used 103132K, capacity 108205K, committed 109080K, reserved 1142784K
  class space    used 13489K, capacity 14518K, committed 14896K, reserved 1048576K
Event: 134.071 GC heap after
Heap after GC invocations=19 (full 4):
 PSYoungGen      total 445952K, used 78328K [0x00000000e0000000, 0x0000000100000000, 0x0000000100000000)
  eden space 367616K, 0% used [0x00000000e0000000,0x00000000e0000000,0x00000000f6700000)
  from space 78336K, 99% used [0x00000000f6700000,0x00000000fb37e2e0,0x00000000fb380000)
  to   space 78336K, 0% used [0x00000000fb380000,0x00000000fb380000,0x0000000100000000)
 ParOldGen       total 287232K, used 135194K [0x00000000a0000000, 0x00000000b1880000, 0x00000000e0000000)
  object space 287232K, 47% used [0x00000000a0000000,0x00000000a8406940,0x00000000b1880000)
 Metaspace       used 103132K, capacity 108205K, committed 109080K, reserved 1142784K
  class space    used 13489K, capacity 14518K, committed 14896K, reserved 1048576K
}

Deoptimization events (10 events):
Event: 134.539 Thread 0x000000001a252000 Uncommon trap: reason=unstable_if action=reinterpret pc=0x000000000578f49c method=org.gradle.internal.snapshot.VfsRelativePath.lengthOfCommonPrefix(Ljava/lang/String;Lorg/gradle/internal/snapshot/CaseSensitivity;)I @ 117
Event: 134.542 Thread 0x000000001a252000 Uncommon trap: reason=bimorphic action=maybe_recompile pc=0x00000000046b9118 method=java.util.stream.SortedOps$SizedRefSortingSink.end()V @ 25
Event: 134.549 Thread 0x0000000021d9e800 Uncommon trap: reason=class_check action=maybe_recompile pc=0x0000000002f1a858 method=java.io.DataInputStream.readUnsignedShort()I @ 4
Event: 134.549 Thread 0x0000000021d9e800 Uncommon trap: reason=class_check action=maybe_recompile pc=0x0000000002f1a858 method=java.io.DataInputStream.readUnsignedShort()I @ 4
Event: 134.748 Thread 0x000000001a254000 Uncommon trap: reason=unstable_if action=reinterpret pc=0x00000000047d13f8 method=java.util.concurrent.locks.AbstractQueuedSynchronizer.acquire(I)V @ 20
Event: 134.829 Thread 0x000000001b3db000 Uncommon trap: reason=unstable_if action=reinterpret pc=0x0000000002ed4848 method=com.esotericsoftware.kryo.io.Input.require(I)I @ 180
Event: 315.113 Thread 0x000000001db0d000 Uncommon trap: reason=class_check action=maybe_recompile pc=0x0000000002f4b90c method=java.lang.ThreadLocal.set(Ljava/lang/Object;)V @ 26
Event: 432.424 Thread 0x000000001db0a000 Uncommon trap: reason=class_check action=maybe_recompile pc=0x0000000002f4b90c method=java.lang.ThreadLocal.set(Ljava/lang/Object;)V @ 26
Event: 519.844 Thread 0x000000001adf8800 Uncommon trap: reason=unstable_if action=reinterpret pc=0x0000000003b3014c method=java.util.concurrent.locks.AbstractQueuedSynchronizer$ConditionObject.awaitNanos(J)J @ 73
Event: 526.593 Thread 0x000000001db0a000 Uncommon trap: reason=bimorphic action=maybe_recompile pc=0x0000000002c9c4e0 method=com.google.common.cache.LocalCache$Segment.getLiveValue(Lcom/google/common/cache/ReferenceEntry;J)Ljava/lang/Object; @ 21

Classes redefined (0 events):
No events

Internal exceptions (10 events):
Event: 132.919 Thread 0x0000000021d99800 Exception <a 'sun/nio/fs/WindowsException'> (0x00000000f6c3a818) thrown at [C:\src\AOSP-openjdk-git\hotspot\src\share\vm\prims\jni.cpp, line 710]
Event: 132.919 Thread 0x000000001a25e800 Exception <a 'sun/nio/fs/WindowsException'> (0x00000000f6bfc9b0) thrown at [C:\src\AOSP-openjdk-git\hotspot\src\share\vm\prims\jni.cpp, line 710]
Event: 133.251 Thread 0x0000000021d9e000 Exception <a 'sun/nio/fs/WindowsException'> (0x00000000ea13bd88) thrown at [C:\src\AOSP-openjdk-git\hotspot\src\share\vm\prims\jni.cpp, line 710]
Event: 133.263 Thread 0x0000000021d9e000 Implicit null exception at 0x0000000005470650 to 0x00000000054767a5
Event: 133.298 Thread 0x0000000021d9e000 Exception <a 'sun/nio/fs/WindowsException'> (0x00000000ea62a8e0) thrown at [C:\src\AOSP-openjdk-git\hotspot\src\share\vm\prims\jni.cpp, line 710]
Event: 133.299 Thread 0x0000000021d9e000 Exception <a 'sun/nio/fs/WindowsException'> (0x00000000ea636be0) thrown at [C:\src\AOSP-openjdk-git\hotspot\src\share\vm\prims\jni.cpp, line 710]
Event: 133.301 Thread 0x0000000021d9e000 Exception <a 'sun/nio/fs/WindowsException'> (0x00000000ea701ab8) thrown at [C:\src\AOSP-openjdk-git\hotspot\src\share\vm\prims\jni.cpp, line 710]
Event: 133.465 Thread 0x0000000021da1800 Exception <a 'sun/nio/fs/WindowsException'> (0x00000000ecca1fb8) thrown at [C:\src\AOSP-openjdk-git\hotspot\src\share\vm\prims\jni.cpp, line 710]
Event: 134.501 Thread 0x000000001db0b800 Exception <a 'sun/nio/fs/WindowsException'> (0x00000000e765e8c0) thrown at [C:\src\AOSP-openjdk-git\hotspot\src\share\vm\prims\jni.cpp, line 710]
Event: 134.779 Thread 0x000000001b3de000 Exception <a 'sun/nio/fs/WindowsException'> (0x00000000e8f916b8) thrown at [C:\src\AOSP-openjdk-git\hotspot\src\share\vm\prims\jni.cpp, line 710]

Events (10 events):
Event: 526.654 Thread 0x000000001a251000 Thread added: 0x000000001a251000
Event: 526.654 Thread 0x000000001a255000 Thread added: 0x000000001a255000
Event: 526.654 Thread 0x000000001a258800 Thread added: 0x000000001a258800
Event: 526.654 Thread 0x000000001a252000 Thread added: 0x000000001a252000
Event: 526.654 Thread 0x000000001a25e800 Thread added: 0x000000001a25e800
Event: 526.654 Executing VM operation: RevokeBias
Event: 526.654 Executing VM operation: RevokeBias done
Event: 526.670 Thread 0x000000001db0a000 DEOPT PACKING pc=0x000000000463bb38 sp=0x0000000033f5b380
Event: 526.670 Thread 0x000000001db0a000 DEOPT UNPACKING pc=0x00000000028775d0 sp=0x0000000033f5b0e0 mode 0
Event: 526.687 Thread 0x000000001a25a000 Thread added: 0x000000001a25a000


Dynamic libraries:
0x00007ff677db0000 - 0x00007ff677de1000 	D:\doucme\1\appinstall\android-studio-ide-202.6939830-windows\as\jre\bin\java.exe
0x00007ffe19360000 - 0x00007ffe19541000 	C:\WINDOWS\SYSTEM32\ntdll.dll
0x00007ffe17100000 - 0x00007ffe171b1000 	C:\WINDOWS\System32\KERNEL32.DLL
0x00007ffe15e80000 - 0x00007ffe160f3000 	C:\WINDOWS\System32\KERNELBASE.dll
0x00007ffe17470000 - 0x00007ffe17511000 	C:\WINDOWS\System32\ADVAPI32.dll
0x00007ffe173d0000 - 0x00007ffe1746e000 	C:\WINDOWS\System32\msvcrt.dll
0x00007ffe192c0000 - 0x00007ffe1931b000 	C:\WINDOWS\System32\sechost.dll
0x00007ffe17c10000 - 0x00007ffe17d34000 	C:\WINDOWS\System32\RPCRT4.dll
0x00007ffe16d20000 - 0x00007ffe16eb1000 	C:\WINDOWS\System32\USER32.dll
0x00007ffe164f0000 - 0x00007ffe16510000 	C:\WINDOWS\System32\win32u.dll
0x00007ffe171c0000 - 0x00007ffe171e8000 	C:\WINDOWS\System32\GDI32.dll
0x00007ffe161b0000 - 0x00007ffe16343000 	C:\WINDOWS\System32\gdi32full.dll
0x00007ffe16350000 - 0x00007ffe163ef000 	C:\WINDOWS\System32\msvcp_win.dll
0x00007ffe163f0000 - 0x00007ffe164e8000 	C:\WINDOWS\System32\ucrtbase.dll
0x00007ffe096d0000 - 0x00007ffe09939000 	C:\WINDOWS\WinSxS\amd64_microsoft.windows.common-controls_6595b64144ccf1df_6.0.17134.1845_none_d3ffcfc77c905a82\COMCTL32.dll
0x00007ffe17870000 - 0x00007ffe17b91000 	C:\WINDOWS\System32\combase.dll
0x00007ffe16750000 - 0x00007ffe167c9000 	C:\WINDOWS\System32\bcryptPrimitives.dll
0x00007ffe17840000 - 0x00007ffe1786d000 	C:\WINDOWS\System32\IMM32.DLL
0x0000000054030000 - 0x0000000054102000 	D:\doucme\1\appinstall\android-studio-ide-202.6939830-windows\as\jre\jre\bin\msvcr100.dll
0x0000000054210000 - 0x0000000054a5b000 	D:\doucme\1\appinstall\android-studio-ide-202.6939830-windows\as\jre\jre\bin\server\jvm.dll
0x00007ffe19320000 - 0x00007ffe19328000 	C:\WINDOWS\System32\PSAPI.DLL
0x00007ffdf9c10000 - 0x00007ffdf9c19000 	C:\WINDOWS\SYSTEM32\WSOCK32.dll
0x00007ffe0faa0000 - 0x00007ffe0faaa000 	C:\WINDOWS\SYSTEM32\VERSION.dll
0x00007ffe134f0000 - 0x00007ffe13513000 	C:\WINDOWS\SYSTEM32\WINMM.dll
0x00007ffe17340000 - 0x00007ffe173ac000 	C:\WINDOWS\System32\WS2_32.dll
0x00007ffe133e0000 - 0x00007ffe1340a000 	C:\WINDOWS\SYSTEM32\winmmbase.dll
0x00007ffe16510000 - 0x00007ffe16559000 	C:\WINDOWS\System32\cfgmgr32.dll
0x00007ffdf8370000 - 0x00007ffdf837f000 	D:\doucme\1\appinstall\android-studio-ide-202.6939830-windows\as\jre\jre\bin\verify.dll
0x00007ffdeb520000 - 0x00007ffdeb549000 	D:\doucme\1\appinstall\android-studio-ide-202.6939830-windows\as\jre\jre\bin\java.dll
0x00007ffdf2860000 - 0x00007ffdf2876000 	D:\doucme\1\appinstall\android-studio-ide-202.6939830-windows\as\jre\jre\bin\zip.dll
0x00007ffe17df0000 - 0x00007ffe19235000 	C:\WINDOWS\System32\SHELL32.dll
0x00007ffe17d40000 - 0x00007ffe17de9000 	C:\WINDOWS\System32\shcore.dll
0x00007ffe15760000 - 0x00007ffe15e75000 	C:\WINDOWS\System32\windows.storage.dll
0x00007ffe16cc0000 - 0x00007ffe16d11000 	C:\WINDOWS\System32\shlwapi.dll
0x00007ffe156e0000 - 0x00007ffe156f1000 	C:\WINDOWS\System32\kernel.appcore.dll
0x00007ffe156a0000 - 0x00007ffe156bf000 	C:\WINDOWS\System32\profapi.dll
0x00007ffe15650000 - 0x00007ffe1569c000 	C:\WINDOWS\System32\powrprof.dll
0x00007ffe15640000 - 0x00007ffe1564a000 	C:\WINDOWS\System32\FLTLIB.DLL
0x00007ffde0bb0000 - 0x00007ffde0bca000 	D:\doucme\1\appinstall\android-studio-ide-202.6939830-windows\as\jre\jre\bin\net.dll
0x00007ffe14ec0000 - 0x00007ffe14f26000 	C:\WINDOWS\system32\mswsock.dll
0x00007ffdda950000 - 0x00007ffdda963000 	D:\doucme\1\appinstall\android-studio-ide-202.6939830-windows\as\jre\jre\bin\nio.dll
0x00007ffe07790000 - 0x00007ffe077b6000 	D:\gradle\native\31\windows-amd64\native-platform.dll
0x00007ffdeb3b0000 - 0x00007ffdeb3bd000 	D:\doucme\1\appinstall\android-studio-ide-202.6939830-windows\as\jre\jre\bin\management.dll
0x00007ffe15070000 - 0x00007ffe15087000 	C:\WINDOWS\SYSTEM32\CRYPTSP.dll
0x00007ffe14a70000 - 0x00007ffe14aa3000 	C:\WINDOWS\system32\rsaenh.dll
0x00007ffe151a0000 - 0x00007ffe151c5000 	C:\WINDOWS\SYSTEM32\bcrypt.dll
0x00007ffe15540000 - 0x00007ffe15568000 	C:\WINDOWS\SYSTEM32\USERENV.dll
0x00007ffe15090000 - 0x00007ffe1509b000 	C:\WINDOWS\SYSTEM32\CRYPTBASE.dll
0x00007ffe14c10000 - 0x00007ffe14c48000 	C:\WINDOWS\SYSTEM32\IPHLPAPI.DLL
0x00007ffe17020000 - 0x00007ffe17028000 	C:\WINDOWS\System32\NSI.dll
0x00007ffe0fa80000 - 0x00007ffe0fa96000 	C:\WINDOWS\SYSTEM32\dhcpcsvc6.DLL
0x00007ffe0fd30000 - 0x00007ffe0fd4a000 	C:\WINDOWS\SYSTEM32\dhcpcsvc.DLL
0x00007ffddd5a0000 - 0x00007ffddd73c000 	D:\doucme\1\appinstall\android-studio-ide-202.6939830-windows\as\jre\jre\bin\awt.dll
0x00007ffe17030000 - 0x00007ffe170f2000 	C:\WINDOWS\System32\OLEAUT32.dll
0x00007ffe13b10000 - 0x00007ffe13b39000 	C:\WINDOWS\SYSTEM32\dwmapi.dll
0x00007ffe127e0000 - 0x00007ffe12da7000 	C:\WINDOWS\SYSTEM32\d2d1.dll
0x00007ffe13700000 - 0x00007ffe1378b000 	C:\WINDOWS\SYSTEM32\apphelp.dll
0x00007ffe13880000 - 0x00007ffe13918000 	C:\WINDOWS\system32\uxtheme.dll
0x00007ffe14700000 - 0x00007ffe14731000 	C:\WINDOWS\SYSTEM32\ntmarta.dll

VM Arguments:
jvm_args: -Xmx1536m -Dfile.encoding=GBK -Duser.country=CN -Duser.language=zh -Duser.variant 
java_command: org.gradle.launcher.daemon.bootstrap.GradleDaemon 6.1.1
java_class_path (initial): D:\gradle\wrapper\dists\gradle-6.1.1-all\cfmwm155h49vnt3hynmlrsdst\gradle-6.1.1\lib\gradle-launcher-6.1.1.jar
Launcher Type: SUN_STANDARD

Environment Variables:
JAVA_HOME=C:\Program Files (x86)\Java\jdk1.8.0_261
JRE_HOME=C:\Program Files (x86)\Java\jre1.8.0_261
CLASSPATH=C:\Program Files (x86)\Apache Software Foundation\Tomcat 9.0\lib\servlet-api.jar
PATH=C:\Program Files (x86)\Common Files\Oracle\Java\javapath;C:\WINDOWS\system32;C:\WINDOWS;C:\WINDOWS\System32\Wbem;C:\WINDOWS\System32\WindowsPowerShell\v1.0\;C:\WINDOWS\System32\OpenSSH\;C:\Program Files\nodejs\;C:\Program Files (x86)\Java\jdk1.8.0_261\bin;C:\Program Files (x86)\Java\jdk1.8.0_261\jre\bin;C:\Program Files (x86)\Apache Software Foundation\Tomcat 9.0\bin;C:\Program Files (x86)\Apache Software Foundation\Tomcat 9.0\lib;"C:\Program Files (x86)\Java\jdk1.8.0_261\bin;";C:\Users\ziyu\AppData\Local\Android\Sdk\tools;C:\Users\ziyu\AppData\Local\Android\Sdk\platform-tools;C:\Program Files\Git\cmd;D:\doucme\1\appinstall\groovy-2.4.9\bin;C:\Users\ziyu\AppData\Local\Programs\Python\Python39\Scripts\;C:\Users\ziyu\AppData\Local\Programs\Python\Python39\;C:\Users\ziyu\AppData\Local\Microsoft\WindowsApps;;C:\Program Files\JetBrains\IntelliJ IDEA Community Edition 2020.1.3\bin;;C:\Users\ziyu\AppData\Roaming\npm;C:\Program Files\JetBrains\IntelliJ IDEA 2020.1\bin;;D:\doucme\Microsoft VS Code\bin
USERNAME=ziyu
OS=Windows_NT
PROCESSOR_IDENTIFIER=Intel64 Family 6 Model 142 Stepping 10, GenuineIntel



---------------  S Y S T E M  ---------------

OS: Windows 10.0 , 64 bit Build 17134 (10.0.17134.1425)

CPU:total 8 (initial active 8) (4 cores per cpu, 2 threads per core) family 6 model 142 stepping 10, cmov, cx8, fxsr, mmx, sse, sse2, sse3, ssse3, sse4.1, sse4.2, popcnt, avx, avx2, aes, clmul, erms, 3dnowpref, lzcnt, ht, tsc, tscinvbit, bmi1, bmi2, adx

Memory: 4k page, physical 16658532k(1033380k free), swap 24401924k(5152k free)

vm_info: OpenJDK 64-Bit Server VM (25.242-b01) for windows-amd64 JRE (1.8.0_242-release-1644-b01), built by "builder" with MS VC++ 10.0 (VS2010)

time: Sat Dec 12 18:43:37 2020
timezone: 中国标准时间
elapsed time: 526 seconds (0d 0h 8m 46s)

