#
# There is insufficient memory for the Java Runtime Environment to continue.
# Native memory allocation (malloc) failed to allocate 187168 bytes for Chunk::new
# Possible reasons:
#   The system is out of physical RAM or swap space
#   In 32 bit mode, the process size limit was hit
# Possible solutions:
#   Reduce memory load on the system
#   Increase physical memory or swap space
#   Check if swap backing store is full
#   Use 64 bit Java on a 64 bit OS
#   Decrease Java heap size (-Xmx/-Xms)
#   Decrease number of Java threads
#   Decrease Java thread stack sizes (-Xss)
#   Set larger code cache with -XX:ReservedCodeCacheSize=
# This output file may be truncated or incomplete.
#
#  Out of Memory Error (allocation.cpp:390), pid=9248, tid=0x0000000000000af0
#
# JRE version: OpenJDK Runtime Environment (8.0_152-b01) (build 1.8.0_152-release-1248-b01)
# Java VM: OpenJDK 64-Bit Server VM (25.152-b01 mixed mode windows-amd64 compressed oops)
# Failed to write core dump. Minidumps are not enabled by default on client versions of Windows
#

---------------  T H R E A D  ---------------

Current thread (0x00000000161ab000):  JavaThread "C2 CompilerThread1" daemon [_thread_in_native, id=2800, stack(0x0000000017c20000,0x0000000017d20000)]

Stack: [0x0000000017c20000,0x0000000017d20000]
[error occurred during error reporting (printing stack bounds), id 0xc0000005]

Native frames: (J=compiled Java code, j=interpreted, Vv=VM code, C=native code)


Current CompileTask:
C2: 168594 15535   !   4       java.nio.file.FileTreeWalker::next (144 bytes)


---------------  P R O C E S S  ---------------

Java Threads: ( => current thread )
  0x00000000184ec800 JavaThread "Cache worker for Build Output Cleanup Cache (I:\project\Androidproject\javaproject\notebook\notebook-version 1.4.1\.gradle\buildOutputCleanup)" [_thread_blocked, id=5488, stack(0x0000000029890000,0x0000000029990000)]
  0x00000000184f2800 JavaThread "Cache worker for task history cache (I:\project\Androidproject\javaproject\notebook\notebook-version 1.4.1\.gradle\4.10.1\taskHistory)" [_thread_blocked, id=3008, stack(0x0000000029790000,0x0000000029890000)]
  0x00000000184f3000 JavaThread "Task worker for ':' Thread 3" [_thread_blocked, id=5788, stack(0x0000000029690000,0x0000000029790000)]
  0x00000000184eb800 JavaThread "Task worker for ':' Thread 2" [_thread_blocked, id=5528, stack(0x0000000029590000,0x0000000029690000)]
  0x000000001ec46800 JavaThread "Task worker for ':'" [_thread_blocked, id=8936, stack(0x0000000029490000,0x0000000029590000)]
  0x000000001ec45800 JavaThread "Cache worker for file content cache (I:\project\Androidproject\javaproject\notebook\notebook-version 1.4.1\.gradle\4.10.1\fileContent)" [_thread_blocked, id=4876, stack(0x0000000029390000,0x0000000029490000)]
  0x000000001ec43800 JavaThread "Build operations Thread 4" [_thread_blocked, id=4200, stack(0x0000000029290000,0x0000000029390000)]
  0x000000001ec42800 JavaThread "Build operations Thread 3" [_thread_blocked, id=7060, stack(0x0000000029190000,0x0000000029290000)]
  0x000000001ec47000 JavaThread "Build operations Thread 2" [_thread_blocked, id=8864, stack(0x0000000029090000,0x0000000029190000)]
  0x000000001ec3b000 JavaThread "Build operations" [_thread_blocked, id=5008, stack(0x0000000028f90000,0x0000000029090000)]
  0x000000001ec42000 JavaThread "Cache worker for cache directory md-rule (C:\Users\Administrator\.gradle\caches\4.10.1\md-rule)" [_thread_blocked, id=4388, stack(0x0000000028e90000,0x0000000028f90000)]
  0x000000001ec41000 JavaThread "Cache worker for cache directory md-supplier (C:\Users\Administrator\.gradle\caches\4.10.1\md-supplier)" [_thread_blocked, id=6480, stack(0x0000000028d90000,0x0000000028e90000)]
  0x000000001ec3c000 JavaThread "Cache worker for file hash cache (I:\project\Androidproject\javaproject\notebook\notebook-version 1.4.1\.gradle\4.10.1\fileHashes)" [_thread_blocked, id=7416, stack(0x0000000028c90000,0x0000000028d90000)]
  0x000000001ec3a800 JavaThread "Stdin handler" [_thread_blocked, id=9008, stack(0x0000000028b90000,0x0000000028c90000)]
  0x000000001ec40800 JavaThread "Asynchronous log dispatcher for DefaultDaemonConnection: socket connection from /127.0.0.1:53555 to /127.0.0.1:53624" [_thread_blocked, id=6888, stack(0x0000000028a90000,0x0000000028b90000)]
  0x000000001ec39000 JavaThread "Daemon worker Thread 2" [_thread_in_native, id=6404, stack(0x0000000028990000,0x0000000028a90000)]
  0x000000001ec3f800 JavaThread "Cancel handler" [_thread_blocked, id=4392, stack(0x0000000028890000,0x0000000028990000)]
  0x000000001ec39800 JavaThread "Handler for socket connection from /127.0.0.1:53555 to /127.0.0.1:53624" [_thread_in_native, id=6952, stack(0x0000000028790000,0x0000000028890000)]
  0x000000001ec3e000 JavaThread "Daemon Thread 2" [_thread_blocked, id=6180, stack(0x0000000028690000,0x0000000028790000)]
  0x00000000184ed000 JavaThread "Cache worker for Java compile cache (C:\Users\Administrator\.gradle\caches\4.10.1\javaCompile)" [_thread_blocked, id=7188, stack(0x0000000022d90000,0x0000000022e90000)]
  0x00000000184f1800 JavaThread "Cache worker for file content cache (C:\Users\Administrator\.gradle\caches\4.10.1\fileContent)" [_thread_blocked, id=5056, stack(0x0000000022490000,0x0000000022590000)]
  0x00000000184f0000 JavaThread "Memory manager" [_thread_blocked, id=8928, stack(0x0000000022390000,0x0000000022490000)]
  0x0000000019bdd800 JavaThread "Cache worker for Artifact transforms cache (C:\Users\Administrator\.gradle\caches\transforms-1)" [_thread_blocked, id=4616, stack(0x000000001f600000,0x000000001f700000)]
  0x0000000019bd9000 JavaThread "Cache worker for journal cache (C:\Users\Administrator\.gradle\caches\journal-1)" [_thread_blocked, id=672, stack(0x000000001c950000,0x000000001ca50000)]
  0x00000000199e6000 JavaThread "File lock request listener" [_thread_in_native, id=7640, stack(0x000000001b780000,0x000000001b880000)]
  0x00000000199e5800 JavaThread "Cache worker for file hash cache (C:\Users\Administrator\.gradle\caches\4.10.1\fileHashes)" [_thread_blocked, id=6868, stack(0x000000001b680000,0x000000001b780000)]
  0x0000000019278800 JavaThread "Daemon periodic checks" [_thread_blocked, id=3452, stack(0x000000001ab80000,0x000000001ac80000)]
  0x00000000191b0000 JavaThread "Incoming local TCP Connector on port 53555" [_thread_in_native, id=6828, stack(0x000000001a9e0000,0x000000001aae0000)]
  0x00000000175ab000 JavaThread "Service Thread" daemon [_thread_blocked, id=6816, stack(0x0000000017e20000,0x0000000017f20000)]
  0x00000000161ae000 JavaThread "C1 CompilerThread2" daemon [_thread_blocked, id=7864, stack(0x0000000017d20000,0x0000000017e20000)]
=>0x00000000161ab000 JavaThread "C2 CompilerThread1" daemon [_thread_in_native, id=2800, stack(0x0000000017c20000,0x0000000017d20000)]
  0x000000001615d000 JavaThread "C2 CompilerThread0" daemon [_thread_in_native, id=8492, stack(0x0000000017b20000,0x0000000017c20000)]
  0x00000000161a8000 JavaThread "Attach Listener" daemon [_thread_blocked, id=8872, stack(0x0000000017a20000,0x0000000017b20000)]
  0x0000000017528800 JavaThread "Signal Dispatcher" daemon [_thread_blocked, id=6216, stack(0x0000000017920000,0x0000000017a20000)]
  0x0000000016139800 JavaThread "Finalizer" daemon [_thread_blocked, id=9284, stack(0x00000000173c0000,0x00000000174c0000)]
  0x0000000016118000 JavaThread "Reference Handler" daemon [_thread_blocked, id=868, stack(0x00000000172c0000,0x00000000173c0000)]
  0x0000000002662800 JavaThread "main" [_thread_blocked, id=5284, stack(0x00000000021f0000,0x00000000022f0000)]

Other Threads:
  0x0000000016116800 VMThread [stack: 0x00000000171c0000,0x00000000172c0000] [id=496]
  0x00000000175ac000 WatcherThread [stack: 0x0000000017f20000,0x0000000018020000] [id=6048]

VM state:not at safepoint (normal execution)

VM Mutex/Monitor currently owned by a thread: None

Heap:
 PSYoungGen      total 470528K, used 91007K [0x00000000e0000000, 0x0000000100000000, 0x0000000100000000)
  eden space 434688K, 14% used [0x00000000e0000000,0x00000000e3e236e8,0x00000000fa880000)
  from space 35840K, 76% used [0x00000000fa880000,0x00000000fc33c868,0x00000000fcb80000)
  to   space 38400K, 0% used [0x00000000fda80000,0x00000000fda80000,0x0000000100000000)
 ParOldGen       total 91136K, used 67321K [0x00000000a0000000, 0x00000000a5900000, 0x00000000e0000000)
  object space 91136K, 73% used [0x00000000a0000000,0x00000000a41be660,0x00000000a5900000)
 Metaspace       used 84978K, capacity 88332K, committed 88576K, reserved 1126400K
  class space    used 11060K, capacity 11765K, committed 11776K, reserved 1048576K

Card table byte_map: [0x0000000011ba0000,0x0000000011eb0000] byte_map_base: 0x00000000116a0000

Marking Bits: (ParMarkBitMap*) 0x000000006d775aa0
 Begin Bits: [0x00000000124b0000, 0x0000000013cb0000)
 End Bits:   [0x0000000013cb0000, 0x00000000154b0000)

Polling page: 0x00000000022f0000

CodeCache: size=245760Kb used=39869Kb max_used=39907Kb free=205890Kb
 bounds [0x00000000027e0000, 0x0000000004f10000, 0x00000000117e0000]
 total_blobs=13678 nmethods=12818 adapters=770
 compilation: enabled

Compilation events (10 events):
Event: 168.405 Thread 0x00000000161ae000 15532       3       java.util.concurrent.locks.ReentrantLock$Sync::isLocked (13 bytes)
Event: 168.405 Thread 0x00000000161ae000 nmethod 15532 0x0000000004efacd0 code [0x0000000004efae20, 0x0000000004efb070]
Event: 168.434 Thread 0x00000000161ab000 nmethod 15529 0x0000000004cb6c90 code [0x0000000004cb6e80, 0x0000000004cb8170]
Event: 168.434 Thread 0x00000000161ab000 15533       4       org.gradle.internal.remote.internal.inet.SocketConnection$SocketOutputStream::write (78 bytes)
Event: 168.441 Thread 0x00000000161ab000 nmethod 15533 0x0000000004cf6fd0 code [0x0000000004cf7160, 0x0000000004cf79a8]
Event: 168.460 Thread 0x00000000161ab000 15534       4       sun.nio.fs.AbstractPath::toFile (12 bytes)
Event: 168.461 Thread 0x00000000161ab000 nmethod 15534 0x00000000039f6e10 code [0x00000000039f6f60, 0x00000000039f7068]
Event: 168.461 Thread 0x00000000161ab000 15535   !   4       java.nio.file.FileTreeWalker::next (144 bytes)
Event: 168.502 Thread 0x00000000161ae000 15537   !   3       org.gradle.internal.resources.DefaultResourceLockCoordinationService$DefaultResourceLockState::releaseLocks (76 bytes)
Event: 168.502 Thread 0x00000000161ae000 nmethod 15537 0x0000000002bed350 code [0x0000000002bed520, 0x0000000002bedc88]

GC Heap History (10 events):
Event: 28.142 GC heap before
{Heap before GC invocations=24 (full 3):
 PSYoungGen      total 346624K, used 335834K [0x00000000e0000000, 0x00000000f7100000, 0x0000000100000000)
  eden space 319488K, 100% used [0x00000000e0000000,0x00000000f3800000,0x00000000f3800000)
  from space 27136K, 60% used [0x00000000f5380000,0x00000000f6376ae8,0x00000000f6e00000)
  to   space 28160K, 0% used [0x00000000f3800000,0x00000000f3800000,0x00000000f5380000)
 ParOldGen       total 91136K, used 52745K [0x00000000a0000000, 0x00000000a5900000, 0x00000000e0000000)
  object space 91136K, 57% used [0x00000000a0000000,0x00000000a3382418,0x00000000a5900000)
 Metaspace       used 75089K, capacity 77600K, committed 77824K, reserved 1116160K
  class space    used 9854K, capacity 10451K, committed 10496K, reserved 1048576K
Event: 28.160 GC heap after
Heap after GC invocations=24 (full 3):
 PSYoungGen      total 347648K, used 8648K [0x00000000e0000000, 0x00000000fa280000, 0x0000000100000000)
  eden space 319488K, 0% used [0x00000000e0000000,0x00000000e0000000,0x00000000f3800000)
  from space 28160K, 30% used [0x00000000f3800000,0x00000000f40723c0,0x00000000f5380000)
  to   space 26624K, 0% used [0x00000000f8880000,0x00000000f8880000,0x00000000fa280000)
 ParOldGen       total 91136K, used 52753K [0x00000000a0000000, 0x00000000a5900000, 0x00000000e0000000)
  object space 91136K, 57% used [0x00000000a0000000,0x00000000a3384418,0x00000000a5900000)
 Metaspace       used 75089K, capacity 77600K, committed 77824K, reserved 1116160K
  class space    used 9854K, capacity 10451K, committed 10496K, reserved 1048576K
}
Event: 29.037 GC heap before
{Heap before GC invocations=25 (full 3):
 PSYoungGen      total 347648K, used 328136K [0x00000000e0000000, 0x00000000fa280000, 0x0000000100000000)
  eden space 319488K, 100% used [0x00000000e0000000,0x00000000f3800000,0x00000000f3800000)
  from space 28160K, 30% used [0x00000000f3800000,0x00000000f40723c0,0x00000000f5380000)
  to   space 26624K, 0% used [0x00000000f8880000,0x00000000f8880000,0x00000000fa280000)
 ParOldGen       total 91136K, used 52753K [0x00000000a0000000, 0x00000000a5900000, 0x00000000e0000000)
  object space 91136K, 57% used [0x00000000a0000000,0x00000000a3384418,0x00000000a5900000)
 Metaspace       used 75104K, capacity 77600K, committed 77824K, reserved 1116160K
  class space    used 9854K, capacity 10451K, committed 10496K, reserved 1048576K
Event: 29.068 GC heap after
Heap after GC invocations=25 (full 3):
 PSYoungGen      total 400896K, used 18010K [0x00000000e0000000, 0x00000000faa80000, 0x0000000100000000)
  eden space 374272K, 0% used [0x00000000e0000000,0x00000000e0000000,0x00000000f6d80000)
  from space 26624K, 67% used [0x00000000f8880000,0x00000000f9a169a8,0x00000000fa280000)
  to   space 27648K, 0% used [0x00000000f6d80000,0x00000000f6d80000,0x00000000f8880000)
 ParOldGen       total 91136K, used 52753K [0x00000000a0000000, 0x00000000a5900000, 0x00000000e0000000)
  object space 91136K, 57% used [0x00000000a0000000,0x00000000a3384418,0x00000000a5900000)
 Metaspace       used 75104K, capacity 77600K, committed 77824K, reserved 1116160K
  class space    used 9854K, capacity 10451K, committed 10496K, reserved 1048576K
}
Event: 30.750 GC heap before
{Heap before GC invocations=26 (full 3):
 PSYoungGen      total 400896K, used 392282K [0x00000000e0000000, 0x00000000faa80000, 0x0000000100000000)
  eden space 374272K, 100% used [0x00000000e0000000,0x00000000f6d80000,0x00000000f6d80000)
  from space 26624K, 67% used [0x00000000f8880000,0x00000000f9a169a8,0x00000000fa280000)
  to   space 27648K, 0% used [0x00000000f6d80000,0x00000000f6d80000,0x00000000f8880000)
 ParOldGen       total 91136K, used 52753K [0x00000000a0000000, 0x00000000a5900000, 0x00000000e0000000)
  object space 91136K, 57% used [0x00000000a0000000,0x00000000a3384418,0x00000000a5900000)
 Metaspace       used 75115K, capacity 77664K, committed 77824K, reserved 1116160K
  class space    used 9854K, capacity 10451K, committed 10496K, reserved 1048576K
Event: 30.772 GC heap after
Heap after GC invocations=26 (full 3):
 PSYoungGen      total 401920K, used 16402K [0x00000000e0000000, 0x00000000fe700000, 0x0000000100000000)
  eden space 374272K, 0% used [0x00000000e0000000,0x00000000e0000000,0x00000000f6d80000)
  from space 27648K, 59% used [0x00000000f6d80000,0x00000000f7d84940,0x00000000f8880000)
  to   space 28160K, 0% used [0x00000000fcb80000,0x00000000fcb80000,0x00000000fe700000)
 ParOldGen       total 91136K, used 53685K [0x00000000a0000000, 0x00000000a5900000, 0x00000000e0000000)
  object space 91136K, 58% used [0x00000000a0000000,0x00000000a346d448,0x00000000a5900000)
 Metaspace       used 75115K, capacity 77664K, committed 77824K, reserved 1116160K
  class space    used 9854K, capacity 10451K, committed 10496K, reserved 1048576K
}
Event: 36.015 GC heap before
{Heap before GC invocations=27 (full 3):
 PSYoungGen      total 401920K, used 390270K [0x00000000e0000000, 0x00000000fe700000, 0x0000000100000000)
  eden space 374272K, 99% used [0x00000000e0000000,0x00000000f6d1b110,0x00000000f6d80000)
  from space 27648K, 59% used [0x00000000f6d80000,0x00000000f7d84940,0x00000000f8880000)
  to   space 28160K, 0% used [0x00000000fcb80000,0x00000000fcb80000,0x00000000fe700000)
 ParOldGen       total 91136K, used 53685K [0x00000000a0000000, 0x00000000a5900000, 0x00000000e0000000)
  object space 91136K, 58% used [0x00000000a0000000,0x00000000a346d448,0x00000000a5900000)
 Metaspace       used 76310K, capacity 78972K, committed 79232K, reserved 1118208K
  class space    used 9985K, capacity 10595K, committed 10624K, reserved 1048576K
Event: 36.057 GC heap after
Heap after GC invocations=27 (full 3):
 PSYoungGen      total 462848K, used 28147K [0x00000000e0000000, 0x00000000ff000000, 0x0000000100000000)
  eden space 434688K, 0% used [0x00000000e0000000,0x00000000e0000000,0x00000000fa880000)
  from space 28160K, 99% used [0x00000000fcb80000,0x00000000fe6fcfe0,0x00000000fe700000)
  to   space 35840K, 0% used [0x00000000fa880000,0x00000000fa880000,0x00000000fcb80000)
 ParOldGen       total 91136K, used 62853K [0x00000000a0000000, 0x00000000a5900000, 0x00000000e0000000)
  object space 91136K, 68% used [0x00000000a0000000,0x00000000a3d61650,0x00000000a5900000)
 Metaspace       used 76310K, capacity 78972K, committed 79232K, reserved 1118208K
  class space    used 9985K, capacity 10595K, committed 10624K, reserved 1048576K
}
Event: 41.855 GC heap before
{Heap before GC invocations=28 (full 3):
 PSYoungGen      total 462848K, used 462835K [0x00000000e0000000, 0x00000000ff000000, 0x0000000100000000)
  eden space 434688K, 100% used [0x00000000e0000000,0x00000000fa880000,0x00000000fa880000)
  from space 28160K, 99% used [0x00000000fcb80000,0x00000000fe6fcfe0,0x00000000fe700000)
  to   space 35840K, 0% used [0x00000000fa880000,0x00000000fa880000,0x00000000fcb80000)
 ParOldGen       total 91136K, used 62853K [0x00000000a0000000, 0x00000000a5900000, 0x00000000e0000000)
  object space 91136K, 68% used [0x00000000a0000000,0x00000000a3d61650,0x00000000a5900000)
 Metaspace       used 83326K, capacity 86536K, committed 86784K, reserved 1124352K
  class space    used 10970K, capacity 11653K, committed 11776K, reserved 1048576K
Event: 41.976 GC heap after
Heap after GC invocations=28 (full 3):
 PSYoungGen      total 470528K, used 27378K [0x00000000e0000000, 0x0000000100000000, 0x0000000100000000)
  eden space 434688K, 0% used [0x00000000e0000000,0x00000000e0000000,0x00000000fa880000)
  from space 35840K, 76% used [0x00000000fa880000,0x00000000fc33c868,0x00000000fcb80000)
  to   space 38400K, 0% used [0x00000000fda80000,0x00000000fda80000,0x0000000100000000)
 ParOldGen       total 91136K, used 67321K [0x00000000a0000000, 0x00000000a5900000, 0x00000000e0000000)
  object space 91136K, 73% used [0x00000000a0000000,0x00000000a41be660,0x00000000a5900000)
 Metaspace       used 83326K, capacity 86536K, committed 86784K, reserved 1124352K
  class space    used 10970K, capacity 11653K, committed 11776K, reserved 1048576K
}

Deoptimization events (10 events):
Event: 167.189 Thread 0x000000001ec39000 Uncommon trap: reason=unstable_if action=reinterpret pc=0x0000000004177810 method=java.util.concurrent.ConcurrentHashMap.get(Ljava/lang/Object;)Ljava/lang/Object; @ 76
Event: 167.249 Thread 0x000000001ec39000 Uncommon trap: reason=predicate action=maybe_recompile pc=0x0000000002db53e0 method=java.util.ArrayDeque.contains(Ljava/lang/Object;)Z @ 31
Event: 167.316 Thread 0x000000001ec39000 Uncommon trap: reason=bimorphic action=maybe_recompile pc=0x0000000004c2bb70 method=java.util.stream.ReduceOps$ReduceOp.evaluateSequential(Ljava/util/stream/PipelineHelper;Ljava/util/Spliterator;)Ljava/lang/Object; @ 2
Event: 167.317 Thread 0x000000001ec39000 Uncommon trap: reason=class_check action=maybe_recompile pc=0x00000000042c848c method=com.google.common.collect.ImmutableList$1.get(I)Ljava/lang/Object; @ 5
Event: 167.317 Thread 0x000000001ec39000 Uncommon trap: reason=class_check action=maybe_recompile pc=0x00000000042c848c method=com.google.common.collect.ImmutableList$1.get(I)Ljava/lang/Object; @ 5
Event: 167.488 Thread 0x000000001ec39000 Uncommon trap: reason=class_check action=maybe_recompile pc=0x0000000004b801c4 method=java.util.stream.StreamOpFlag.fromCharacteristics(Ljava/util/Spliterator;)I @ 14
Event: 167.509 Thread 0x000000001ec39000 Uncommon trap: reason=bimorphic action=maybe_recompile pc=0x0000000004a2aff0 method=java.util.HashMap.computeIfAbsent(Ljava/lang/Object;Ljava/util/function/Function;)Ljava/lang/Object; @ 142
Event: 167.513 Thread 0x000000001ec39000 Uncommon trap: reason=bimorphic action=maybe_recompile pc=0x0000000004a2aff0 method=java.util.HashMap.computeIfAbsent(Ljava/lang/Object;Ljava/util/function/Function;)Ljava/lang/Object; @ 142
Event: 167.641 Thread 0x000000001ec39000 Uncommon trap: reason=unstable_if action=reinterpret pc=0x0000000003a67ad8 method=com.google.common.cache.LocalCache.isExpired(Lcom/google/common/cache/LocalCache$ReferenceEntry;J)Z @ 9
Event: 168.395 Thread 0x000000001ec3b000 Uncommon trap: reason=unstable_if action=reinterpret pc=0x0000000004dd40ac method=java.util.concurrent.ConcurrentLinkedQueue.offer(Ljava/lang/Object;)Z @ 91

Classes redefined (0 events):
No events

Internal exceptions (10 events):
Event: 167.463 Thread 0x000000001ec39000 Exception <a 'sun/nio/fs/WindowsException'> (0x00000000e258ee00) thrown at [D:\src\AOSP-openjdk-cygwin\jdk8u\hotspot\src\share\vm\prims\jni.cpp, line 709]
Event: 167.463 Thread 0x000000001ec39000 Exception <a 'sun/nio/fs/WindowsException'> (0x00000000e258fa68) thrown at [D:\src\AOSP-openjdk-cygwin\jdk8u\hotspot\src\share\vm\prims\jni.cpp, line 709]
Event: 167.464 Thread 0x000000001ec39000 Exception <a 'sun/nio/fs/WindowsException'> (0x00000000e2592458) thrown at [D:\src\AOSP-openjdk-cygwin\jdk8u\hotspot\src\share\vm\prims\jni.cpp, line 709]
Event: 167.464 Thread 0x000000001ec39000 Exception <a 'sun/nio/fs/WindowsException'> (0x00000000e25930f8) thrown at [D:\src\AOSP-openjdk-cygwin\jdk8u\hotspot\src\share\vm\prims\jni.cpp, line 709]
Event: 167.464 Thread 0x000000001ec39000 Exception <a 'sun/nio/fs/WindowsException'> (0x00000000e25951b0) thrown at [D:\src\AOSP-openjdk-cygwin\jdk8u\hotspot\src\share\vm\prims\jni.cpp, line 709]
Event: 167.464 Thread 0x000000001ec39000 Exception <a 'sun/nio/fs/WindowsException'> (0x00000000e2595e88) thrown at [D:\src\AOSP-openjdk-cygwin\jdk8u\hotspot\src\share\vm\prims\jni.cpp, line 709]
Event: 167.464 Thread 0x000000001ec39000 Exception <a 'sun/nio/fs/WindowsException'> (0x00000000e2598b00) thrown at [D:\src\AOSP-openjdk-cygwin\jdk8u\hotspot\src\share\vm\prims\jni.cpp, line 709]
Event: 167.464 Thread 0x000000001ec39000 Exception <a 'sun/nio/fs/WindowsException'> (0x00000000e2599818) thrown at [D:\src\AOSP-openjdk-cygwin\jdk8u\hotspot\src\share\vm\prims\jni.cpp, line 709]
Event: 167.464 Thread 0x000000001ec39000 Exception <a 'sun/nio/fs/WindowsException'> (0x00000000e259b948) thrown at [D:\src\AOSP-openjdk-cygwin\jdk8u\hotspot\src\share\vm\prims\jni.cpp, line 709]
Event: 167.464 Thread 0x000000001ec39000 Exception <a 'sun/nio/fs/WindowsException'> (0x00000000e259c698) thrown at [D:\src\AOSP-openjdk-cygwin\jdk8u\hotspot\src\share\vm\prims\jni.cpp, line 709]

Events (10 events):
Event: 168.249 Thread 0x00000000161ab000 flushing nmethod 0x0000000003186d10
Event: 168.253 Thread 0x00000000161ab000 flushing nmethod 0x00000000035d9150
Event: 168.290 Thread 0x00000000161ab000 flushing nmethod 0x00000000039f6e10
Event: 168.366 Thread 0x00000000161ab000 flushing nmethod 0x0000000004359e90
Event: 168.395 Thread 0x000000001ec3b000 Uncommon trap: trap_request=0xffffff65 fr.pc=0x0000000004dd40ac
Event: 168.395 Thread 0x000000001ec3b000 DEOPT PACKING pc=0x0000000004dd40ac sp=0x000000002908e1a0
Event: 168.395 Thread 0x000000001ec3b000 DEOPT UNPACKING pc=0x000000000282557b sp=0x000000002908e120 mode 2
Event: 168.402 Thread 0x00000000161ae000 flushing nmethod 0x0000000004cb5190
Event: 168.402 Thread 0x00000000161ae000 flushing nmethod 0x0000000004cf6ed0
Event: 168.402 Thread 0x00000000161ae000 flushing nmethod 0x0000000004d3d490


Dynamic libraries:
0x00007ff630d10000 - 0x00007ff630d41000 	I:\Tools\android-studio\jre\bin\java.exe
0x00007ffcc1da0000 - 0x00007ffcc1f71000 	C:\Windows\SYSTEM32\ntdll.dll
0x00007ffcc18e0000 - 0x00007ffcc198b000 	C:\Windows\System32\KERNEL32.DLL
0x00007ffcbee60000 - 0x00007ffcbf07d000 	C:\Windows\System32\KERNELBASE.dll
0x00007ffcc19a0000 - 0x00007ffcc1a42000 	C:\Windows\System32\ADVAPI32.DLL
0x00007ffcc1c80000 - 0x00007ffcc1d1e000 	C:\Windows\System32\msvcrt.dll
0x00007ffcbf400000 - 0x00007ffcbf459000 	C:\Windows\System32\sechost.dll
0x00007ffcc1a50000 - 0x00007ffcc1b71000 	C:\Windows\System32\RPCRT4.dll
0x00007ffcc0260000 - 0x00007ffcc03c5000 	C:\Windows\System32\USER32.dll
0x00007ffcbe380000 - 0x00007ffcbe39e000 	C:\Windows\System32\win32u.dll
0x00007ffcbfbc0000 - 0x00007ffcbfbf4000 	C:\Windows\System32\GDI32.dll
0x00007ffcbf080000 - 0x00007ffcbf202000 	C:\Windows\System32\gdi32full.dll
0x00007ffcacee0000 - 0x00007ffcad159000 	C:\Windows\WinSxS\amd64_microsoft.windows.common-controls_6595b64144ccf1df_6.0.14393.0_none_2d0f50fcbdb171b8\COMCTL32.dll
0x00007ffcbf890000 - 0x00007ffcbfb57000 	C:\Windows\System32\combase.dll
0x00007ffcbed60000 - 0x00007ffcbee55000 	C:\Windows\System32\ucrtbase.dll
0x00007ffcbf2c0000 - 0x00007ffcbf32a000 	C:\Windows\System32\bcryptPrimitives.dll
0x00007ffcbf330000 - 0x00007ffcbf35e000 	C:\Windows\System32\IMM32.DLL
0x000000006ced0000 - 0x000000006cfa2000 	I:\Tools\android-studio\jre\jre\bin\msvcr100.dll
0x000000006cfb0000 - 0x000000006d7f1000 	I:\Tools\android-studio\jre\jre\bin\server\jvm.dll
0x00007ffcc0180000 - 0x00007ffcc0188000 	C:\Windows\System32\PSAPI.DLL
0x00007ffcbb8f0000 - 0x00007ffcbb8f9000 	C:\Windows\SYSTEM32\WSOCK32.dll
0x00007ffcbb140000 - 0x00007ffcbb163000 	C:\Windows\SYSTEM32\WINMM.dll
0x00007ffcb7950000 - 0x00007ffcb795a000 	C:\Windows\SYSTEM32\VERSION.dll
0x00007ffcbfee0000 - 0x00007ffcbff4a000 	C:\Windows\System32\WS2_32.dll
0x00007ffcb9bc0000 - 0x00007ffcb9beb000 	C:\Windows\SYSTEM32\WINMMBASE.dll
0x00007ffcbe330000 - 0x00007ffcbe372000 	C:\Windows\System32\cfgmgr32.dll
0x00007ffcb3040000 - 0x00007ffcb304f000 	I:\Tools\android-studio\jre\jre\bin\verify.dll
0x00007ffcace90000 - 0x00007ffcaceb9000 	I:\Tools\android-studio\jre\jre\bin\java.dll
0x00007ffcad3f0000 - 0x00007ffcad406000 	I:\Tools\android-studio\jre\jre\bin\zip.dll
0x00007ffcc03d0000 - 0x00007ffcc18d8000 	C:\Windows\System32\SHELL32.dll
0x00007ffcbe680000 - 0x00007ffcbed5a000 	C:\Windows\System32\windows.storage.dll
0x00007ffcbe2c0000 - 0x00007ffcbe30c000 	C:\Windows\System32\powrprof.dll
0x00007ffcbfb60000 - 0x00007ffcbfbb2000 	C:\Windows\System32\shlwapi.dll
0x00007ffcbe2b0000 - 0x00007ffcbe2bf000 	C:\Windows\System32\kernel.appcore.dll
0x00007ffcbe570000 - 0x00007ffcbe619000 	C:\Windows\System32\shcore.dll
0x00007ffcbe310000 - 0x00007ffcbe324000 	C:\Windows\System32\profapi.dll
0x00007ffcad340000 - 0x00007ffcad35a000 	I:\Tools\android-studio\jre\jre\bin\net.dll
0x00007ffcbdb70000 - 0x00007ffcbdbcc000 	C:\Windows\system32\mswsock.dll
0x00007ffcace70000 - 0x00007ffcace81000 	I:\Tools\android-studio\jre\jre\bin\nio.dll
0x00007ffcb9210000 - 0x00007ffcb922e000 	C:\Users\Administrator\.gradle\native\25\windows-amd64\native-platform.dll
0x00007ffcadce0000 - 0x00007ffcadced000 	I:\Tools\android-studio\jre\jre\bin\management.dll
0x00007ffcbdd20000 - 0x00007ffcbdd37000 	C:\Windows\SYSTEM32\CRYPTSP.dll
0x00007ffcbd780000 - 0x00007ffcbd7b3000 	C:\Windows\system32\rsaenh.dll
0x00007ffcbe1e0000 - 0x00007ffcbe20b000 	C:\Windows\SYSTEM32\bcrypt.dll
0x00007ffcbd9f0000 - 0x00007ffcbda0f000 	C:\Windows\SYSTEM32\USERENV.dll
0x00007ffcbdd10000 - 0x00007ffcbdd1b000 	C:\Windows\SYSTEM32\CRYPTBASE.dll
0x00007ffcbd900000 - 0x00007ffcbd938000 	C:\Windows\SYSTEM32\IPHLPAPI.DLL
0x00007ffcc1990000 - 0x00007ffcc1998000 	C:\Windows\System32\NSI.dll
0x00007ffcb9b10000 - 0x00007ffcb9b26000 	C:\Windows\SYSTEM32\dhcpcsvc6.DLL
0x00007ffcb9bf0000 - 0x00007ffcb9c0a000 	C:\Windows\SYSTEM32\dhcpcsvc.DLL
0x00007ffcb92a0000 - 0x00007ffcb92c4000 	I:\Tools\android-studio\jre\jre\bin\sunec.dll
0x00007ffcb9290000 - 0x00007ffcb929b000 	I:\Tools\android-studio\jre\jre\bin\sunmscapi.dll
0x00007ffcbe3a0000 - 0x00007ffcbe568000 	C:\Windows\System32\CRYPT32.dll
0x00007ffcbe2a0000 - 0x00007ffcbe2b0000 	C:\Windows\System32\MSASN1.dll

VM Arguments:
jvm_args: -Xmx1536m -Dfile.encoding=GBK -Duser.country=CN -Duser.language=zh -Duser.variant 
java_command: org.gradle.launcher.daemon.bootstrap.GradleDaemon 4.10.1
java_class_path (initial): C:\Users\Administrator\.gradle\wrapper\dists\gradle-4.10.1-all\455itskqi2qtf0v2sja68alqd\gradle-4.10.1\lib\gradle-launcher-4.10.1.jar
Launcher Type: SUN_STANDARD

Environment Variables:
PATH=C:\Program Files (x86)\Common Files\Oracle\Java\javapath;C:\Windows\system32;C:\Windows;C:\Windows\System32\Wbem;C:\Program Files\Git\cmd;C:\Users\Administrator\AppData\Local\Microsoft\WindowsApps;
USERNAME=Administrator
OS=Windows_NT
PROCESSOR_IDENTIFIER=Intel64 Family 6 Model 78 Stepping 3, GenuineIntel



---------------  S Y S T E M  ---------------

OS: Windows 10.0 , 64 bit Build 14393 (10.0.14393.0)

CPU:total 4 (initial active 4) (2 cores per cpu, 2 threads per core) family 6 model 78 stepping 3, cmov, cx8, fxsr, mmx, sse, sse2, sse3, ssse3, sse4.1, sse4.2, popcnt, avx, avx2, aes, clmul, erms, 3dnowpref, lzcnt, ht, tsc, tscinvbit, bmi1, bmi2, adx

Memory: 4k page, physical 4052116k(320344k free), swap 4068500k(5224k free)

vm_info: OpenJDK 64-Bit Server VM (25.152-b01) for windows-amd64 JRE (1.8.0_152-release-1248-b01), built by "builder" with MS VC++ 10.0 (VS2010)

time: Fri Apr 05 10:57:47 2019
elapsed time: 168 seconds (0d 0h 2m 48s)

