#
# There is insufficient memory for the Java Runtime Environment to continue.
# Native memory allocation (malloc) failed to allocate 976816 bytes for Chunk::new
# Possible reasons:
#   The system is out of physical RAM or swap space
#   The process is running with CompressedOops enabled, and the Java Heap may be blocking the growth of the native heap
# Possible solutions:
#   Reduce memory load on the system
#   Increase physical memory or swap space
#   Check if swap backing store is full
#   Decrease Java heap size (-Xmx/-Xms)
#   Decrease number of Java threads
#   Decrease Java thread stack sizes (-Xss)
#   Set larger code cache with -XX:ReservedCodeCacheSize=
#   JVM is running with Unscaled Compressed Oops mode in which the Java heap is
#     placed in the first 4GB address space. The Java Heap base address is the
#     maximum limit for the native heap growth. Please use -XX:HeapBaseMinAddress
#     to set the Java Heap base and to place the Java Heap above 4GB virtual address.
# This output file may be truncated or incomplete.
#
#  Out of Memory Error (allocation.cpp:389), pid=9916, tid=0x00000000000039bc
#
# JRE version: OpenJDK Runtime Environment (8.0_242-b01) (build 1.8.0_242-release-1644-b01)
# Java VM: OpenJDK 64-Bit Server VM (25.242-b01 mixed mode windows-amd64 compressed oops)
# Failed to write core dump. Minidumps are not enabled by default on client versions of Windows
#

---------------  T H R E A D  ---------------

Current thread (0x000000001929f000):  JavaThread "C2 CompilerThread1" daemon [_thread_in_native, id=14780, stack(0x0000000019b80000,0x0000000019c80000)]

Stack: [0x0000000019b80000,0x0000000019c80000]
[error occurred during error reporting (printing stack bounds), id 0xc0000005]

Native frames: (J=compiled Java code, j=interpreted, Vv=VM code, C=native code)


Current CompileTask:
C2:  38006 5925       4       com.sun.beans.TypeResolver::resolve (37 bytes)


---------------  P R O C E S S  ---------------

Java Threads: ( => current thread )
  0x000000001bf73000 JavaThread "Cache worker for Build Output Cleanup Cache (D:\doucme\esnbooks\.gradle\buildOutputCleanup)" [_thread_blocked, id=12092, stack(0x0000000025460000,0x0000000025560000)]
  0x000000001bf75000 JavaThread "Build operations Thread 8" [_thread_blocked, id=4728, stack(0x0000000025360000,0x0000000025460000)]
  0x000000001bf78000 JavaThread "Build operations Thread 7" [_thread_blocked, id=10972, stack(0x0000000025260000,0x0000000025360000)]
  0x0000000020a70800 JavaThread "Build operations Thread 6" [_thread_blocked, id=14492, stack(0x0000000025160000,0x0000000025260000)]
  0x0000000020a6f800 JavaThread "Build operations Thread 5" [_thread_blocked, id=380, stack(0x0000000025060000,0x0000000025160000)]
  0x0000000020a6f000 JavaThread "Build operations Thread 4" [_thread_blocked, id=15844, stack(0x0000000024f60000,0x0000000025060000)]
  0x0000000020a6a800 JavaThread "Build operations Thread 3" [_thread_blocked, id=3036, stack(0x0000000024e60000,0x0000000024f60000)]
  0x0000000020a6e000 JavaThread "Build operations Thread 2" [_thread_blocked, id=2080, stack(0x0000000024d60000,0x0000000024e60000)]
  0x0000000020a6d800 JavaThread "Build operations" [_thread_blocked, id=14784, stack(0x0000000024c60000,0x0000000024d60000)]
  0x0000000020a6c000 JavaThread "Cache worker for cache directory md-rule (D:\gradle\caches\6.1.1\md-rule)" [_thread_blocked, id=14960, stack(0x0000000024b60000,0x0000000024c60000)]
  0x0000000020a6c800 JavaThread "Cache worker for cache directory md-supplier (D:\gradle\caches\6.1.1\md-supplier)" [_thread_blocked, id=5688, stack(0x0000000024a60000,0x0000000024b60000)]
  0x0000000020a63000 JavaThread "Cache worker for file hash cache (D:\doucme\esnbooks\.gradle\6.1.1\fileHashes)" [_thread_blocked, id=1636, stack(0x0000000024960000,0x0000000024a60000)]
  0x0000000020a69000 JavaThread "Cache worker for checksums cache (D:\doucme\esnbooks\.gradle\checksums)" [_thread_blocked, id=12520, stack(0x0000000024860000,0x0000000024960000)]
  0x0000000020a69800 JavaThread "Thread-29" [_thread_blocked, id=972, stack(0x0000000024760000,0x0000000024860000)]
  0x0000000020a68000 JavaThread "Stdin handler" [_thread_blocked, id=8476, stack(0x0000000024660000,0x0000000024760000)]
  0x0000000020a63800 JavaThread "Asynchronous log dispatcher for DefaultDaemonConnection: socket connection from /127.0.0.1:60416 to /127.0.0.1:60431" [_thread_blocked, id=8788, stack(0x0000000024560000,0x0000000024660000)]
  0x0000000020a66000 JavaThread "Cancel handler" [_thread_blocked, id=6904, stack(0x0000000024460000,0x0000000024560000)]
  0x0000000020a65000 JavaThread "Handler for socket connection from /127.0.0.1:60416 to /127.0.0.1:60431" [_thread_in_native, id=8168, stack(0x0000000024360000,0x0000000024460000)]
  0x000000001bf79000 JavaThread "Cache worker for execution history cache (D:\gradle\caches\6.1.1\executionHistory)" [_thread_blocked, id=7388, stack(0x0000000021720000,0x0000000021820000)]
  0x000000001bf77800 JavaThread "Cache worker for file hash cache (D:\gradle\caches\6.1.1\fileHashes)" [_thread_blocked, id=16416, stack(0x000000001dbf0000,0x000000001dcf0000)]
  0x000000001bf72000 JavaThread "File lock request listener" [_thread_in_native, id=4524, stack(0x000000001daf0000,0x000000001dbf0000)]
  0x000000001bf6f800 JavaThread "Cache worker for journal cache (D:\gradle\caches\journal-1)" [_thread_blocked, id=17348, stack(0x000000001d9f0000,0x000000001daf0000)]
  0x000000001bdee800 JavaThread "Daemon worker" [_thread_in_vm, id=7540, stack(0x000000001d2f0000,0x000000001d3f0000)]
  0x000000001bd62800 JavaThread "Daemon" [_thread_blocked, id=9016, stack(0x000000001cdf0000,0x000000001cef0000)]
  0x000000001bd1a800 JavaThread "Daemon periodic checks" [_thread_blocked, id=13016, stack(0x000000001ccf0000,0x000000001cdf0000)]
  0x000000001bd4b000 JavaThread "Incoming local TCP Connector on port 60416" [_thread_in_native, id=16996, stack(0x000000001cb40000,0x000000001cc40000)]
  0x000000001bc69800 JavaThread "Daemon health stats" [_thread_blocked, id=328, stack(0x000000001ca20000,0x000000001cb20000)]
  0x0000000019334000 JavaThread "Service Thread" daemon [_thread_blocked, id=17132, stack(0x0000000019e80000,0x0000000019f80000)]
  0x00000000192a7800 JavaThread "C1 CompilerThread3" daemon [_thread_blocked, id=8092, stack(0x0000000019d80000,0x0000000019e80000)]
  0x00000000192a2800 JavaThread "C2 CompilerThread2" daemon [_thread_in_native, id=11676, stack(0x0000000019c80000,0x0000000019d80000)]
=>0x000000001929f000 JavaThread "C2 CompilerThread1" daemon [_thread_in_native, id=14780, stack(0x0000000019b80000,0x0000000019c80000)]
  0x000000001929c800 JavaThread "C2 CompilerThread0" daemon [_thread_in_native, id=10940, stack(0x0000000019a80000,0x0000000019b80000)]
  0x0000000019249800 JavaThread "Attach Listener" daemon [_thread_blocked, id=1216, stack(0x0000000019980000,0x0000000019a80000)]
  0x0000000019248800 JavaThread "Signal Dispatcher" daemon [_thread_blocked, id=2152, stack(0x0000000019880000,0x0000000019980000)]
  0x0000000019231000 JavaThread "Finalizer" daemon [_thread_blocked, id=7672, stack(0x0000000019710000,0x0000000019810000)]
  0x0000000019230800 JavaThread "Reference Handler" daemon [_thread_blocked, id=11592, stack(0x0000000019610000,0x0000000019710000)]
  0x0000000003542800 JavaThread "main" [_thread_blocked, id=10188, stack(0x0000000003430000,0x0000000003530000)]

Other Threads:
  0x0000000017426800 VMThread [stack: 0x0000000019110000,0x0000000019210000] [id=4076]
  0x0000000019334800 WatcherThread [stack: 0x0000000019f80000,0x000000001a080000] [id=13272]

VM state:not at safepoint (normal execution)

VM Mutex/Monitor currently owned by a thread: None

heap address: 0x00000000a0000000, size: 1536 MB, Compressed Oops mode: 32-bit
Narrow klass base: 0x0000000000000000, Narrow klass shift: 3
Compressed class space size: 1073741824 Address: 0x0000000100000000

Heap:
 PSYoungGen      total 219648K, used 14659K [0x00000000e0000000, 0x00000000f2100000, 0x0000000100000000)
  eden space 198144K, 7% used [0x00000000e0000000,0x00000000e0e50d80,0x00000000ec180000)
  from space 21504K, 0% used [0x00000000ed600000,0x00000000ed600000,0x00000000eeb00000)
  to   space 20992K, 0% used [0x00000000ec180000,0x00000000ec180000,0x00000000ed600000)
 ParOldGen       total 193024K, used 33084K [0x00000000a0000000, 0x00000000abc80000, 0x00000000e0000000)
  object space 193024K, 17% used [0x00000000a0000000,0x00000000a204f358,0x00000000abc80000)
 Metaspace       used 57545K, capacity 59598K, committed 59944K, reserved 1101824K
  class space    used 7564K, capacity 8116K, committed 8240K, reserved 1048576K

Card table byte_map: [0x0000000012a10000,0x0000000012d20000] byte_map_base: 0x0000000012510000

Marking Bits: (ParMarkBitMap*) 0x000000005ce1f030
 Begin Bits: [0x0000000013720000, 0x0000000014f20000)
 End Bits:   [0x0000000014f20000, 0x0000000016720000)

Polling page: 0x0000000001910000

CodeCache: size=245760Kb used=18618Kb max_used=18622Kb free=227141Kb
 bounds [0x0000000003650000, 0x0000000004890000, 0x0000000012650000]
 total_blobs=6282 nmethods=5480 adapters=714
 compilation: enabled

Compilation events (10 events):
Event: 37.975 Thread 0x00000000192a7800 nmethod 6037 0x000000000487d7d0 code [0x000000000487d940, 0x000000000487dba8]
Event: 37.977 Thread 0x00000000192a7800 6038       3       java.lang.invoke.MethodHandles$Lookup::getDirectMethodForConstant (70 bytes)
Event: 37.977 Thread 0x00000000192a7800 nmethod 6038 0x0000000004884010 code [0x0000000004884280, 0x0000000004885188]
Event: 37.979 Thread 0x00000000192a7800 6039       3       org.gradle.api.internal.provider.Providers::noValue (10 bytes)
Event: 37.979 Thread 0x00000000192a7800 nmethod 6039 0x0000000004885890 code [0x00000000048859e0, 0x0000000004885b70]
Event: 37.982 Thread 0x00000000192a2800 6040       4       com.google.common.collect.MapMakerInternalMap$StrongKeyWeakValueSegment::self (5 bytes)
Event: 37.982 Thread 0x00000000192a2800 nmethod 6040 0x00000000046b3550 code [0x00000000046b3680, 0x00000000046b36d8]
Event: 37.986 Thread 0x00000000192a7800 6041   !   3       java.lang.invoke.MethodHandles$Lookup::canBeCached (146 bytes)
Event: 37.988 Thread 0x00000000192a7800 nmethod 6041 0x0000000004888850 code [0x0000000004888cc0, 0x000000000488be08]
Event: 37.997 Thread 0x00000000192a2800 6042       4       java.lang.Character::toUpperCase (9 bytes)

GC Heap History (10 events):
Event: 3.683 GC heap before
{Heap before GC invocations=9 (full 2):
 PSYoungGen      total 128512K, used 9588K [0x00000000e0000000, 0x00000000edf00000, 0x0000000100000000)
  eden space 116224K, 0% used [0x00000000e0000000,0x00000000e0000000,0x00000000e7180000)
  from space 12288K, 78% used [0x00000000e7180000,0x00000000e7add140,0x00000000e7d80000)
  to   space 12288K, 0% used [0x00000000ed300000,0x00000000ed300000,0x00000000edf00000)
 ParOldGen       total 86016K, used 7373K [0x00000000a0000000, 0x00000000a5400000, 0x00000000e0000000)
  object space 86016K, 8% used [0x00000000a0000000,0x00000000a0733698,0x00000000a5400000)
 Metaspace       used 34415K, capacity 35374K, committed 35496K, reserved 1079296K
  class space    used 4722K, capacity 4970K, committed 5040K, reserved 1048576K
Event: 3.766 GC heap after
Heap after GC invocations=9 (full 2):
 PSYoungGen      total 128512K, used 0K [0x00000000e0000000, 0x00000000edf00000, 0x0000000100000000)
  eden space 116224K, 0% used [0x00000000e0000000,0x00000000e0000000,0x00000000e7180000)
  from space 12288K, 0% used [0x00000000e7180000,0x00000000e7180000,0x00000000e7d80000)
  to   space 12288K, 0% used [0x00000000ed300000,0x00000000ed300000,0x00000000edf00000)
 ParOldGen       total 136704K, used 16470K [0x00000000a0000000, 0x00000000a8580000, 0x00000000e0000000)
  object space 136704K, 12% used [0x00000000a0000000,0x00000000a10158f0,0x00000000a8580000)
 Metaspace       used 34415K, capacity 35374K, committed 35496K, reserved 1079296K
  class space    used 4722K, capacity 4970K, committed 5040K, reserved 1048576K
}
Event: 35.927 GC heap before
{Heap before GC invocations=10 (full 2):
 PSYoungGen      total 128512K, used 116224K [0x00000000e0000000, 0x00000000edf00000, 0x0000000100000000)
  eden space 116224K, 100% used [0x00000000e0000000,0x00000000e7180000,0x00000000e7180000)
  from space 12288K, 0% used [0x00000000e7180000,0x00000000e7180000,0x00000000e7d80000)
  to   space 12288K, 0% used [0x00000000ed300000,0x00000000ed300000,0x00000000edf00000)
 ParOldGen       total 136704K, used 16470K [0x00000000a0000000, 0x00000000a8580000, 0x00000000e0000000)
  object space 136704K, 12% used [0x00000000a0000000,0x00000000a10158f0,0x00000000a8580000)
 Metaspace       used 40773K, capacity 42430K, committed 42536K, reserved 1085440K
  class space    used 5463K, capacity 5895K, committed 5936K, reserved 1048576K
Event: 35.935 GC heap after
Heap after GC invocations=10 (full 2):
 PSYoungGen      total 174080K, used 12283K [0x00000000e0000000, 0x00000000edf00000, 0x0000000100000000)
  eden space 161792K, 0% used [0x00000000e0000000,0x00000000e0000000,0x00000000e9e00000)
  from space 12288K, 99% used [0x00000000ed300000,0x00000000edefec28,0x00000000edf00000)
  to   space 14336K, 0% used [0x00000000ec300000,0x00000000ec300000,0x00000000ed100000)
 ParOldGen       total 136704K, used 18079K [0x00000000a0000000, 0x00000000a8580000, 0x00000000e0000000)
  object space 136704K, 13% used [0x00000000a0000000,0x00000000a11a7dd0,0x00000000a8580000)
 Metaspace       used 40773K, capacity 42430K, committed 42536K, reserved 1085440K
  class space    used 5463K, capacity 5895K, committed 5936K, reserved 1048576K
}
Event: 37.328 GC heap before
{Heap before GC invocations=11 (full 2):
 PSYoungGen      total 174080K, used 174075K [0x00000000e0000000, 0x00000000edf00000, 0x0000000100000000)
  eden space 161792K, 100% used [0x00000000e0000000,0x00000000e9e00000,0x00000000e9e00000)
  from space 12288K, 99% used [0x00000000ed300000,0x00000000edefec28,0x00000000edf00000)
  to   space 14336K, 0% used [0x00000000ec300000,0x00000000ec300000,0x00000000ed100000)
 ParOldGen       total 136704K, used 18079K [0x00000000a0000000, 0x00000000a8580000, 0x00000000e0000000)
  object space 136704K, 13% used [0x00000000a0000000,0x00000000a11a7dd0,0x00000000a8580000)
 Metaspace       used 55769K, capacity 57944K, committed 58152K, reserved 1099776K
  class space    used 7295K, capacity 7865K, committed 7984K, reserved 1048576K
Event: 37.348 GC heap after
Heap after GC invocations=11 (full 2):
 PSYoungGen      total 211968K, used 14320K [0x00000000e0000000, 0x00000000eeb00000, 0x0000000100000000)
  eden space 197632K, 0% used [0x00000000e0000000,0x00000000e0000000,0x00000000ec100000)
  from space 14336K, 99% used [0x00000000ec300000,0x00000000ed0fc100,0x00000000ed100000)
  to   space 21504K, 0% used [0x00000000ed600000,0x00000000ed600000,0x00000000eeb00000)
 ParOldGen       total 136704K, used 32467K [0x00000000a0000000, 0x00000000a8580000, 0x00000000e0000000)
  object space 136704K, 23% used [0x00000000a0000000,0x00000000a1fb4f58,0x00000000a8580000)
 Metaspace       used 55769K, capacity 57944K, committed 58152K, reserved 1099776K
  class space    used 7295K, capacity 7865K, committed 7984K, reserved 1048576K
}
Event: 37.497 GC heap before
{Heap before GC invocations=12 (full 2):
 PSYoungGen      total 211968K, used 38674K [0x00000000e0000000, 0x00000000eeb00000, 0x0000000100000000)
  eden space 197632K, 12% used [0x00000000e0000000,0x00000000e17c8798,0x00000000ec100000)
  from space 14336K, 99% used [0x00000000ec300000,0x00000000ed0fc100,0x00000000ed100000)
  to   space 21504K, 0% used [0x00000000ed600000,0x00000000ed600000,0x00000000eeb00000)
 ParOldGen       total 136704K, used 32467K [0x00000000a0000000, 0x00000000a8580000, 0x00000000e0000000)
  object space 136704K, 23% used [0x00000000a0000000,0x00000000a1fb4f58,0x00000000a8580000)
 Metaspace       used 56879K, capacity 59008K, committed 59160K, reserved 1099776K
  class space    used 7459K, capacity 8019K, committed 8112K, reserved 1048576K
Event: 37.508 GC heap after
Heap after GC invocations=12 (full 2):
 PSYoungGen      total 219648K, used 7547K [0x00000000e0000000, 0x00000000f2100000, 0x0000000100000000)
  eden space 198144K, 0% used [0x00000000e0000000,0x00000000e0000000,0x00000000ec180000)
  from space 21504K, 35% used [0x00000000ed600000,0x00000000edd5ec78,0x00000000eeb00000)
  to   space 20992K, 0% used [0x00000000ec180000,0x00000000ec180000,0x00000000ed600000)
 ParOldGen       total 136704K, used 41536K [0x00000000a0000000, 0x00000000a8580000, 0x00000000e0000000)
  object space 136704K, 30% used [0x00000000a0000000,0x00000000a28902b8,0x00000000a8580000)
 Metaspace       used 56879K, capacity 59008K, committed 59160K, reserved 1099776K
  class space    used 7459K, capacity 8019K, committed 8112K, reserved 1048576K
}
Event: 37.508 GC heap before
{Heap before GC invocations=13 (full 3):
 PSYoungGen      total 219648K, used 7547K [0x00000000e0000000, 0x00000000f2100000, 0x0000000100000000)
  eden space 198144K, 0% used [0x00000000e0000000,0x00000000e0000000,0x00000000ec180000)
  from space 21504K, 35% used [0x00000000ed600000,0x00000000edd5ec78,0x00000000eeb00000)
  to   space 20992K, 0% used [0x00000000ec180000,0x00000000ec180000,0x00000000ed600000)
 ParOldGen       total 136704K, used 41536K [0x00000000a0000000, 0x00000000a8580000, 0x00000000e0000000)
  object space 136704K, 30% used [0x00000000a0000000,0x00000000a28902b8,0x00000000a8580000)
 Metaspace       used 56879K, capacity 59008K, committed 59160K, reserved 1099776K
  class space    used 7459K, capacity 8019K, committed 8112K, reserved 1048576K
Event: 37.897 GC heap after
Heap after GC invocations=13 (full 3):
 PSYoungGen      total 219648K, used 0K [0x00000000e0000000, 0x00000000f2100000, 0x0000000100000000)
  eden space 198144K, 0% used [0x00000000e0000000,0x00000000e0000000,0x00000000ec180000)
  from space 21504K, 0% used [0x00000000ed600000,0x00000000ed600000,0x00000000eeb00000)
  to   space 20992K, 0% used [0x00000000ec180000,0x00000000ec180000,0x00000000ed600000)
 ParOldGen       total 193024K, used 33084K [0x00000000a0000000, 0x00000000abc80000, 0x00000000e0000000)
  object space 193024K, 17% used [0x00000000a0000000,0x00000000a204f358,0x00000000abc80000)
 Metaspace       used 56766K, capacity 58654K, committed 59160K, reserved 1099776K
  class space    used 7426K, capacity 7918K, committed 8112K, reserved 1048576K
}

Deoptimization events (10 events):
Event: 37.123 Thread 0x000000001bdee800 Uncommon trap: reason=unstable_if action=reinterpret pc=0x00000000042ac4e4 method=sun.net.www.protocol.jar.Handler.parseURL(Ljava/net/URL;Ljava/lang/String;II)V @ 116
Event: 37.133 Thread 0x000000001bdee800 Uncommon trap: reason=unstable_if action=reinterpret pc=0x00000000037bf12c method=java.util.concurrent.ConcurrentHashMap.putVal(Ljava/lang/Object;Ljava/lang/Object;Z)Ljava/lang/Object; @ 195
Event: 37.175 Thread 0x000000001bdee800 Uncommon trap: reason=speculate_class_check action=maybe_recompile pc=0x000000000414f7a8 method=com.google.common.collect.AbstractIndexedListIterator.next()Ljava/lang/Object; @ 27
Event: 37.288 Thread 0x000000001bdee800 Uncommon trap: reason=unstable_if action=reinterpret pc=0x0000000003fcce24 method=org.codehaus.groovy.reflection.CachedMethod.compareToMethod(Ljava/lang/reflect/Method;)I @ 111
Event: 37.295 Thread 0x000000001bdee800 Uncommon trap: reason=unstable_if action=reinterpret pc=0x000000000428a288 method=org.codehaus.groovy.runtime.metaclass.MetaMethodIndex.addMethodToList(Ljava/lang/Object;Lgroovy/lang/MetaMethod;)Ljava/lang/Object; @ 256
Event: 37.321 Thread 0x000000001bdee800 Uncommon trap: reason=class_check action=maybe_recompile pc=0x0000000003d8c1a8 method=java.util.WeakHashMap.eq(Ljava/lang/Object;Ljava/lang/Object;)Z @ 7
Event: 37.897 Thread 0x0000000019230800 Uncommon trap: reason=unstable_if action=reinterpret pc=0x0000000003c480f8 method=java.lang.ref.Reference.tryHandlePending(Z)Z @ 20
Event: 37.918 Thread 0x000000001bdee800 Uncommon trap: reason=null_check action=make_not_entrant pc=0x0000000003c4b364 method=java.lang.ThreadLocal$ThreadLocalMap.getEntryAfterMiss(Ljava/lang/ThreadLocal;ILjava/lang/ThreadLocal$ThreadLocalMap$Entry;)Ljava/lang/ThreadLocal$ThreadLocalMap$Entry; 
Event: 37.919 Thread 0x000000001bdee800 Uncommon trap: reason=null_check action=make_not_entrant pc=0x00000000041cf32c method=java.lang.ThreadLocal$ThreadLocalMap.getEntryAfterMiss(Ljava/lang/ThreadLocal;ILjava/lang/ThreadLocal$ThreadLocalMap$Entry;)Ljava/lang/ThreadLocal$ThreadLocalMap$Entry; 
Event: 37.954 Thread 0x000000001bdee800 Uncommon trap: reason=unstable_if action=reinterpret pc=0x0000000003c04800 method=java.util.regex.Pattern$7.isSatisfiedBy(I)Z @ 8

Classes redefined (0 events):
No events

Internal exceptions (10 events):
Event: 37.397 Thread 0x000000001bdee800 Exception <a 'java/lang/ClassNotFoundException': org/gradle/api/internal/file/CompositeFileTreeBeanInfo> (0x00000000e0c818f0) thrown at [C:\src\AOSP-openjdk-git\hotspot\src\share\vm\classfile\systemDictionary.cpp, line 210]
Event: 37.398 Thread 0x000000001bdee800 Exception <a 'java/lang/ClassNotFoundException': org/gradle/api/internal/file/CompositeFileCollectionBeanInfo> (0x00000000e0cc2688) thrown at [C:\src\AOSP-openjdk-git\hotspot\src\share\vm\classfile\systemDictionary.cpp, line 210]
Event: 37.398 Thread 0x000000001bdee800 Exception <a 'java/lang/ClassNotFoundException': org/gradle/api/internal/file/AbstractFileCollectionBeanInfo> (0x00000000e0d03760) thrown at [C:\src\AOSP-openjdk-git\hotspot\src\share\vm\classfile\systemDictionary.cpp, line 210]
Event: 37.399 Thread 0x000000001bdee800 Exception <a 'java/lang/ClassNotFoundException': org/gradle/api/internal/file/AbstractFileCollectionCustomizer> (0x00000000e0d45588) thrown at [C:\src\AOSP-openjdk-git\hotspot\src\share\vm\classfile\systemDictionary.cpp, line 210]
Event: 37.400 Thread 0x000000001bdee800 Exception <a 'java/lang/ClassNotFoundException': org/gradle/api/internal/file/CompositeFileCollectionCustomizer> (0x00000000e0d98520) thrown at [C:\src\AOSP-openjdk-git\hotspot\src\share\vm\classfile\systemDictionary.cpp, line 210]
Event: 37.401 Thread 0x000000001bdee800 Exception <a 'java/lang/ClassNotFoundException': org/gradle/api/internal/file/CompositeFileTreeCustomizer> (0x00000000e0de58a8) thrown at [C:\src\AOSP-openjdk-git\hotspot\src\share\vm\classfile\systemDictionary.cpp, line 210]
Event: 37.401 Thread 0x000000001bdee800 Exception <a 'java/lang/ClassNotFoundException': org/gradle/api/internal/file/collections/DefaultConfigurableFileTreeCustomizer> (0x00000000e0e3f4d0) thrown at [C:\src\AOSP-openjdk-git\hotspot\src\share\vm\classfile\systemDictionary.cpp, line 210]
Event: 37.477 Thread 0x000000001bdee800 Exception <a 'java/lang/NoSuchMethodError': java.lang.Object.lambda$comparingInt$7b0bb60$1(Ljava/util/function/ToIntFunction;Ljava/lang/Object;Ljava/lang/Object;)I> (0x00000000e1619bd8) thrown at [C:\src\AOSP-openjdk-git\hotspot\src\share\vm\interpreter\l
Event: 37.918 Thread 0x000000001bdee800 Implicit null exception at 0x0000000003c4ae74 to 0x0000000003c4b341
Event: 37.919 Thread 0x000000001bdee800 Implicit null exception at 0x00000000041cf0f3 to 0x00000000041cf2fd

Events (10 events):
Event: 37.996 loading class kotlin/jvm/functions/Function1
Event: 37.996 loading class kotlin/jvm/functions/Function1 done
Event: 37.997 loading class org/gradle/api/file/DirectoryProperty
Event: 37.997 loading class org/gradle/api/file/DirectoryProperty done
Event: 37.997 loading class com/android/build/gradle/tasks/MergeResources
Event: 37.997 loading class com/android/build/gradle/tasks/MergeResources done
Event: 37.997 loading class kotlin/jvm/functions/Function1
Event: 37.997 loading class kotlin/jvm/functions/Function1 done
Event: 37.997 loading class com/android/build/gradle/internal/scope/InternalArtifactType$MERGED_SHADERS
Event: 37.997 loading class com/android/build/gradle/internal/scope/InternalArtifactType$MERGED_SHADERS done


Dynamic libraries:
0x00007ff7157d0000 - 0x00007ff715801000 	D:\doucme\1\appinstall\android-studio-ide-202.6939830-windows\as\jre\bin\java.exe
0x00007ff9e7be0000 - 0x00007ff9e7dc1000 	C:\WINDOWS\SYSTEM32\ntdll.dll
0x00007ff9e5aa0000 - 0x00007ff9e5b51000 	C:\WINDOWS\System32\KERNEL32.DLL
0x00007ff9e47b0000 - 0x00007ff9e4a23000 	C:\WINDOWS\System32\KERNELBASE.dll
0x00007ff9e59f0000 - 0x00007ff9e5a91000 	C:\WINDOWS\System32\ADVAPI32.dll
0x00007ff9e5fd0000 - 0x00007ff9e606e000 	C:\WINDOWS\System32\msvcrt.dll
0x00007ff9e5990000 - 0x00007ff9e59eb000 	C:\WINDOWS\System32\sechost.dll
0x00007ff9e63e0000 - 0x00007ff9e6504000 	C:\WINDOWS\System32\RPCRT4.dll
0x00007ff9e7a10000 - 0x00007ff9e7ba1000 	C:\WINDOWS\System32\USER32.dll
0x00007ff9e4740000 - 0x00007ff9e4760000 	C:\WINDOWS\System32\win32u.dll
0x00007ff9e79d0000 - 0x00007ff9e79f8000 	C:\WINDOWS\System32\GDI32.dll
0x00007ff9e4d20000 - 0x00007ff9e4eb3000 	C:\WINDOWS\System32\gdi32full.dll
0x00007ff9e46a0000 - 0x00007ff9e473f000 	C:\WINDOWS\System32\msvcp_win.dll
0x00007ff9e4c20000 - 0x00007ff9e4d18000 	C:\WINDOWS\System32\ucrtbase.dll
0x00007ff9dad90000 - 0x00007ff9daff9000 	C:\WINDOWS\WinSxS\amd64_microsoft.windows.common-controls_6595b64144ccf1df_6.0.17134.1845_none_d3ffcfc77c905a82\COMCTL32.dll
0x00007ff9e6070000 - 0x00007ff9e6391000 	C:\WINDOWS\System32\combase.dll
0x00007ff9e4f70000 - 0x00007ff9e4fe9000 	C:\WINDOWS\System32\bcryptPrimitives.dll
0x00007ff9e63b0000 - 0x00007ff9e63dd000 	C:\WINDOWS\System32\IMM32.DLL
0x000000005c450000 - 0x000000005c522000 	D:\doucme\1\appinstall\android-studio-ide-202.6939830-windows\as\jre\jre\bin\msvcr100.dll
0x000000005c650000 - 0x000000005ce9b000 	D:\doucme\1\appinstall\android-studio-ide-202.6939830-windows\as\jre\jre\bin\server\jvm.dll
0x00007ff9e7a00000 - 0x00007ff9e7a08000 	C:\WINDOWS\System32\PSAPI.DLL
0x00007ff9d2f10000 - 0x00007ff9d2f19000 	C:\WINDOWS\SYSTEM32\WSOCK32.dll
0x00007ff9dcd90000 - 0x00007ff9dcd9a000 	C:\WINDOWS\SYSTEM32\VERSION.dll
0x00007ff9e1ff0000 - 0x00007ff9e2013000 	C:\WINDOWS\SYSTEM32\WINMM.dll
0x00007ff9e6510000 - 0x00007ff9e657c000 	C:\WINDOWS\System32\WS2_32.dll
0x00007ff9e1ba0000 - 0x00007ff9e1bca000 	C:\WINDOWS\SYSTEM32\winmmbase.dll
0x00007ff9e4760000 - 0x00007ff9e47a9000 	C:\WINDOWS\System32\cfgmgr32.dll
0x00007ff9d2cf0000 - 0x00007ff9d2cff000 	D:\doucme\1\appinstall\android-studio-ide-202.6939830-windows\as\jre\jre\bin\verify.dll
0x00007ff9c5720000 - 0x00007ff9c5749000 	D:\doucme\1\appinstall\android-studio-ide-202.6939830-windows\as\jre\jre\bin\java.dll
0x00007ff9c9610000 - 0x00007ff9c9626000 	D:\doucme\1\appinstall\android-studio-ide-202.6939830-windows\as\jre\jre\bin\zip.dll
0x00007ff9e6580000 - 0x00007ff9e79c5000 	C:\WINDOWS\System32\SHELL32.dll
0x00007ff9e5f00000 - 0x00007ff9e5fa9000 	C:\WINDOWS\System32\shcore.dll
0x00007ff9e3f80000 - 0x00007ff9e4695000 	C:\WINDOWS\System32\windows.storage.dll
0x00007ff9e5050000 - 0x00007ff9e50a1000 	C:\WINDOWS\System32\shlwapi.dll
0x00007ff9e3ef0000 - 0x00007ff9e3f01000 	C:\WINDOWS\System32\kernel.appcore.dll
0x00007ff9e3f60000 - 0x00007ff9e3f7f000 	C:\WINDOWS\System32\profapi.dll
0x00007ff9e3f10000 - 0x00007ff9e3f5c000 	C:\WINDOWS\System32\powrprof.dll
0x00007ff9e3ec0000 - 0x00007ff9e3eca000 	C:\WINDOWS\System32\FLTLIB.DLL
0x00007ff9c8910000 - 0x00007ff9c892a000 	D:\doucme\1\appinstall\android-studio-ide-202.6939830-windows\as\jre\jre\bin\net.dll
0x00007ff9e3740000 - 0x00007ff9e37a6000 	C:\WINDOWS\system32\mswsock.dll
0x00007ff9c3c60000 - 0x00007ff9c3c73000 	D:\doucme\1\appinstall\android-studio-ide-202.6939830-windows\as\jre\jre\bin\nio.dll
0x00007ff9cced0000 - 0x00007ff9ccef6000 	D:\gradle\native\31\windows-amd64\native-platform.dll
0x00007ff9d2930000 - 0x00007ff9d293d000 	D:\doucme\1\appinstall\android-studio-ide-202.6939830-windows\as\jre\jre\bin\management.dll
0x00007ff9e38f0000 - 0x00007ff9e3907000 	C:\WINDOWS\SYSTEM32\CRYPTSP.dll
0x00007ff9e32f0000 - 0x00007ff9e3323000 	C:\WINDOWS\system32\rsaenh.dll
0x00007ff9e3a20000 - 0x00007ff9e3a45000 	C:\WINDOWS\SYSTEM32\bcrypt.dll
0x00007ff9e3dc0000 - 0x00007ff9e3de8000 	C:\WINDOWS\SYSTEM32\USERENV.dll
0x00007ff9e3910000 - 0x00007ff9e391b000 	C:\WINDOWS\SYSTEM32\CRYPTBASE.dll
0x00007ff9e3490000 - 0x00007ff9e34c8000 	C:\WINDOWS\SYSTEM32\IPHLPAPI.DLL
0x00007ff9e5d30000 - 0x00007ff9e5d38000 	C:\WINDOWS\System32\NSI.dll
0x00007ff9dd280000 - 0x00007ff9dd296000 	C:\WINDOWS\SYSTEM32\dhcpcsvc6.DLL
0x00007ff9dd3d0000 - 0x00007ff9dd3ea000 	C:\WINDOWS\SYSTEM32\dhcpcsvc.DLL

VM Arguments:
jvm_args: -Xmx1536m -Dfile.encoding=GBK -Duser.country=CN -Duser.language=zh -Duser.variant 
java_command: org.gradle.launcher.daemon.bootstrap.GradleDaemon 6.1.1
java_class_path (initial): D:\gradle\wrapper\dists\gradle-6.1.1-all\cfmwm155h49vnt3hynmlrsdst\gradle-6.1.1\lib\gradle-launcher-6.1.1.jar
Launcher Type: SUN_STANDARD

Environment Variables:
JAVA_HOME=C:\Program Files (x86)\Java\jdk1.8.0_261
JRE_HOME=C:\Program Files (x86)\Java\jre1.8.0_261
CLASSPATH=C:\Program Files (x86)\Apache Software Foundation\Tomcat 9.0\lib\servlet-api.jar
PATH=C:\Program Files (x86)\Common Files\Oracle\Java\javapath;C:\WINDOWS\system32;C:\WINDOWS;C:\WINDOWS\System32\Wbem;C:\WINDOWS\System32\WindowsPowerShell\v1.0\;C:\WINDOWS\System32\OpenSSH\;C:\Program Files\nodejs\;C:\Program Files (x86)\Java\jdk1.8.0_261\bin;C:\Program Files (x86)\Java\jdk1.8.0_261\jre\bin;C:\Program Files (x86)\Apache Software Foundation\Tomcat 9.0\bin;C:\Program Files (x86)\Apache Software Foundation\Tomcat 9.0\lib;"C:\Program Files (x86)\Java\jdk1.8.0_261\bin;";C:\Users\ziyu\AppData\Local\Android\Sdk\tools;C:\Users\ziyu\AppData\Local\Android\Sdk\platform-tools;C:\Program Files\Git\cmd;D:\doucme\1\appinstall\groovy-2.4.9\bin;C:\Users\ziyu\AppData\Local\Programs\Python\Python39\Scripts\;C:\Users\ziyu\AppData\Local\Programs\Python\Python39\;C:\Users\ziyu\AppData\Local\Microsoft\WindowsApps;;C:\Program Files\JetBrains\IntelliJ IDEA Community Edition 2020.1.3\bin;;C:\Users\ziyu\AppData\Roaming\npm;C:\Program Files\JetBrains\IntelliJ IDEA 2020.1\bin;;D:\doucme\Microsoft VS Code\bin
USERNAME=ziyu
OS=Windows_NT
PROCESSOR_IDENTIFIER=Intel64 Family 6 Model 142 Stepping 10, GenuineIntel



---------------  S Y S T E M  ---------------

OS: Windows 10.0 , 64 bit Build 17134 (10.0.17134.1425)

CPU:total 8 (initial active 8) (4 cores per cpu, 2 threads per core) family 6 model 142 stepping 10, cmov, cx8, fxsr, mmx, sse, sse2, sse3, ssse3, sse4.1, sse4.2, popcnt, avx, avx2, aes, clmul, erms, 3dnowpref, lzcnt, ht, tsc, tscinvbit, bmi1, bmi2, adx

Memory: 4k page, physical 16658532k(1186720k free), swap 24401924k(5148k free)

vm_info: OpenJDK 64-Bit Server VM (25.242-b01) for windows-amd64 JRE (1.8.0_242-release-1644-b01), built by "builder" with MS VC++ 10.0 (VS2010)

time: Tue Dec 15 16:37:14 2020
timezone: 中国标准时间
elapsed time: 38 seconds (0d 0h 0m 38s)

