JvmtiExport can_access_local_variables 0
JvmtiExport can_hotswap_or_post_breakpoint 0
JvmtiExport can_post_on_exceptions 0
# 363 ciObject found
ciMethod java/lang/Object <init> ()V 4097 1 2047498 0 0
ciMethod java/lang/Object getClass ()Ljava/lang/Class; 2049 1 256 0 -1
ciMethod java/lang/String length ()I 4097 1 757580 0 64
ciMethod java/lang/String charAt (I)C 4097 1 3170944 0 128
ciMethod java/lang/String getChars (II[CI)V 3105 1 5546 0 320
ciMethod java/lang/Class isAssignableFrom (Ljava/lang/Class;)Z 4097 1 512 0 -1
ciMethod java/lang/Class isArray ()Z 3073 1 384 0 -1
ciMethod java/lang/Class isPrimitive ()Z 2049 1 256 0 -1
ciMethod java/lang/Class getClassLoader ()Ljava/lang/ClassLoader; 3113 1 30797 0 -1
ciMethod java/lang/Class getComponentType ()Ljava/lang/Class; 3081 1 385 0 -1
ciMethod java/lang/System getSecurityManager ()Ljava/lang/SecurityManager; 2049 1 109870 0 -1
ciMethod java/lang/System arraycopy (Ljava/lang/Object;ILjava/lang/Object;II)V 7169 1 896 0 -1
ciMethod java/lang/System identityHashCode (Ljava/lang/Object;)I 2049 1 256 0 -1
ciMethod java/lang/ref/Reference get ()Ljava/lang/Object; 2097 1 262 0 -1
ciMethod java/lang/ref/SoftReference <init> (Ljava/lang/Object;)V 2081 1 7318 0 -1
ciMethod java/lang/Thread currentThread ()Ljava/lang/Thread; 2049 1 256 0 -1
ciMethod java/lang/reflect/Method invoke (Ljava/lang/Object;[Ljava/lang/Object;)Ljava/lang/Object; 2049 1 6472 0 -1
ciMethod java/lang/Long longValue ()J 1217 1 7220 0 -1
ciMethod java/io/ObjectStreamField getName ()Ljava/lang/String; 18041 1 2255 0 0
ciMethod java/io/ObjectStreamField getTypeCode ()C 2049 1 6578 0 0
ciMethod java/io/ObjectStreamField getTypeString ()Ljava/lang/String; 4097 1 3615 0 0
ciMethod java/io/ObjectStreamField isPrimitive ()Z 2889 1 10067 0 0
ciMethod java/security/AccessController doPrivileged (Ljava/security/PrivilegedAction;)Ljava/lang/Object; 2049 1 256 0 -1
ciMethod sun/reflect/Reflection getCallerClass ()Ljava/lang/Class; 3073 1 384 0 -1
ciMethod java/lang/Math min (II)I 2961 1 177233 0 -1
ciMethod java/util/Arrays fill ([II)V 921 40993 6453 0 128
ciMethod java/util/Arrays copyOf ([BI)[B 3081 1 25986 0 480
ciMethodData java/lang/String charAt (I)C 2 3170944 orig 264 88 29 124 84 0 0 0 0 176 61 198 21 0 0 0 0 120 1 0 0 32 0 0 0 0 0 0 0 0 0 0 0 0 0 0 0 0 0 0 0 0 0 0 0 0 0 0 0 0 0 0 0 0 0 0 0 0 0 0 0 0 0 0 0 0 0 0 0 0 0 0 0 0 0 0 0 0 0 0 0 77 68 79 32 101 120 116 114 97 32 100 97 116 97 32 108 111 99 107 0 0 0 0 0 0 0 0 0 0 0 0 0 0 0 0 0 0 0 0 0 0 0 0 0 0 0 0 0 0 0 0 0 0 0 0 0 0 0 0 0 0 0 0 0 0 0 0 0 0 0 0 0 0 0 0 0 0 0 0 0 0 0 0 1 0 0 0 0 0 0 0 0 0 0 0 0 0 0 0 0 0 0 0 0 25 0 0 0 0 0 0 0 0 0 0 0 0 0 0 0 1 0 0 0 0 0 0 0 0 0 0 0 0 0 0 0 0 2 0 0 1 4 131 1 1 0 0 0 0 0 0 0 0 0 0 0 2 0 0 0 0 0 0 0 0 0 0 0 80 0 0 0 255 255 255 255 7 0 1 0 0 0 0 0 data 10 0x10007 0x0 0x40 0x3060dd 0xa0007 0x305f96 0x30 0x0 0x120002 0x0 oops 0
ciMethodData java/lang/String length ()I 2 757580 orig 264 88 29 124 84 0 0 0 0 96 60 198 21 0 0 0 0 32 1 0 0 0 0 0 0 0 0 0 0 0 0 0 0 0 0 0 0 0 0 0 0 0 0 0 0 0 0 0 0 0 0 0 0 0 0 0 0 0 0 0 0 0 0 0 0 0 0 0 0 0 0 0 0 0 0 0 0 0 0 0 0 77 68 79 32 101 120 116 114 97 32 100 97 116 97 32 108 111 99 107 0 0 0 0 0 0 0 0 0 0 0 0 0 0 0 0 0 0 0 0 0 0 0 0 0 0 0 0 0 0 0 0 0 0 0 0 0 0 0 0 0 0 0 0 0 0 0 0 0 0 0 0 0 0 0 0 0 0 0 0 0 0 0 0 0 0 0 0 0 0 0 0 0 0 0 0 0 0 0 0 0 0 0 0 0 1 0 0 0 0 0 0 0 0 0 0 0 0 0 0 0 1 0 0 0 0 0 0 0 0 0 0 0 0 0 0 0 0 2 0 0 97 106 92 0 1 0 0 0 0 0 0 0 0 0 0 0 2 0 0 0 0 0 0 0 0 0 0 0 0 0 0 0 255 255 255 255 0 0 0 0 0 0 0 0 data 0 oops 0
ciMethodData java/lang/Object <init> ()V 2 2047603 orig 264 88 29 124 84 0 0 0 0 128 4 198 21 0 0 0 0 32 1 0 0 0 0 0 0 0 0 0 0 0 0 0 0 0 0 0 0 0 0 0 0 0 0 0 0 0 0 0 0 0 0 0 0 0 0 0 0 0 0 0 0 0 0 0 0 0 0 0 0 0 0 0 0 0 0 0 0 0 0 0 0 77 68 79 32 101 120 116 114 97 32 100 97 116 97 32 108 111 99 107 0 0 0 0 0 0 0 0 0 0 0 0 0 0 0 0 0 0 0 0 0 0 0 0 0 0 0 0 0 0 0 0 0 0 0 0 0 0 0 0 0 0 0 0 0 0 0 0 0 0 0 0 0 0 0 0 0 0 0 0 0 0 0 0 0 0 0 0 0 0 0 0 0 0 0 0 0 0 0 0 0 0 0 0 0 1 0 0 0 0 0 0 0 1 0 0 0 0 0 0 0 1 0 0 0 0 0 0 0 0 0 0 0 0 0 0 0 0 2 0 0 145 227 249 0 1 0 0 0 0 0 0 0 0 0 0 0 2 0 0 0 0 0 3 0 1 0 0 0 0 0 0 0 255 255 255 255 0 0 0 0 0 0 0 0 data 0 oops 0
ciMethod java/io/OutputStream write ([BII)V 49 865 6 0 -1
ciMethod sun/reflect/misc/ReflectUtil checkPackageAccess (Ljava/lang/Class;)V 4097 1 18447 0 -1
ciMethod sun/reflect/misc/ReflectUtil needsPackageAccessCheck (Ljava/lang/ClassLoader;Ljava/lang/ClassLoader;)Z 0 0 1 0 -1
ciMethod java/lang/Enum name ()Ljava/lang/String; 1537 1 192 0 0
ciMethod java/util/concurrent/ConcurrentMap putIfAbsent (Ljava/lang/Object;Ljava/lang/Object;)Ljava/lang/Object; 0 0 1 0 -1
ciMethod java/util/concurrent/ConcurrentMap remove (Ljava/lang/Object;Ljava/lang/Object;)Z 0 0 1 0 -1
ciMethod java/util/concurrent/ConcurrentMap get (Ljava/lang/Object;)Ljava/lang/Object; 0 0 1 0 -1
ciMethod java/util/concurrent/ConcurrentMap put (Ljava/lang/Object;Ljava/lang/Object;)Ljava/lang/Object; 0 0 1 0 -1
ciMethod java/io/ByteArrayOutputStream ensureCapacity (I)V 4097 1 14443 0 96
ciMethod java/io/ByteArrayOutputStream grow (I)V 81 1 1060 0 0
ciMethod java/io/ByteArrayOutputStream hugeCapacity (I)I 0 0 1 0 -1
ciMethod java/io/ByteArrayOutputStream write ([BII)V 4097 1 8757 0 1824
ciMethodData java/lang/String getChars (II[CI)V 2 5546 orig 264 88 29 124 84 0 0 0 0 8 66 198 21 0 0 0 0 8 2 0 0 128 0 0 0 0 0 0 0 0 0 0 0 0 0 0 0 0 0 0 0 0 0 0 0 0 0 0 0 0 0 0 0 0 0 0 0 0 0 0 0 0 0 0 0 0 0 0 0 0 0 0 0 0 0 0 0 0 0 0 0 77 68 79 32 101 120 116 114 97 32 100 97 116 97 32 108 111 99 107 0 0 0 0 0 0 0 0 0 0 0 0 0 0 0 0 0 0 0 0 0 0 0 0 0 0 0 0 0 0 0 0 0 0 0 0 0 0 0 0 0 0 0 0 0 0 0 0 0 0 0 0 0 0 0 0 0 0 0 0 0 0 0 0 0 0 0 0 0 0 0 0 0 0 0 0 0 0 0 0 0 0 0 0 0 25 0 0 0 0 0 0 0 0 0 0 0 0 0 0 0 1 0 0 0 0 0 0 0 0 0 0 0 0 0 0 0 132 1 0 0 49 161 0 0 1 0 0 0 0 0 0 0 0 0 0 0 2 0 0 0 0 0 9 0 2 0 0 0 160 0 0 0 255 255 255 255 7 0 1 0 0 0 0 0 data 20 0x10007 0x1426 0x30 0x0 0x90002 0x0 0x130007 0x1426 0x30 0x0 0x1b0002 0x0 0x210007 0x1426 0x30 0x0 0x2b0002 0x0 0x3a0002 0x1426 oops 0
ciMethodData java/util/Arrays copyOf ([BI)[B 2 25987 orig 264 88 29 124 84 0 0 0 0 128 181 215 21 0 0 0 0 112 1 0 0 0 0 0 0 0 0 0 0 0 0 0 0 0 0 0 0 0 0 0 0 0 0 0 0 0 0 0 0 0 0 0 0 0 0 0 0 0 0 0 0 0 0 0 0 0 0 0 0 0 0 0 0 0 0 0 0 0 0 0 0 77 68 79 32 101 120 116 114 97 32 100 97 116 97 32 108 111 99 107 0 0 0 0 0 0 0 0 0 0 0 0 0 0 0 0 0 0 0 0 0 0 0 0 0 0 0 0 0 0 0 0 0 0 0 0 0 0 0 0 0 0 0 0 0 0 0 0 0 0 0 0 0 0 0 0 0 0 0 0 0 0 0 0 0 0 0 0 0 0 0 0 0 0 0 0 0 0 0 0 0 0 0 0 0 29 0 0 0 0 0 0 0 0 0 0 0 0 0 0 0 0 0 0 0 0 0 0 0 0 0 0 0 0 0 0 0 129 1 0 0 17 32 3 0 1 0 0 0 0 0 0 0 0 0 0 0 2 0 0 0 0 0 7 0 2 0 0 0 32 0 0 0 255 255 255 255 2 0 11 0 0 0 0 0 data 4 0xb0002 0x6401 0xe0002 0x6401 oops 0
ciMethod java/lang/UnsupportedOperationException <init> ()V 0 0 1 0 -1
ciMethod java/io/DataOutputStream writeShort (I)V 4097 1 21780 0 -1
ciMethod java/io/DataOutputStream writeInt (I)V 3193 1 5355 0 -1
ciMethod java/io/DataOutputStream writeLong (J)V 433 1 2265 0 -1
ciMethodData java/io/ByteArrayOutputStream ensureCapacity (I)V 2 14443 orig 264 88 29 124 84 0 0 0 0 168 182 234 21 0 0 0 0 88 1 0 0 0 0 0 0 0 0 0 0 0 0 0 0 0 0 0 0 0 0 0 0 0 0 0 0 0 0 0 0 0 0 0 0 0 0 0 0 0 0 0 0 0 0 0 0 0 0 0 0 0 0 0 0 0 0 0 0 0 0 0 0 77 68 79 32 101 120 116 114 97 32 100 97 116 97 32 108 111 99 107 0 0 0 0 0 0 0 0 0 0 0 0 0 0 0 0 0 0 0 0 0 0 0 0 0 0 0 0 0 0 0 0 0 0 0 0 0 0 0 0 0 0 0 0 0 0 0 0 0 0 0 0 0 0 0 0 0 0 0 0 0 0 0 0 0 0 0 0 0 0 0 0 0 0 0 0 0 0 0 0 0 0 0 0 0 0 0 0 0 0 0 0 0 0 0 0 0 0 0 0 0 0 0 0 0 0 0 0 0 0 0 0 0 0 0 0 0 0 2 0 0 89 179 1 0 1 0 0 0 0 0 0 0 0 0 0 0 2 0 0 0 0 0 6 0 2 0 0 0 48 0 0 0 255 255 255 255 7 0 7 0 0 0 0 0 data 6 0x70007 0x335e 0x30 0x30d 0xc0002 0x30d oops 0
ciMethodData java/io/ByteArrayOutputStream grow (I)V 2 1060 orig 264 88 29 124 84 0 0 0 0 104 183 234 21 0 0 0 0 176 1 0 0 64 0 0 0 0 0 0 0 0 0 0 0 0 0 0 0 0 0 0 0 0 0 0 0 0 0 0 0 0 0 0 0 0 0 0 0 0 0 0 0 0 0 0 0 0 0 0 0 0 0 0 0 0 0 0 0 0 0 0 0 77 68 79 32 101 120 116 114 97 32 100 97 116 97 32 108 111 99 107 0 0 0 0 0 0 0 0 0 0 0 0 0 0 0 0 0 0 0 0 0 0 0 0 0 0 0 0 0 0 0 0 0 0 0 0 0 0 0 0 0 0 0 0 0 0 0 0 0 0 0 0 0 0 0 0 0 0 0 0 0 0 0 0 0 0 0 0 0 0 0 0 0 0 0 0 0 0 0 0 0 0 0 0 0 0 0 0 0 0 0 0 0 0 0 0 0 0 0 0 0 0 0 0 0 0 0 0 0 0 0 0 0 0 0 0 0 10 0 0 0 209 32 0 0 1 0 0 0 0 0 0 0 0 0 0 0 2 0 0 0 0 0 20 0 2 0 0 0 96 0 0 0 255 255 255 255 7 0 13 0 0 0 0 0 data 12 0xd0007 0x3d2 0x20 0x48 0x160007 0x41a 0x30 0x0 0x1a0002 0x0 0x240002 0x41a oops 0
ciMethod java/lang/reflect/InvocationTargetException getTargetException ()Ljava/lang/Throwable; 0 0 1 0 -1
ciMethod java/lang/InternalError <init> (Ljava/lang/Throwable;)V 0 0 1 0 -1
ciMethod org/gradle/internal/serialize/Encoder writeBytes ([BII)V 0 0 1 0 -1
ciMethod org/gradle/internal/serialize/AbstractEncoder$EncoderStream write ([BII)V 3185 1 1581 0 0
ciMethod org/gradle/internal/serialize/kryo/KryoBackedEncoder writeBytes ([BII)V 3073 1 1739 0 0
ciMethod com/esotericsoftware/kryo/io/Output require (I)Z 3097 1 8594 0 -1
ciMethod com/esotericsoftware/kryo/io/Output writeBytes ([BII)V 3073 1 1739 0 0
ciMethod java/io/Bits putShort ([BIS)V 2209 1 17708 0 0
ciMethod java/io/Bits putInt ([BII)V 2985 1 28883 0 0
ciMethod java/io/Bits putLong ([BIJ)V 3097 1 3267 0 0
ciMethod java/io/ObjectStreamClass getSerialVersionUID ()J 2385 1 5573 0 0
ciMethod java/io/ObjectStreamClass forClass ()Ljava/lang/Class; 3329 1 35221 0 128
ciMethod java/io/ObjectStreamClass lookup (Ljava/lang/Class;Z)Ljava/io/ObjectStreamClass; 2673 1 23421 0 -1
ciMethod java/io/ObjectStreamClass <init> (Ljava/lang/Class;)V 417 745 91 0 -1
ciMethod java/io/ObjectStreamClass writeNonProxy (Ljava/io/ObjectOutputStream;)V 2497 4425 3115 0 0
ciMethod java/io/ObjectStreamClass requireInitialized ()V 2233 1 135190 0 64
ciMethod java/io/ObjectStreamClass checkSerialize ()V 2089 1 13176 0 0
ciMethod java/io/ObjectStreamClass getSuperDesc ()Ljava/io/ObjectStreamClass; 5137 1 3620 0 0
ciMethod java/io/ObjectStreamClass isProxy ()Z 1705 1 3110 0 0
ciMethod java/io/ObjectStreamClass isExternalizable ()Z 2409 1 14392 0 0
ciMethod java/io/ObjectStreamClass hasWriteObjectMethod ()Z 3097 1 19135 0 -1
ciMethod java/io/ObjectStreamClass hasWriteReplaceMethod ()Z 1857 1 12208 0 0
ciMethod java/io/ObjectStreamClass invokeWriteObject (Ljava/lang/Object;Ljava/io/ObjectOutputStream;)V 7921 1 1534 0 -1
ciMethod java/io/ObjectStreamClass invokeWriteReplace (Ljava/lang/Object;)Ljava/lang/Object; 177 1 35 0 0
ciMethod java/io/ObjectStreamClass getClassDataLayout ()[Ljava/io/ObjectStreamClass$ClassDataSlot; 3105 1 48282 0 -1
ciMethod java/io/ObjectStreamClass throwMiscException (Ljava/lang/Throwable;)V 0 0 1 0 -1
ciMethod java/io/ObjectStreamClass processQueue (Ljava/lang/ref/ReferenceQueue;Ljava/util/concurrent/ConcurrentMap;)V 2049 1 27456 0 -1
ciMethod java/io/ObjectStreamClass$Caches access$200 ()Ljava/lang/ref/ReferenceQueue; 3249 1 52743 0 -1
ciMethod java/io/ObjectStreamClass$WeakClassKey <init> (Ljava/lang/Class;Ljava/lang/ref/ReferenceQueue;)V 2065 1 26399 0 -1
ciMethod java/io/ObjectStreamClass$EntryFuture set (Ljava/lang/Object;)Z 673 1 139 0 -1
ciMethod java/io/ObjectStreamClass$EntryFuture get ()Ljava/lang/Object; 0 0 1 0 -1
ciMethod java/io/ObjectStreamClass$EntryFuture getOwner ()Ljava/lang/Thread; 0 0 1 0 -1
ciMethod java/io/ObjectStreamClass$EntryFuture <init> (Ljava/io/ObjectStreamClass$1;)V 673 1 139 0 -1
ciMethod java/io/Externalizable writeExternal (Ljava/io/ObjectOutput;)V 0 0 1 0 -1
ciMethod java/io/ObjectOutputStream annotateClass (Ljava/lang/Class;)V 2497 1 3115 0 0
ciMethod java/io/ObjectOutputStream replaceObject (Ljava/lang/Object;)Ljava/lang/Object; 0 0 1 0 -1
ciMethod java/io/ObjectOutputStream writeClassDescriptor (Ljava/io/ObjectStreamClass;)V 3105 1 3115 0 0
ciMethod java/io/ObjectOutputStream writeByte (I)V 2089 1 7682 0 0
ciMethod java/io/ObjectOutputStream writeShort (I)V 3121 1 3115 0 0
ciMethod java/io/ObjectOutputStream writeLong (J)V 2065 1 3144 0 0
ciMethod java/io/ObjectOutputStream writeUTF (Ljava/lang/String;)V 2281 1 7653 0 0
ciMethod java/io/ObjectOutputStream getProtocolVersion ()I 33 1 4 0 -1
ciMethod java/io/ObjectOutputStream writeTypeString (Ljava/lang/String;)V 4097 1 3615 0 0
ciMethod java/io/ObjectOutputStream writeObject0 (Ljava/lang/Object;Z)V 2097 177 21475 0 -1
ciMethod java/io/ObjectOutputStream writeNull ()V 761 1 7866 0 0
ciMethod java/io/ObjectOutputStream writeHandle (I)V 1249 1 11650 0 0
ciMethod java/io/ObjectOutputStream writeClass (Ljava/lang/Class;Z)V 0 0 183 0 0
ciMethod java/io/ObjectOutputStream writeClassDesc (Ljava/io/ObjectStreamClass;Z)V 1929 1 11919 0 0
ciMethod java/io/ObjectOutputStream isCustomSubclass ()Z 2497 1 3115 0 0
ciMethod java/io/ObjectOutputStream writeProxyDesc (Ljava/io/ObjectStreamClass;Z)V 0 0 1 0 -1
ciMethod java/io/ObjectOutputStream writeNonProxyDesc (Ljava/io/ObjectStreamClass;Z)V 1473 1 3081 0 0
ciMethod java/io/ObjectOutputStream writeString (Ljava/lang/String;Z)V 1217 1 6479 0 0
ciMethod java/io/ObjectOutputStream writeArray (Ljava/lang/Object;Ljava/io/ObjectStreamClass;Z)V 17 17 98 0 0
ciMethod java/io/ObjectOutputStream writeEnum (Ljava/lang/Enum;Ljava/io/ObjectStreamClass;Z)V 1713 1 729 0 0
ciMethod java/io/ObjectOutputStream writeOrdinaryObject (Ljava/lang/Object;Ljava/io/ObjectStreamClass;Z)V 1017 1 7834 0 0
ciMethod java/io/ObjectOutputStream writeExternalData (Ljava/io/Externalizable;)V 233 1 29 0 0
ciMethod java/io/ObjectOutputStream writeSerialData (Ljava/lang/Object;Ljava/io/ObjectStreamClass;)V 1857 2497 13160 0 0
ciMethod java/io/ObjectOutputStream defaultWriteFields (Ljava/lang/Object;Ljava/io/ObjectStreamClass;)V 3241 5105 19135 0 -1
ciMethod java/io/ObjectStreamClass$2 <init> (Ljava/io/ObjectStreamClass;)V 225 1 55 0 0
ciMethod java/io/ObjectStreamClass$ExceptionInfo newInvalidClassException ()Ljava/io/InvalidClassException; 0 0 1 0 -1
ciMethodData java/io/ObjectStreamField isPrimitive ()Z 2 10067 orig 264 88 29 124 84 0 0 0 0 160 37 209 21 0 0 0 0 208 1 0 0 0 0 0 0 0 0 0 0 0 0 0 0 0 0 0 0 0 0 0 0 0 0 0 0 0 0 0 0 0 0 0 0 0 0 0 0 0 0 0 0 0 0 0 0 0 0 0 0 0 0 0 0 0 0 0 0 0 0 0 0 77 68 79 32 101 120 116 114 97 32 100 97 116 97 32 108 111 99 107 0 0 0 0 0 0 0 0 0 0 0 0 0 0 0 0 0 0 0 0 0 0 0 0 0 0 0 0 0 0 0 0 0 0 0 0 0 0 0 0 0 0 0 0 0 0 0 0 0 0 0 0 0 0 0 0 0 0 0 0 0 0 0 0 0 0 0 0 0 0 0 0 0 0 0 0 0 0 0 0 0 0 0 0 0 0 0 0 0 0 0 0 0 0 0 0 0 0 0 0 0 0 0 0 0 0 0 0 0 0 0 0 0 0 0 0 0 105 1 0 0 81 47 1 0 1 0 0 0 0 0 0 0 0 0 0 0 2 0 0 0 0 0 13 0 2 0 0 0 136 0 0 0 255 255 255 255 5 0 5 0 0 0 0 0 data 17 0x50005 0x0 0x184aa760 0x25ee 0x0 0x0 0xc0007 0x20f8 0x58 0x4f5 0x120007 0xe6 0x38 0x40f 0x160003 0x40f 0x18 oops 1